running egg_info
creating ../../build/snapping_turtle_2/snapping_turtle.egg-info
writing ../../build/snapping_turtle_2/snapping_turtle.egg-info/PKG-INFO
writing dependency_links to ../../build/snapping_turtle_2/snapping_turtle.egg-info/dependency_links.txt
writing entry points to ../../build/snapping_turtle_2/snapping_turtle.egg-info/entry_points.txt
writing requirements to ../../build/snapping_turtle_2/snapping_turtle.egg-info/requires.txt
writing top-level names to ../../build/snapping_turtle_2/snapping_turtle.egg-info/top_level.txt
writing manifest file '../../build/snapping_turtle_2/snapping_turtle.egg-info/SOURCES.txt'
reading manifest file '../../build/snapping_turtle_2/snapping_turtle.egg-info/SOURCES.txt'
writing manifest file '../../build/snapping_turtle_2/snapping_turtle.egg-info/SOURCES.txt'
running build
running build_py
creating /home/patrick/ros2_ws/build/snapping_turtle_2/build
creating /home/patrick/ros2_ws/build/snapping_turtle_2/build/lib
creating /home/patrick/ros2_ws/build/snapping_turtle_2/build/lib/snapping_turtle_2
copying snapping_turtle_2/__init__.py -> /home/patrick/ros2_ws/build/snapping_turtle_2/build/lib/snapping_turtle_2
copying snapping_turtle_2/snap_snap.py -> /home/patrick/ros2_ws/build/snapping_turtle_2/build/lib/snapping_turtle_2
running install
running install_lib
creating /home/patrick/ros2_ws/install/snapping_turtle_2/lib/python3.8/site-packages/snapping_turtle_2
copying /home/patrick/ros2_ws/build/snapping_turtle_2/build/lib/snapping_turtle_2/__init__.py -> /home/patrick/ros2_ws/install/snapping_turtle_2/lib/python3.8/site-packages/snapping_turtle_2
copying /home/patrick/ros2_ws/build/snapping_turtle_2/build/lib/snapping_turtle_2/snap_snap.py -> /home/patrick/ros2_ws/install/snapping_turtle_2/lib/python3.8/site-packages/snapping_turtle_2
byte-compiling /home/patrick/ros2_ws/install/snapping_turtle_2/lib/python3.8/site-packages/snapping_turtle_2/__init__.py to __init__.cpython-38.pyc
byte-compiling /home/patrick/ros2_ws/install/snapping_turtle_2/lib/python3.8/site-packages/snapping_turtle_2/snap_snap.py to snap_snap.cpython-38.pyc
running install_data
