[0.944s] Invoking command in '/home/patrick/ros2_ws/src/snapping_turtle_2': PYTHONPATH=/home/patrick/ros2_ws/install/snapping_turtle_2/lib/python3.8/site-packages:${PYTHONPATH} /usr/bin/python3 setup.py egg_info --egg-base ../../build/snapping_turtle_2 build --build-base /home/patrick/ros2_ws/build/snapping_turtle_2/build install --prefix /home/patrick/ros2_ws/install/snapping_turtle_2 --record /home/patrick/ros2_ws/build/snapping_turtle_2/install.log --single-version-externally-managed
[1.135s] running egg_info
[1.136s] creating ../../build/snapping_turtle_2/snapping_turtle.egg-info
[1.136s] writing ../../build/snapping_turtle_2/snapping_turtle.egg-info/PKG-INFO
[1.137s] writing dependency_links to ../../build/snapping_turtle_2/snapping_turtle.egg-info/dependency_links.txt
[1.137s] writing entry points to ../../build/snapping_turtle_2/snapping_turtle.egg-info/entry_points.txt
[1.137s] writing requirements to ../../build/snapping_turtle_2/snapping_turtle.egg-info/requires.txt
[1.137s] writing top-level names to ../../build/snapping_turtle_2/snapping_turtle.egg-info/top_level.txt
[1.138s] writing manifest file '../../build/snapping_turtle_2/snapping_turtle.egg-info/SOURCES.txt'
[1.167s] reading manifest file '../../build/snapping_turtle_2/snapping_turtle.egg-info/SOURCES.txt'
[1.168s] writing manifest file '../../build/snapping_turtle_2/snapping_turtle.egg-info/SOURCES.txt'
[1.168s] running build
[1.169s] running build_py
[1.169s] creating /home/patrick/ros2_ws/build/snapping_turtle_2/build
[1.169s] creating /home/patrick/ros2_ws/build/snapping_turtle_2/build/lib
[1.169s] creating /home/patrick/ros2_ws/build/snapping_turtle_2/build/lib/snapping_turtle_2
[1.169s] copying snapping_turtle_2/__init__.py -> /home/patrick/ros2_ws/build/snapping_turtle_2/build/lib/snapping_turtle_2
[1.169s] copying snapping_turtle_2/snap_snap.py -> /home/patrick/ros2_ws/build/snapping_turtle_2/build/lib/snapping_turtle_2
[1.170s] running install
[1.170s] running install_lib
[1.170s] creating /home/patrick/ros2_ws/install/snapping_turtle_2/lib/python3.8/site-packages/snapping_turtle_2
[1.171s] copying /home/patrick/ros2_ws/build/snapping_turtle_2/build/lib/snapping_turtle_2/__init__.py -> /home/patrick/ros2_ws/install/snapping_turtle_2/lib/python3.8/site-packages/snapping_turtle_2
[1.171s] copying /home/patrick/ros2_ws/build/snapping_turtle_2/build/lib/snapping_turtle_2/snap_snap.py -> /home/patrick/ros2_ws/install/snapping_turtle_2/lib/python3.8/site-packages/snapping_turtle_2
[1.171s] byte-compiling /home/patrick/ros2_ws/install/snapping_turtle_2/lib/python3.8/site-packages/snapping_turtle_2/__init__.py to __init__.cpython-38.pyc
[1.173s] byte-compiling /home/patrick/ros2_ws/install/snapping_turtle_2/lib/python3.8/site-packages/snapping_turtle_2/snap_snap.py to snap_snap.cpython-38.pyc
[1.173s] running install_data
[1.173s] error: can't copy 'resource/snapping_turtle': doesn't exist or not a regular file
[1.192s] Invoked command in '/home/patrick/ros2_ws/src/snapping_turtle_2' returned '1': PYTHONPATH=/home/patrick/ros2_ws/install/snapping_turtle_2/lib/python3.8/site-packages:${PYTHONPATH} /usr/bin/python3 setup.py egg_info --egg-base ../../build/snapping_turtle_2 build --build-base /home/patrick/ros2_ws/build/snapping_turtle_2/build install --prefix /home/patrick/ros2_ws/install/snapping_turtle_2 --record /home/patrick/ros2_ws/build/snapping_turtle_2/install.log --single-version-externally-managed
