[1.136s] Invoking command in '/home/patrick/ros2_ws/src/turtlebot': PYTHONPATH=/home/patrick/ros2_ws/install/turtlebot/lib/python3.8/site-packages:${PYTHONPATH} /usr/bin/python3 setup.py egg_info --egg-base ../../build/turtlebot build --build-base /home/patrick/ros2_ws/build/turtlebot/build install --prefix /home/patrick/ros2_ws/install/turtlebot --record /home/patrick/ros2_ws/build/turtlebot/install.log --single-version-externally-managed
[1.343s] running egg_info
[1.344s] creating ../../build/turtlebot/turtlebot.egg-info
[1.344s] writing ../../build/turtlebot/turtlebot.egg-info/PKG-INFO
[1.344s] writing dependency_links to ../../build/turtlebot/turtlebot.egg-info/dependency_links.txt
[1.344s] writing entry points to ../../build/turtlebot/turtlebot.egg-info/entry_points.txt
[1.344s] writing requirements to ../../build/turtlebot/turtlebot.egg-info/requires.txt
[1.344s] writing top-level names to ../../build/turtlebot/turtlebot.egg-info/top_level.txt
[1.346s] writing manifest file '../../build/turtlebot/turtlebot.egg-info/SOURCES.txt'
[1.378s] reading manifest file '../../build/turtlebot/turtlebot.egg-info/SOURCES.txt'
[1.379s] writing manifest file '../../build/turtlebot/turtlebot.egg-info/SOURCES.txt'
[1.379s] running build
[1.379s] running build_py
[1.379s] creating /home/patrick/ros2_ws/build/turtlebot/build
[1.380s] creating /home/patrick/ros2_ws/build/turtlebot/build/lib
[1.380s] creating /home/patrick/ros2_ws/build/turtlebot/build/lib/turtlebot
[1.380s] copying turtlebot/__init__.py -> /home/patrick/ros2_ws/build/turtlebot/build/lib/turtlebot
[1.380s] copying turtlebot/file.py -> /home/patrick/ros2_ws/build/turtlebot/build/lib/turtlebot
[1.380s] copying turtlebot/turtlebot_controller_publisher.py -> /home/patrick/ros2_ws/build/turtlebot/build/lib/turtlebot
[1.380s] running install
[1.380s] running install_lib
[1.381s] creating /home/patrick/ros2_ws/install/turtlebot/lib/python3.8/site-packages/turtlebot
[1.382s] copying /home/patrick/ros2_ws/build/turtlebot/build/lib/turtlebot/__init__.py -> /home/patrick/ros2_ws/install/turtlebot/lib/python3.8/site-packages/turtlebot
[1.382s] copying /home/patrick/ros2_ws/build/turtlebot/build/lib/turtlebot/file.py -> /home/patrick/ros2_ws/install/turtlebot/lib/python3.8/site-packages/turtlebot
[1.382s] copying /home/patrick/ros2_ws/build/turtlebot/build/lib/turtlebot/turtlebot_controller_publisher.py -> /home/patrick/ros2_ws/install/turtlebot/lib/python3.8/site-packages/turtlebot
[1.382s] byte-compiling /home/patrick/ros2_ws/install/turtlebot/lib/python3.8/site-packages/turtlebot/__init__.py to __init__.cpython-38.pyc
[1.383s] byte-compiling /home/patrick/ros2_ws/install/turtlebot/lib/python3.8/site-packages/turtlebot/file.py to file.cpython-38.pyc
[1.383s] byte-compiling /home/patrick/ros2_ws/install/turtlebot/lib/python3.8/site-packages/turtlebot/turtlebot_controller_publisher.py to turtlebot_controller_publisher.cpython-38.pyc
[1.384s] running install_data
[1.385s] creating /home/patrick/ros2_ws/install/turtlebot/share/ament_index
[1.385s] creating /home/patrick/ros2_ws/install/turtlebot/share/ament_index/resource_index
[1.385s] creating /home/patrick/ros2_ws/install/turtlebot/share/ament_index/resource_index/packages
[1.385s] copying resource/turtlebot -> /home/patrick/ros2_ws/install/turtlebot/share/ament_index/resource_index/packages
[1.386s] copying package.xml -> /home/patrick/ros2_ws/install/turtlebot/share/turtlebot
[1.386s] running install_egg_info
[1.387s] Copying ../../build/turtlebot/turtlebot.egg-info to /home/patrick/ros2_ws/install/turtlebot/lib/python3.8/site-packages/turtlebot-0.0.0-py3.8.egg-info
[1.387s] running install_scripts
[1.405s] Installing turtlebot_controller_publisher script to /home/patrick/ros2_ws/install/turtlebot/lib/turtlebot
[1.405s] writing list of installed files to '/home/patrick/ros2_ws/build/turtlebot/install.log'
[1.453s] Invoked command in '/home/patrick/ros2_ws/src/turtlebot' returned '0': PYTHONPATH=/home/patrick/ros2_ws/install/turtlebot/lib/python3.8/site-packages:${PYTHONPATH} /usr/bin/python3 setup.py egg_info --egg-base ../../build/turtlebot build --build-base /home/patrick/ros2_ws/build/turtlebot/build install --prefix /home/patrick/ros2_ws/install/turtlebot --record /home/patrick/ros2_ws/build/turtlebot/install.log --single-version-externally-managed
