running egg_info
creating ../../build/snapping_turtle/snapping_turtle.egg-info
writing ../../build/snapping_turtle/snapping_turtle.egg-info/PKG-INFO
writing dependency_links to ../../build/snapping_turtle/snapping_turtle.egg-info/dependency_links.txt
writing entry points to ../../build/snapping_turtle/snapping_turtle.egg-info/entry_points.txt
writing requirements to ../../build/snapping_turtle/snapping_turtle.egg-info/requires.txt
writing top-level names to ../../build/snapping_turtle/snapping_turtle.egg-info/top_level.txt
writing manifest file '../../build/snapping_turtle/snapping_turtle.egg-info/SOURCES.txt'
reading manifest file '../../build/snapping_turtle/snapping_turtle.egg-info/SOURCES.txt'
writing manifest file '../../build/snapping_turtle/snapping_turtle.egg-info/SOURCES.txt'
running build
running build_py
creating /home/patrick/ros2_ws/build/snapping_turtle/build
creating /home/patrick/ros2_ws/build/snapping_turtle/build/lib
creating /home/patrick/ros2_ws/build/snapping_turtle/build/lib/snapping_turtle
copying snapping_turtle/__init__.py -> /home/patrick/ros2_ws/build/snapping_turtle/build/lib/snapping_turtle
running install
running install_lib
creating /home/patrick/ros2_ws/install/snapping_turtle/lib/python3.8/site-packages/snapping_turtle
copying /home/patrick/ros2_ws/build/snapping_turtle/build/lib/snapping_turtle/__init__.py -> /home/patrick/ros2_ws/install/snapping_turtle/lib/python3.8/site-packages/snapping_turtle
byte-compiling /home/patrick/ros2_ws/install/snapping_turtle/lib/python3.8/site-packages/snapping_turtle/__init__.py to __init__.cpython-38.pyc
running install_data
creating /home/patrick/ros2_ws/install/snapping_turtle/share/ament_index
creating /home/patrick/ros2_ws/install/snapping_turtle/share/ament_index/resource_index
creating /home/patrick/ros2_ws/install/snapping_turtle/share/ament_index/resource_index/packages
copying resource/snapping_turtle -> /home/patrick/ros2_ws/install/snapping_turtle/share/ament_index/resource_index/packages
copying package.xml -> /home/patrick/ros2_ws/install/snapping_turtle/share/snapping_turtle
running install_egg_info
Copying ../../build/snapping_turtle/snapping_turtle.egg-info to /home/patrick/ros2_ws/install/snapping_turtle/lib/python3.8/site-packages/snapping_turtle-0.0.0-py3.8.egg-info
running install_scripts
writing list of installed files to '/home/patrick/ros2_ws/build/snapping_turtle/install.log'
