[0.717s] Invoking command in '/home/patrick/ros2_ws/src/snapping_turtle': PYTHONPATH=/home/patrick/ros2_ws/install/snapping_turtle/lib/python3.8/site-packages:${PYTHONPATH} /usr/bin/python3 setup.py egg_info --egg-base ../../build/snapping_turtle build --build-base /home/patrick/ros2_ws/build/snapping_turtle/build install --prefix /home/patrick/ros2_ws/install/snapping_turtle --record /home/patrick/ros2_ws/build/snapping_turtle/install.log --single-version-externally-managed
[0.896s] running egg_info
[0.897s] creating ../../build/snapping_turtle/snapping_turtle.egg-info
[0.897s] writing ../../build/snapping_turtle/snapping_turtle.egg-info/PKG-INFO
[0.897s] writing dependency_links to ../../build/snapping_turtle/snapping_turtle.egg-info/dependency_links.txt
[0.897s] writing entry points to ../../build/snapping_turtle/snapping_turtle.egg-info/entry_points.txt
[0.897s] writing requirements to ../../build/snapping_turtle/snapping_turtle.egg-info/requires.txt
[0.897s] writing top-level names to ../../build/snapping_turtle/snapping_turtle.egg-info/top_level.txt
[0.898s] writing manifest file '../../build/snapping_turtle/snapping_turtle.egg-info/SOURCES.txt'
[0.924s] reading manifest file '../../build/snapping_turtle/snapping_turtle.egg-info/SOURCES.txt'
[0.924s] writing manifest file '../../build/snapping_turtle/snapping_turtle.egg-info/SOURCES.txt'
[0.924s] running build
[0.924s] running build_py
[0.924s] creating /home/patrick/ros2_ws/build/snapping_turtle/build
[0.924s] creating /home/patrick/ros2_ws/build/snapping_turtle/build/lib
[0.924s] creating /home/patrick/ros2_ws/build/snapping_turtle/build/lib/snapping_turtle
[0.925s] copying snapping_turtle/__init__.py -> /home/patrick/ros2_ws/build/snapping_turtle/build/lib/snapping_turtle
[0.925s] running install
[0.925s] running install_lib
[0.926s] creating /home/patrick/ros2_ws/install/snapping_turtle/lib/python3.8/site-packages/snapping_turtle
[0.926s] copying /home/patrick/ros2_ws/build/snapping_turtle/build/lib/snapping_turtle/__init__.py -> /home/patrick/ros2_ws/install/snapping_turtle/lib/python3.8/site-packages/snapping_turtle
[0.926s] byte-compiling /home/patrick/ros2_ws/install/snapping_turtle/lib/python3.8/site-packages/snapping_turtle/__init__.py to __init__.cpython-38.pyc
[0.927s] running install_data
[0.928s] creating /home/patrick/ros2_ws/install/snapping_turtle/share/ament_index
[0.928s] creating /home/patrick/ros2_ws/install/snapping_turtle/share/ament_index/resource_index
[0.928s] creating /home/patrick/ros2_ws/install/snapping_turtle/share/ament_index/resource_index/packages
[0.928s] copying resource/snapping_turtle -> /home/patrick/ros2_ws/install/snapping_turtle/share/ament_index/resource_index/packages
[0.928s] copying package.xml -> /home/patrick/ros2_ws/install/snapping_turtle/share/snapping_turtle
[0.928s] running install_egg_info
[0.929s] Copying ../../build/snapping_turtle/snapping_turtle.egg-info to /home/patrick/ros2_ws/install/snapping_turtle/lib/python3.8/site-packages/snapping_turtle-0.0.0-py3.8.egg-info
[0.930s] running install_scripts
[0.943s] writing list of installed files to '/home/patrick/ros2_ws/build/snapping_turtle/install.log'
[0.986s] Invoked command in '/home/patrick/ros2_ws/src/snapping_turtle' returned '0': PYTHONPATH=/home/patrick/ros2_ws/install/snapping_turtle/lib/python3.8/site-packages:${PYTHONPATH} /usr/bin/python3 setup.py egg_info --egg-base ../../build/snapping_turtle build --build-base /home/patrick/ros2_ws/build/snapping_turtle/build install --prefix /home/patrick/ros2_ws/install/snapping_turtle --record /home/patrick/ros2_ws/build/snapping_turtle/install.log --single-version-externally-managed
