[2.097s] Invoking command in '/home/eirik/ROS_car_project/src/turtlebot': PYTHONPATH=/home/eirik/ROS_car_project/install/turtlebot/lib/python3.8/site-packages:${PYTHONPATH} /usr/bin/python3 setup.py egg_info --egg-base ../../build/turtlebot build --build-base /home/eirik/ROS_car_project/build/turtlebot/build install --prefix /home/eirik/ROS_car_project/install/turtlebot --record /home/eirik/ROS_car_project/build/turtlebot/install.log --single-version-externally-managed
[2.368s] running egg_info
[2.369s] writing ../../build/turtlebot/turtlebot.egg-info/PKG-INFO
[2.369s] writing dependency_links to ../../build/turtlebot/turtlebot.egg-info/dependency_links.txt
[2.369s] writing entry points to ../../build/turtlebot/turtlebot.egg-info/entry_points.txt
[2.370s] writing requirements to ../../build/turtlebot/turtlebot.egg-info/requires.txt
[2.370s] writing top-level names to ../../build/turtlebot/turtlebot.egg-info/top_level.txt
[2.414s] reading manifest file '../../build/turtlebot/turtlebot.egg-info/SOURCES.txt'
[2.416s] writing manifest file '../../build/turtlebot/turtlebot.egg-info/SOURCES.txt'
[2.416s] running build
[2.416s] running build_py
[2.416s] running install
[2.417s] running install_lib
[2.419s] running install_data
[2.420s] running install_egg_info
[2.422s] removing '/home/eirik/ROS_car_project/install/turtlebot/lib/python3.8/site-packages/turtlebot-0.0.0-py3.8.egg-info' (and everything under it)
[2.422s] Copying ../../build/turtlebot/turtlebot.egg-info to /home/eirik/ROS_car_project/install/turtlebot/lib/python3.8/site-packages/turtlebot-0.0.0-py3.8.egg-info
[2.423s] running install_scripts
[2.445s] Installing turtlebot_controller_publisher script to /home/eirik/ROS_car_project/install/turtlebot/lib/turtlebot
[2.445s] writing list of installed files to '/home/eirik/ROS_car_project/build/turtlebot/install.log'
[2.516s] Invoked command in '/home/eirik/ROS_car_project/src/turtlebot' returned '0': PYTHONPATH=/home/eirik/ROS_car_project/install/turtlebot/lib/python3.8/site-packages:${PYTHONPATH} /usr/bin/python3 setup.py egg_info --egg-base ../../build/turtlebot build --build-base /home/eirik/ROS_car_project/build/turtlebot/build install --prefix /home/eirik/ROS_car_project/install/turtlebot --record /home/eirik/ROS_car_project/build/turtlebot/install.log --single-version-externally-managed
