[0.199s] DEBUG:colcon:Command line arguments: ['/usr/bin/colcon', 'build']
[0.199s] DEBUG:colcon:Parsed command line arguments: Namespace(allow_overriding=[], ament_cmake_args=None, base_paths=['.'], build_base='build', catkin_cmake_args=None, catkin_skip_building_tests=False, cmake_args=None, cmake_clean_cache=False, cmake_clean_first=False, cmake_force_configure=False, cmake_target=None, cmake_target_skip_unavailable=False, continue_on_error=False, event_handlers=None, executor='parallel', ignore_user_meta=False, install_base='install', log_base=None, log_level=None, main=<bound method BuildVerb.main of <colcon_core.verb.build.BuildVerb object at 0x7f2031d4c100>>, merge_install=False, metas=['./colcon.meta'], packages_above=None, packages_above_and_dependencies=None, packages_above_depth=None, packages_end=None, packages_ignore=None, packages_ignore_regex=None, packages_select=None, packages_select_build_failed=False, packages_select_by_dep=None, packages_select_regex=None, packages_select_test_failures=False, packages_skip=None, packages_skip_build_finished=False, packages_skip_by_dep=None, packages_skip_regex=None, packages_skip_test_passed=False, packages_skip_up_to=None, packages_start=None, packages_up_to=None, packages_up_to_regex=None, parallel_workers=16, paths=None, symlink_install=False, test_result_base=None, verb_extension=<colcon_core.verb.build.BuildVerb object at 0x7f2031d4c100>, verb_name='build', verb_parser=<colcon_defaults.argument_parser.defaults.DefaultArgumentsDecorator object at 0x7f2031d4c580>)
[0.231s] Level 1:colcon.colcon_core.package_discovery:discover_packages(colcon_meta) check parameters
[0.231s] Level 1:colcon.colcon_core.package_discovery:discover_packages(recursive) check parameters
[0.231s] Level 1:colcon.colcon_core.package_discovery:discover_packages(ignore) check parameters
[0.231s] Level 1:colcon.colcon_core.package_discovery:discover_packages(path) check parameters
[0.231s] Level 1:colcon.colcon_core.package_discovery:discover_packages(colcon_meta) discover
[0.231s] Level 1:colcon.colcon_core.package_discovery:discover_packages(recursive) discover
[0.231s] INFO:colcon.colcon_core.package_discovery:Crawling recursively for packages in '/home/eirik/ROS_car_project'
[0.231s] Level 1:colcon.colcon_core.package_identification:_identify(.) by extensions ['ignore', 'ignore_ament_install']
[0.232s] Level 1:colcon.colcon_core.package_identification:_identify(.) by extension 'ignore'
[0.232s] Level 1:colcon.colcon_core.package_identification:_identify(.) by extension 'ignore_ament_install'
[0.232s] Level 1:colcon.colcon_core.package_identification:_identify(.) by extensions ['colcon_pkg']
[0.232s] Level 1:colcon.colcon_core.package_identification:_identify(.) by extension 'colcon_pkg'
[0.232s] Level 1:colcon.colcon_core.package_identification:_identify(.) by extensions ['colcon_meta']
[0.232s] Level 1:colcon.colcon_core.package_identification:_identify(.) by extension 'colcon_meta'
[0.232s] Level 1:colcon.colcon_core.package_identification:_identify(.) by extensions ['ros']
[0.232s] Level 1:colcon.colcon_core.package_identification:_identify(.) by extension 'ros'
[0.264s] Level 1:colcon.colcon_core.package_identification:_identify(.) by extensions ['cmake', 'python']
[0.264s] Level 1:colcon.colcon_core.package_identification:_identify(.) by extension 'cmake'
[0.264s] Level 1:colcon.colcon_core.package_identification:_identify(.) by extension 'python'
[0.264s] Level 1:colcon.colcon_core.package_identification:_identify(.) by extensions ['python_setup_py']
[0.264s] Level 1:colcon.colcon_core.package_identification:_identify(.) by extension 'python_setup_py'
[0.264s] Level 1:colcon.colcon_core.package_identification:_identify(build) by extensions ['ignore', 'ignore_ament_install']
[0.264s] Level 1:colcon.colcon_core.package_identification:_identify(build) by extension 'ignore'
[0.264s] Level 1:colcon.colcon_core.package_identification:_identify(build) ignored
[0.265s] Level 1:colcon.colcon_core.package_identification:_identify(install) by extensions ['ignore', 'ignore_ament_install']
[0.265s] Level 1:colcon.colcon_core.package_identification:_identify(install) by extension 'ignore'
[0.265s] Level 1:colcon.colcon_core.package_identification:_identify(install) ignored
[0.265s] Level 1:colcon.colcon_core.package_identification:_identify(lane_detection) by extensions ['ignore', 'ignore_ament_install']
[0.265s] Level 1:colcon.colcon_core.package_identification:_identify(lane_detection) by extension 'ignore'
[0.265s] Level 1:colcon.colcon_core.package_identification:_identify(lane_detection) by extension 'ignore_ament_install'
[0.265s] Level 1:colcon.colcon_core.package_identification:_identify(lane_detection) by extensions ['colcon_pkg']
[0.265s] Level 1:colcon.colcon_core.package_identification:_identify(lane_detection) by extension 'colcon_pkg'
[0.265s] Level 1:colcon.colcon_core.package_identification:_identify(lane_detection) by extensions ['colcon_meta']
[0.265s] Level 1:colcon.colcon_core.package_identification:_identify(lane_detection) by extension 'colcon_meta'
[0.265s] Level 1:colcon.colcon_core.package_identification:_identify(lane_detection) by extensions ['ros']
[0.265s] Level 1:colcon.colcon_core.package_identification:_identify(lane_detection) by extension 'ros'
[0.265s] Level 1:colcon.colcon_core.package_identification:_identify(lane_detection) by extensions ['cmake', 'python']
[0.265s] Level 1:colcon.colcon_core.package_identification:_identify(lane_detection) by extension 'cmake'
[0.265s] Level 1:colcon.colcon_core.package_identification:_identify(lane_detection) by extension 'python'
[0.266s] Level 1:colcon.colcon_core.package_identification:_identify(lane_detection) by extensions ['python_setup_py']
[0.266s] Level 1:colcon.colcon_core.package_identification:_identify(lane_detection) by extension 'python_setup_py'
[0.266s] Level 1:colcon.colcon_core.package_identification:_identify(lane_detection/__pycache__) by extensions ['ignore', 'ignore_ament_install']
[0.266s] Level 1:colcon.colcon_core.package_identification:_identify(lane_detection/__pycache__) by extension 'ignore'
[0.266s] Level 1:colcon.colcon_core.package_identification:_identify(lane_detection/__pycache__) by extension 'ignore_ament_install'
[0.266s] Level 1:colcon.colcon_core.package_identification:_identify(lane_detection/__pycache__) by extensions ['colcon_pkg']
[0.266s] Level 1:colcon.colcon_core.package_identification:_identify(lane_detection/__pycache__) by extension 'colcon_pkg'
[0.266s] Level 1:colcon.colcon_core.package_identification:_identify(lane_detection/__pycache__) by extensions ['colcon_meta']
[0.266s] Level 1:colcon.colcon_core.package_identification:_identify(lane_detection/__pycache__) by extension 'colcon_meta'
[0.266s] Level 1:colcon.colcon_core.package_identification:_identify(lane_detection/__pycache__) by extensions ['ros']
[0.266s] Level 1:colcon.colcon_core.package_identification:_identify(lane_detection/__pycache__) by extension 'ros'
[0.266s] Level 1:colcon.colcon_core.package_identification:_identify(lane_detection/__pycache__) by extensions ['cmake', 'python']
[0.266s] Level 1:colcon.colcon_core.package_identification:_identify(lane_detection/__pycache__) by extension 'cmake'
[0.266s] Level 1:colcon.colcon_core.package_identification:_identify(lane_detection/__pycache__) by extension 'python'
[0.266s] Level 1:colcon.colcon_core.package_identification:_identify(lane_detection/__pycache__) by extensions ['python_setup_py']
[0.266s] Level 1:colcon.colcon_core.package_identification:_identify(lane_detection/__pycache__) by extension 'python_setup_py'
[0.267s] Level 1:colcon.colcon_core.package_identification:_identify(lane_detection/devel) by extensions ['ignore', 'ignore_ament_install']
[0.267s] Level 1:colcon.colcon_core.package_identification:_identify(lane_detection/devel) by extension 'ignore'
[0.267s] Level 1:colcon.colcon_core.package_identification:_identify(lane_detection/devel) by extension 'ignore_ament_install'
[0.267s] Level 1:colcon.colcon_core.package_identification:_identify(lane_detection/devel) by extensions ['colcon_pkg']
[0.267s] Level 1:colcon.colcon_core.package_identification:_identify(lane_detection/devel) by extension 'colcon_pkg'
[0.267s] Level 1:colcon.colcon_core.package_identification:_identify(lane_detection/devel) by extensions ['colcon_meta']
[0.267s] Level 1:colcon.colcon_core.package_identification:_identify(lane_detection/devel) by extension 'colcon_meta'
[0.267s] Level 1:colcon.colcon_core.package_identification:_identify(lane_detection/devel) by extensions ['ros']
[0.267s] Level 1:colcon.colcon_core.package_identification:_identify(lane_detection/devel) by extension 'ros'
[0.267s] Level 1:colcon.colcon_core.package_identification:_identify(lane_detection/devel) by extensions ['cmake', 'python']
[0.267s] Level 1:colcon.colcon_core.package_identification:_identify(lane_detection/devel) by extension 'cmake'
[0.267s] Level 1:colcon.colcon_core.package_identification:_identify(lane_detection/devel) by extension 'python'
[0.267s] Level 1:colcon.colcon_core.package_identification:_identify(lane_detection/devel) by extensions ['python_setup_py']
[0.267s] Level 1:colcon.colcon_core.package_identification:_identify(lane_detection/devel) by extension 'python_setup_py'
[0.267s] Level 1:colcon.colcon_core.package_identification:_identify(log) by extensions ['ignore', 'ignore_ament_install']
[0.268s] Level 1:colcon.colcon_core.package_identification:_identify(log) by extension 'ignore'
[0.268s] Level 1:colcon.colcon_core.package_identification:_identify(log) ignored
[0.268s] Level 1:colcon.colcon_core.package_identification:_identify(src) by extensions ['ignore', 'ignore_ament_install']
[0.268s] Level 1:colcon.colcon_core.package_identification:_identify(src) by extension 'ignore'
[0.268s] Level 1:colcon.colcon_core.package_identification:_identify(src) by extension 'ignore_ament_install'
[0.268s] Level 1:colcon.colcon_core.package_identification:_identify(src) by extensions ['colcon_pkg']
[0.268s] Level 1:colcon.colcon_core.package_identification:_identify(src) by extension 'colcon_pkg'
[0.268s] Level 1:colcon.colcon_core.package_identification:_identify(src) by extensions ['colcon_meta']
[0.268s] Level 1:colcon.colcon_core.package_identification:_identify(src) by extension 'colcon_meta'
[0.268s] Level 1:colcon.colcon_core.package_identification:_identify(src) by extensions ['ros']
[0.268s] Level 1:colcon.colcon_core.package_identification:_identify(src) by extension 'ros'
[0.268s] Level 1:colcon.colcon_core.package_identification:_identify(src) by extensions ['cmake', 'python']
[0.268s] Level 1:colcon.colcon_core.package_identification:_identify(src) by extension 'cmake'
[0.268s] Level 1:colcon.colcon_core.package_identification:_identify(src) by extension 'python'
[0.268s] Level 1:colcon.colcon_core.package_identification:_identify(src) by extensions ['python_setup_py']
[0.268s] Level 1:colcon.colcon_core.package_identification:_identify(src) by extension 'python_setup_py'
[0.269s] Level 1:colcon.colcon_core.package_identification:_identify(src/recorder) by extensions ['ignore', 'ignore_ament_install']
[0.269s] Level 1:colcon.colcon_core.package_identification:_identify(src/recorder) by extension 'ignore'
[0.269s] Level 1:colcon.colcon_core.package_identification:_identify(src/recorder) by extension 'ignore_ament_install'
[0.269s] Level 1:colcon.colcon_core.package_identification:_identify(src/recorder) by extensions ['colcon_pkg']
[0.269s] Level 1:colcon.colcon_core.package_identification:_identify(src/recorder) by extension 'colcon_pkg'
[0.269s] Level 1:colcon.colcon_core.package_identification:_identify(src/recorder) by extensions ['colcon_meta']
[0.269s] Level 1:colcon.colcon_core.package_identification:_identify(src/recorder) by extension 'colcon_meta'
[0.269s] Level 1:colcon.colcon_core.package_identification:_identify(src/recorder) by extensions ['ros']
[0.269s] Level 1:colcon.colcon_core.package_identification:_identify(src/recorder) by extension 'ros'
[0.272s] DEBUG:colcon.colcon_core.package_identification:Package 'src/recorder' with type 'ros.ament_python' and name 'recorder'
[0.273s] Level 1:colcon.colcon_core.package_identification:_identify(src/snapping_turtle) by extensions ['ignore', 'ignore_ament_install']
[0.273s] Level 1:colcon.colcon_core.package_identification:_identify(src/snapping_turtle) by extension 'ignore'
[0.273s] Level 1:colcon.colcon_core.package_identification:_identify(src/snapping_turtle) by extension 'ignore_ament_install'
[0.273s] Level 1:colcon.colcon_core.package_identification:_identify(src/snapping_turtle) by extensions ['colcon_pkg']
[0.273s] Level 1:colcon.colcon_core.package_identification:_identify(src/snapping_turtle) by extension 'colcon_pkg'
[0.273s] Level 1:colcon.colcon_core.package_identification:_identify(src/snapping_turtle) by extensions ['colcon_meta']
[0.273s] Level 1:colcon.colcon_core.package_identification:_identify(src/snapping_turtle) by extension 'colcon_meta'
[0.273s] Level 1:colcon.colcon_core.package_identification:_identify(src/snapping_turtle) by extensions ['ros']
[0.273s] Level 1:colcon.colcon_core.package_identification:_identify(src/snapping_turtle) by extension 'ros'
[0.274s] DEBUG:colcon.colcon_core.package_identification:Package 'src/snapping_turtle' with type 'ros.ament_python' and name 'snapping_turtle'
[0.274s] Level 1:colcon.colcon_core.package_identification:_identify(src/snapping_turtle_2) by extensions ['ignore', 'ignore_ament_install']
[0.274s] Level 1:colcon.colcon_core.package_identification:_identify(src/snapping_turtle_2) by extension 'ignore'
[0.274s] Level 1:colcon.colcon_core.package_identification:_identify(src/snapping_turtle_2) by extension 'ignore_ament_install'
[0.274s] Level 1:colcon.colcon_core.package_identification:_identify(src/snapping_turtle_2) by extensions ['colcon_pkg']
[0.274s] Level 1:colcon.colcon_core.package_identification:_identify(src/snapping_turtle_2) by extension 'colcon_pkg'
[0.274s] Level 1:colcon.colcon_core.package_identification:_identify(src/snapping_turtle_2) by extensions ['colcon_meta']
[0.274s] Level 1:colcon.colcon_core.package_identification:_identify(src/snapping_turtle_2) by extension 'colcon_meta'
[0.275s] Level 1:colcon.colcon_core.package_identification:_identify(src/snapping_turtle_2) by extensions ['ros']
[0.275s] Level 1:colcon.colcon_core.package_identification:_identify(src/snapping_turtle_2) by extension 'ros'
[0.275s] DEBUG:colcon.colcon_core.package_identification:Package 'src/snapping_turtle_2' with type 'ros.ament_python' and name 'snapping_turtle_2'
[0.275s] Level 1:colcon.colcon_core.package_identification:_identify(src/turtlebot) by extensions ['ignore', 'ignore_ament_install']
[0.276s] Level 1:colcon.colcon_core.package_identification:_identify(src/turtlebot) by extension 'ignore'
[0.276s] Level 1:colcon.colcon_core.package_identification:_identify(src/turtlebot) by extension 'ignore_ament_install'
[0.276s] Level 1:colcon.colcon_core.package_identification:_identify(src/turtlebot) by extensions ['colcon_pkg']
[0.276s] Level 1:colcon.colcon_core.package_identification:_identify(src/turtlebot) by extension 'colcon_pkg'
[0.276s] Level 1:colcon.colcon_core.package_identification:_identify(src/turtlebot) by extensions ['colcon_meta']
[0.276s] Level 1:colcon.colcon_core.package_identification:_identify(src/turtlebot) by extension 'colcon_meta'
[0.276s] Level 1:colcon.colcon_core.package_identification:_identify(src/turtlebot) by extensions ['ros']
[0.276s] Level 1:colcon.colcon_core.package_identification:_identify(src/turtlebot) by extension 'ros'
[0.277s] DEBUG:colcon.colcon_core.package_identification:Package 'src/turtlebot' with type 'ros.ament_python' and name 'turtlebot'
[0.277s] Level 1:colcon.colcon_core.package_identification:_identify(src/turtlebot3_antmobile) by extensions ['ignore', 'ignore_ament_install']
[0.277s] Level 1:colcon.colcon_core.package_identification:_identify(src/turtlebot3_antmobile) by extension 'ignore'
[0.277s] Level 1:colcon.colcon_core.package_identification:_identify(src/turtlebot3_antmobile) by extension 'ignore_ament_install'
[0.277s] Level 1:colcon.colcon_core.package_identification:_identify(src/turtlebot3_antmobile) by extensions ['colcon_pkg']
[0.277s] Level 1:colcon.colcon_core.package_identification:_identify(src/turtlebot3_antmobile) by extension 'colcon_pkg'
[0.277s] Level 1:colcon.colcon_core.package_identification:_identify(src/turtlebot3_antmobile) by extensions ['colcon_meta']
[0.277s] Level 1:colcon.colcon_core.package_identification:_identify(src/turtlebot3_antmobile) by extension 'colcon_meta'
[0.277s] Level 1:colcon.colcon_core.package_identification:_identify(src/turtlebot3_antmobile) by extensions ['ros']
[0.277s] Level 1:colcon.colcon_core.package_identification:_identify(src/turtlebot3_antmobile) by extension 'ros'
[0.278s] DEBUG:colcon.colcon_core.package_identification:Package 'src/turtlebot3_antmobile' with type 'ros.ament_python' and name 'turtlebot3_antmobile'
[0.278s] Level 1:colcon.colcon_core.package_discovery:discover_packages(recursive) using defaults
[0.278s] Level 1:colcon.colcon_core.package_discovery:discover_packages(ignore) discover
[0.278s] Level 1:colcon.colcon_core.package_discovery:discover_packages(ignore) using defaults
[0.278s] Level 1:colcon.colcon_core.package_discovery:discover_packages(path) discover
[0.278s] Level 1:colcon.colcon_core.package_discovery:discover_packages(path) using defaults
[0.305s] Level 1:colcon.colcon_core.package_discovery:discover_packages(prefix_path) check parameters
[0.305s] Level 1:colcon.colcon_core.package_discovery:discover_packages(prefix_path) discover
[0.308s] DEBUG:colcon.colcon_installed_package_information.package_discovery:Found 5 installed packages in /home/eirik/ROS_car_project/install
[0.311s] DEBUG:colcon.colcon_installed_package_information.package_discovery:Found 335 installed packages in /opt/ros/foxy
[0.314s] Level 1:colcon.colcon_core.package_discovery:discover_packages(prefix_path) using defaults
[0.409s] Level 5:colcon.colcon_core.verb:set package 'recorder' build argument 'cmake_args' from command line to 'None'
[0.409s] Level 5:colcon.colcon_core.verb:set package 'recorder' build argument 'cmake_target' from command line to 'None'
[0.409s] Level 5:colcon.colcon_core.verb:set package 'recorder' build argument 'cmake_target_skip_unavailable' from command line to 'False'
[0.409s] Level 5:colcon.colcon_core.verb:set package 'recorder' build argument 'cmake_clean_cache' from command line to 'False'
[0.410s] Level 5:colcon.colcon_core.verb:set package 'recorder' build argument 'cmake_clean_first' from command line to 'False'
[0.410s] Level 5:colcon.colcon_core.verb:set package 'recorder' build argument 'cmake_force_configure' from command line to 'False'
[0.410s] Level 5:colcon.colcon_core.verb:set package 'recorder' build argument 'ament_cmake_args' from command line to 'None'
[0.410s] Level 5:colcon.colcon_core.verb:set package 'recorder' build argument 'catkin_cmake_args' from command line to 'None'
[0.410s] Level 5:colcon.colcon_core.verb:set package 'recorder' build argument 'catkin_skip_building_tests' from command line to 'False'
[0.410s] DEBUG:colcon.colcon_core.verb:Building package 'recorder' with the following arguments: {'ament_cmake_args': None, 'build_base': '/home/eirik/ROS_car_project/build/recorder', 'catkin_cmake_args': None, 'catkin_skip_building_tests': False, 'cmake_args': None, 'cmake_clean_cache': False, 'cmake_clean_first': False, 'cmake_force_configure': False, 'cmake_target': None, 'cmake_target_skip_unavailable': False, 'install_base': '/home/eirik/ROS_car_project/install/recorder', 'merge_install': False, 'path': '/home/eirik/ROS_car_project/src/recorder', 'symlink_install': False, 'test_result_base': None}
[0.411s] Level 5:colcon.colcon_core.verb:set package 'snapping_turtle' build argument 'cmake_args' from command line to 'None'
[0.411s] Level 5:colcon.colcon_core.verb:set package 'snapping_turtle' build argument 'cmake_target' from command line to 'None'
[0.411s] Level 5:colcon.colcon_core.verb:set package 'snapping_turtle' build argument 'cmake_target_skip_unavailable' from command line to 'False'
[0.411s] Level 5:colcon.colcon_core.verb:set package 'snapping_turtle' build argument 'cmake_clean_cache' from command line to 'False'
[0.411s] Level 5:colcon.colcon_core.verb:set package 'snapping_turtle' build argument 'cmake_clean_first' from command line to 'False'
[0.411s] Level 5:colcon.colcon_core.verb:set package 'snapping_turtle' build argument 'cmake_force_configure' from command line to 'False'
[0.411s] Level 5:colcon.colcon_core.verb:set package 'snapping_turtle' build argument 'ament_cmake_args' from command line to 'None'
[0.411s] Level 5:colcon.colcon_core.verb:set package 'snapping_turtle' build argument 'catkin_cmake_args' from command line to 'None'
[0.411s] Level 5:colcon.colcon_core.verb:set package 'snapping_turtle' build argument 'catkin_skip_building_tests' from command line to 'False'
[0.411s] DEBUG:colcon.colcon_core.verb:Building package 'snapping_turtle' with the following arguments: {'ament_cmake_args': None, 'build_base': '/home/eirik/ROS_car_project/build/snapping_turtle', 'catkin_cmake_args': None, 'catkin_skip_building_tests': False, 'cmake_args': None, 'cmake_clean_cache': False, 'cmake_clean_first': False, 'cmake_force_configure': False, 'cmake_target': None, 'cmake_target_skip_unavailable': False, 'install_base': '/home/eirik/ROS_car_project/install/snapping_turtle', 'merge_install': False, 'path': '/home/eirik/ROS_car_project/src/snapping_turtle', 'symlink_install': False, 'test_result_base': None}
[0.414s] Level 5:colcon.colcon_core.verb:set package 'snapping_turtle_2' build argument 'cmake_args' from command line to 'None'
[0.414s] Level 5:colcon.colcon_core.verb:set package 'snapping_turtle_2' build argument 'cmake_target' from command line to 'None'
[0.414s] Level 5:colcon.colcon_core.verb:set package 'snapping_turtle_2' build argument 'cmake_target_skip_unavailable' from command line to 'False'
[0.414s] Level 5:colcon.colcon_core.verb:set package 'snapping_turtle_2' build argument 'cmake_clean_cache' from command line to 'False'
[0.414s] Level 5:colcon.colcon_core.verb:set package 'snapping_turtle_2' build argument 'cmake_clean_first' from command line to 'False'
[0.414s] Level 5:colcon.colcon_core.verb:set package 'snapping_turtle_2' build argument 'cmake_force_configure' from command line to 'False'
[0.414s] Level 5:colcon.colcon_core.verb:set package 'snapping_turtle_2' build argument 'ament_cmake_args' from command line to 'None'
[0.414s] Level 5:colcon.colcon_core.verb:set package 'snapping_turtle_2' build argument 'catkin_cmake_args' from command line to 'None'
[0.414s] Level 5:colcon.colcon_core.verb:set package 'snapping_turtle_2' build argument 'catkin_skip_building_tests' from command line to 'False'
[0.415s] DEBUG:colcon.colcon_core.verb:Building package 'snapping_turtle_2' with the following arguments: {'ament_cmake_args': None, 'build_base': '/home/eirik/ROS_car_project/build/snapping_turtle_2', 'catkin_cmake_args': None, 'catkin_skip_building_tests': False, 'cmake_args': None, 'cmake_clean_cache': False, 'cmake_clean_first': False, 'cmake_force_configure': False, 'cmake_target': None, 'cmake_target_skip_unavailable': False, 'install_base': '/home/eirik/ROS_car_project/install/snapping_turtle_2', 'merge_install': False, 'path': '/home/eirik/ROS_car_project/src/snapping_turtle_2', 'symlink_install': False, 'test_result_base': None}
[0.417s] Level 5:colcon.colcon_core.verb:set package 'turtlebot' build argument 'cmake_args' from command line to 'None'
[0.417s] Level 5:colcon.colcon_core.verb:set package 'turtlebot' build argument 'cmake_target' from command line to 'None'
[0.417s] Level 5:colcon.colcon_core.verb:set package 'turtlebot' build argument 'cmake_target_skip_unavailable' from command line to 'False'
[0.417s] Level 5:colcon.colcon_core.verb:set package 'turtlebot' build argument 'cmake_clean_cache' from command line to 'False'
[0.417s] Level 5:colcon.colcon_core.verb:set package 'turtlebot' build argument 'cmake_clean_first' from command line to 'False'
[0.417s] Level 5:colcon.colcon_core.verb:set package 'turtlebot' build argument 'cmake_force_configure' from command line to 'False'
[0.417s] Level 5:colcon.colcon_core.verb:set package 'turtlebot' build argument 'ament_cmake_args' from command line to 'None'
[0.417s] Level 5:colcon.colcon_core.verb:set package 'turtlebot' build argument 'catkin_cmake_args' from command line to 'None'
[0.417s] Level 5:colcon.colcon_core.verb:set package 'turtlebot' build argument 'catkin_skip_building_tests' from command line to 'False'
[0.417s] DEBUG:colcon.colcon_core.verb:Building package 'turtlebot' with the following arguments: {'ament_cmake_args': None, 'build_base': '/home/eirik/ROS_car_project/build/turtlebot', 'catkin_cmake_args': None, 'catkin_skip_building_tests': False, 'cmake_args': None, 'cmake_clean_cache': False, 'cmake_clean_first': False, 'cmake_force_configure': False, 'cmake_target': None, 'cmake_target_skip_unavailable': False, 'install_base': '/home/eirik/ROS_car_project/install/turtlebot', 'merge_install': False, 'path': '/home/eirik/ROS_car_project/src/turtlebot', 'symlink_install': False, 'test_result_base': None}
[0.419s] Level 5:colcon.colcon_core.verb:set package 'turtlebot3_antmobile' build argument 'cmake_args' from command line to 'None'
[0.419s] Level 5:colcon.colcon_core.verb:set package 'turtlebot3_antmobile' build argument 'cmake_target' from command line to 'None'
[0.419s] Level 5:colcon.colcon_core.verb:set package 'turtlebot3_antmobile' build argument 'cmake_target_skip_unavailable' from command line to 'False'
[0.419s] Level 5:colcon.colcon_core.verb:set package 'turtlebot3_antmobile' build argument 'cmake_clean_cache' from command line to 'False'
[0.419s] Level 5:colcon.colcon_core.verb:set package 'turtlebot3_antmobile' build argument 'cmake_clean_first' from command line to 'False'
[0.419s] Level 5:colcon.colcon_core.verb:set package 'turtlebot3_antmobile' build argument 'cmake_force_configure' from command line to 'False'
[0.419s] Level 5:colcon.colcon_core.verb:set package 'turtlebot3_antmobile' build argument 'ament_cmake_args' from command line to 'None'
[0.419s] Level 5:colcon.colcon_core.verb:set package 'turtlebot3_antmobile' build argument 'catkin_cmake_args' from command line to 'None'
[0.419s] Level 5:colcon.colcon_core.verb:set package 'turtlebot3_antmobile' build argument 'catkin_skip_building_tests' from command line to 'False'
[0.419s] DEBUG:colcon.colcon_core.verb:Building package 'turtlebot3_antmobile' with the following arguments: {'ament_cmake_args': None, 'build_base': '/home/eirik/ROS_car_project/build/turtlebot3_antmobile', 'catkin_cmake_args': None, 'catkin_skip_building_tests': False, 'cmake_args': None, 'cmake_clean_cache': False, 'cmake_clean_first': False, 'cmake_force_configure': False, 'cmake_target': None, 'cmake_target_skip_unavailable': False, 'install_base': '/home/eirik/ROS_car_project/install/turtlebot3_antmobile', 'merge_install': False, 'path': '/home/eirik/ROS_car_project/src/turtlebot3_antmobile', 'symlink_install': False, 'test_result_base': None}
[0.420s] INFO:colcon.colcon_core.executor:Executing jobs using 'parallel' executor
[0.426s] DEBUG:colcon.colcon_parallel_executor.executor.parallel:run_until_complete
[0.427s] INFO:colcon.colcon_ros.task.ament_python.build:Building ROS package in '/home/eirik/ROS_car_project/src/recorder' with build type 'ament_python'
[0.427s] Level 1:colcon.colcon_core.shell:create_environment_hook('recorder', 'ament_prefix_path')
[0.432s] INFO:colcon.colcon_core.plugin_system:Skipping extension 'colcon_core.shell.bat': Not used on non-Windows systems
[0.432s] INFO:colcon.colcon_core.shell:Creating environment hook '/home/eirik/ROS_car_project/install/recorder/share/recorder/hook/ament_prefix_path.ps1'
[0.433s] INFO:colcon.colcon_core.shell:Creating environment descriptor '/home/eirik/ROS_car_project/install/recorder/share/recorder/hook/ament_prefix_path.dsv'
[0.434s] INFO:colcon.colcon_core.shell:Creating environment hook '/home/eirik/ROS_car_project/install/recorder/share/recorder/hook/ament_prefix_path.sh'
[0.436s] INFO:colcon.colcon_core.shell:Skip shell extension 'powershell' for command environment: Not usable outside of PowerShell
[0.436s] DEBUG:colcon.colcon_core.shell:Skip shell extension 'dsv' for command environment
[0.447s] INFO:colcon.colcon_ros.task.ament_python.build:Building ROS package in '/home/eirik/ROS_car_project/src/snapping_turtle' with build type 'ament_python'
[0.448s] Level 1:colcon.colcon_core.shell:create_environment_hook('snapping_turtle', 'ament_prefix_path')
[0.451s] INFO:colcon.colcon_core.shell:Creating environment hook '/home/eirik/ROS_car_project/install/snapping_turtle/share/snapping_turtle/hook/ament_prefix_path.ps1'
[0.452s] INFO:colcon.colcon_core.shell:Creating environment descriptor '/home/eirik/ROS_car_project/install/snapping_turtle/share/snapping_turtle/hook/ament_prefix_path.dsv'
[0.453s] INFO:colcon.colcon_core.shell:Creating environment hook '/home/eirik/ROS_car_project/install/snapping_turtle/share/snapping_turtle/hook/ament_prefix_path.sh'
[0.456s] INFO:colcon.colcon_core.shell:Skip shell extension 'powershell' for command environment: Not usable outside of PowerShell
[0.457s] DEBUG:colcon.colcon_core.shell:Skip shell extension 'dsv' for command environment
[0.468s] INFO:colcon.colcon_ros.task.ament_python.build:Building ROS package in '/home/eirik/ROS_car_project/src/snapping_turtle_2' with build type 'ament_python'
[0.469s] Level 1:colcon.colcon_core.shell:create_environment_hook('snapping_turtle_2', 'ament_prefix_path')
[0.471s] INFO:colcon.colcon_core.shell:Creating environment hook '/home/eirik/ROS_car_project/install/snapping_turtle_2/share/snapping_turtle_2/hook/ament_prefix_path.ps1'
[0.473s] INFO:colcon.colcon_core.shell:Creating environment descriptor '/home/eirik/ROS_car_project/install/snapping_turtle_2/share/snapping_turtle_2/hook/ament_prefix_path.dsv'
[0.473s] INFO:colcon.colcon_core.shell:Creating environment hook '/home/eirik/ROS_car_project/install/snapping_turtle_2/share/snapping_turtle_2/hook/ament_prefix_path.sh'
[0.476s] INFO:colcon.colcon_core.shell:Skip shell extension 'powershell' for command environment: Not usable outside of PowerShell
[0.476s] DEBUG:colcon.colcon_core.shell:Skip shell extension 'dsv' for command environment
[0.486s] INFO:colcon.colcon_ros.task.ament_python.build:Building ROS package in '/home/eirik/ROS_car_project/src/turtlebot' with build type 'ament_python'
[0.486s] Level 1:colcon.colcon_core.shell:create_environment_hook('turtlebot', 'ament_prefix_path')
[0.489s] INFO:colcon.colcon_core.shell:Creating environment hook '/home/eirik/ROS_car_project/install/turtlebot/share/turtlebot/hook/ament_prefix_path.ps1'
[0.491s] INFO:colcon.colcon_core.shell:Creating environment descriptor '/home/eirik/ROS_car_project/install/turtlebot/share/turtlebot/hook/ament_prefix_path.dsv'
[0.492s] INFO:colcon.colcon_core.shell:Creating environment hook '/home/eirik/ROS_car_project/install/turtlebot/share/turtlebot/hook/ament_prefix_path.sh'
[0.495s] INFO:colcon.colcon_core.shell:Skip shell extension 'powershell' for command environment: Not usable outside of PowerShell
[0.495s] DEBUG:colcon.colcon_core.shell:Skip shell extension 'dsv' for command environment
[0.505s] INFO:colcon.colcon_ros.task.ament_python.build:Building ROS package in '/home/eirik/ROS_car_project/src/turtlebot3_antmobile' with build type 'ament_python'
[0.506s] Level 1:colcon.colcon_core.shell:create_environment_hook('turtlebot3_antmobile', 'ament_prefix_path')
[0.510s] INFO:colcon.colcon_core.shell:Creating environment hook '/home/eirik/ROS_car_project/install/turtlebot3_antmobile/share/turtlebot3_antmobile/hook/ament_prefix_path.ps1'
[0.512s] INFO:colcon.colcon_core.shell:Creating environment descriptor '/home/eirik/ROS_car_project/install/turtlebot3_antmobile/share/turtlebot3_antmobile/hook/ament_prefix_path.dsv'
[0.512s] INFO:colcon.colcon_core.shell:Creating environment hook '/home/eirik/ROS_car_project/install/turtlebot3_antmobile/share/turtlebot3_antmobile/hook/ament_prefix_path.sh'
[0.516s] INFO:colcon.colcon_core.shell:Skip shell extension 'powershell' for command environment: Not usable outside of PowerShell
[0.516s] DEBUG:colcon.colcon_core.shell:Skip shell extension 'dsv' for command environment
[0.831s] INFO:colcon.colcon_core.task.python.build:Building Python package in '/home/eirik/ROS_car_project/src/recorder'
[0.834s] INFO:colcon.colcon_core.shell:Skip shell extension 'powershell' for command environment: Not usable outside of PowerShell
[0.834s] DEBUG:colcon.colcon_core.shell:Skip shell extension 'dsv' for command environment
[1.127s] INFO:colcon.colcon_core.task.python.build:Building Python package in '/home/eirik/ROS_car_project/src/snapping_turtle'
[1.130s] INFO:colcon.colcon_core.shell:Skip shell extension 'powershell' for command environment: Not usable outside of PowerShell
[1.130s] DEBUG:colcon.colcon_core.shell:Skip shell extension 'dsv' for command environment
[1.429s] INFO:colcon.colcon_core.task.python.build:Building Python package in '/home/eirik/ROS_car_project/src/snapping_turtle_2'
[1.433s] INFO:colcon.colcon_core.shell:Skip shell extension 'powershell' for command environment: Not usable outside of PowerShell
[1.433s] DEBUG:colcon.colcon_core.shell:Skip shell extension 'dsv' for command environment
[1.732s] INFO:colcon.colcon_core.task.python.build:Building Python package in '/home/eirik/ROS_car_project/src/turtlebot'
[1.736s] INFO:colcon.colcon_core.shell:Skip shell extension 'powershell' for command environment: Not usable outside of PowerShell
[1.737s] DEBUG:colcon.colcon_core.shell:Skip shell extension 'dsv' for command environment
[2.042s] INFO:colcon.colcon_core.task.python.build:Building Python package in '/home/eirik/ROS_car_project/src/turtlebot3_antmobile'
[2.046s] INFO:colcon.colcon_core.shell:Skip shell extension 'powershell' for command environment: Not usable outside of PowerShell
[2.046s] DEBUG:colcon.colcon_core.shell:Skip shell extension 'dsv' for command environment
[2.580s] DEBUG:colcon.colcon_core.event_handler.log_command:Invoking command in '/home/eirik/ROS_car_project/src/snapping_turtle_2': PYTHONPATH=/home/eirik/ROS_car_project/install/snapping_turtle_2/lib/python3.8/site-packages:${PYTHONPATH} /usr/bin/python3 setup.py egg_info --egg-base ../../build/snapping_turtle_2 build --build-base /home/eirik/ROS_car_project/build/snapping_turtle_2/build install --prefix /home/eirik/ROS_car_project/install/snapping_turtle_2 --record /home/eirik/ROS_car_project/build/snapping_turtle_2/install.log --single-version-externally-managed
[2.606s] DEBUG:colcon.colcon_core.event_handler.log_command:Invoking command in '/home/eirik/ROS_car_project/src/recorder': PYTHONPATH=/home/eirik/ROS_car_project/install/recorder/lib/python3.8/site-packages:${PYTHONPATH} /usr/bin/python3 setup.py egg_info --egg-base ../../build/recorder build --build-base /home/eirik/ROS_car_project/build/recorder/build install --prefix /home/eirik/ROS_car_project/install/recorder --record /home/eirik/ROS_car_project/build/recorder/install.log --single-version-externally-managed
[2.611s] DEBUG:colcon.colcon_core.event_handler.log_command:Invoking command in '/home/eirik/ROS_car_project/src/snapping_turtle': PYTHONPATH=/home/eirik/ROS_car_project/install/snapping_turtle/lib/python3.8/site-packages:${PYTHONPATH} /usr/bin/python3 setup.py egg_info --egg-base ../../build/snapping_turtle build --build-base /home/eirik/ROS_car_project/build/snapping_turtle/build install --prefix /home/eirik/ROS_car_project/install/snapping_turtle --record /home/eirik/ROS_car_project/build/snapping_turtle/install.log --single-version-externally-managed
[2.617s] DEBUG:colcon.colcon_core.event_handler.log_command:Invoking command in '/home/eirik/ROS_car_project/src/turtlebot3_antmobile': PYTHONPATH=/home/eirik/ROS_car_project/install/turtlebot3_antmobile/lib/python3.8/site-packages:${PYTHONPATH} /usr/bin/python3 setup.py egg_info --egg-base ../../build/turtlebot3_antmobile build --build-base /home/eirik/ROS_car_project/build/turtlebot3_antmobile/build install --prefix /home/eirik/ROS_car_project/install/turtlebot3_antmobile --record /home/eirik/ROS_car_project/build/turtlebot3_antmobile/install.log --single-version-externally-managed
[2.627s] DEBUG:colcon.colcon_core.event_handler.log_command:Invoking command in '/home/eirik/ROS_car_project/src/turtlebot': PYTHONPATH=/home/eirik/ROS_car_project/install/turtlebot/lib/python3.8/site-packages:${PYTHONPATH} /usr/bin/python3 setup.py egg_info --egg-base ../../build/turtlebot build --build-base /home/eirik/ROS_car_project/build/turtlebot/build install --prefix /home/eirik/ROS_car_project/install/turtlebot --record /home/eirik/ROS_car_project/build/turtlebot/install.log --single-version-externally-managed
[2.965s] DEBUG:colcon.colcon_core.event_handler.log_command:Invoked command in '/home/eirik/ROS_car_project/src/snapping_turtle_2' returned '0': PYTHONPATH=/home/eirik/ROS_car_project/install/snapping_turtle_2/lib/python3.8/site-packages:${PYTHONPATH} /usr/bin/python3 setup.py egg_info --egg-base ../../build/snapping_turtle_2 build --build-base /home/eirik/ROS_car_project/build/snapping_turtle_2/build install --prefix /home/eirik/ROS_car_project/install/snapping_turtle_2 --record /home/eirik/ROS_car_project/build/snapping_turtle_2/install.log --single-version-externally-managed
[2.974s] Level 1:colcon.colcon_core.environment:checking '/home/eirik/ROS_car_project/install/snapping_turtle_2' for CMake module files
[2.975s] Level 1:colcon.colcon_core.environment:checking '/home/eirik/ROS_car_project/install/snapping_turtle_2' for CMake config files
[2.977s] Level 1:colcon.colcon_core.environment:checking '/home/eirik/ROS_car_project/install/snapping_turtle_2/lib'
[2.977s] Level 1:colcon.colcon_core.environment:checking '/home/eirik/ROS_car_project/install/snapping_turtle_2/bin'
[2.977s] Level 1:colcon.colcon_core.environment:checking '/home/eirik/ROS_car_project/install/snapping_turtle_2/lib/pkgconfig/snapping_turtle_2.pc'
[2.978s] Level 1:colcon.colcon_core.environment:checking '/home/eirik/ROS_car_project/install/snapping_turtle_2/lib/python3.8/site-packages'
[2.978s] Level 1:colcon.colcon_core.shell:create_environment_hook('snapping_turtle_2', 'pythonpath')
[2.981s] INFO:colcon.colcon_core.shell:Creating environment hook '/home/eirik/ROS_car_project/install/snapping_turtle_2/share/snapping_turtle_2/hook/pythonpath.ps1'
[2.983s] INFO:colcon.colcon_core.shell:Creating environment descriptor '/home/eirik/ROS_car_project/install/snapping_turtle_2/share/snapping_turtle_2/hook/pythonpath.dsv'
[2.984s] INFO:colcon.colcon_core.shell:Creating environment hook '/home/eirik/ROS_car_project/install/snapping_turtle_2/share/snapping_turtle_2/hook/pythonpath.sh'
[2.985s] Level 1:colcon.colcon_core.environment:checking '/home/eirik/ROS_car_project/install/snapping_turtle_2/bin'
[2.985s] Level 1:colcon.colcon_core.environment:create_environment_scripts_only(snapping_turtle_2)
[2.988s] INFO:colcon.colcon_core.shell:Creating package script '/home/eirik/ROS_car_project/install/snapping_turtle_2/share/snapping_turtle_2/package.ps1'
[2.989s] INFO:colcon.colcon_core.shell:Creating package descriptor '/home/eirik/ROS_car_project/install/snapping_turtle_2/share/snapping_turtle_2/package.dsv'
[2.991s] INFO:colcon.colcon_core.shell:Creating package script '/home/eirik/ROS_car_project/install/snapping_turtle_2/share/snapping_turtle_2/package.sh'
[2.992s] INFO:colcon.colcon_core.shell:Creating package script '/home/eirik/ROS_car_project/install/snapping_turtle_2/share/snapping_turtle_2/package.bash'
[2.994s] INFO:colcon.colcon_core.shell:Creating package script '/home/eirik/ROS_car_project/install/snapping_turtle_2/share/snapping_turtle_2/package.zsh'
[2.996s] Level 1:colcon.colcon_core.environment:create_file_with_runtime_dependencies(/home/eirik/ROS_car_project/install/snapping_turtle_2/share/colcon-core/packages/snapping_turtle_2)
[3.003s] Level 1:colcon.colcon_core.environment:checking '/home/eirik/ROS_car_project/install/recorder' for CMake module files
[3.005s] DEBUG:colcon.colcon_core.event_handler.log_command:Invoked command in '/home/eirik/ROS_car_project/src/recorder' returned '0': PYTHONPATH=/home/eirik/ROS_car_project/install/recorder/lib/python3.8/site-packages:${PYTHONPATH} /usr/bin/python3 setup.py egg_info --egg-base ../../build/recorder build --build-base /home/eirik/ROS_car_project/build/recorder/build install --prefix /home/eirik/ROS_car_project/install/recorder --record /home/eirik/ROS_car_project/build/recorder/install.log --single-version-externally-managed
[3.005s] Level 1:colcon.colcon_core.environment:checking '/home/eirik/ROS_car_project/install/recorder' for CMake config files
[3.006s] Level 1:colcon.colcon_core.environment:checking '/home/eirik/ROS_car_project/install/recorder/lib'
[3.006s] Level 1:colcon.colcon_core.environment:checking '/home/eirik/ROS_car_project/install/recorder/bin'
[3.006s] Level 1:colcon.colcon_core.environment:checking '/home/eirik/ROS_car_project/install/recorder/lib/pkgconfig/recorder.pc'
[3.006s] Level 1:colcon.colcon_core.environment:checking '/home/eirik/ROS_car_project/install/recorder/lib/python3.8/site-packages'
[3.007s] Level 1:colcon.colcon_core.shell:create_environment_hook('recorder', 'pythonpath')
[3.008s] INFO:colcon.colcon_core.shell:Creating environment hook '/home/eirik/ROS_car_project/install/recorder/share/recorder/hook/pythonpath.ps1'
[3.009s] INFO:colcon.colcon_core.shell:Creating environment descriptor '/home/eirik/ROS_car_project/install/recorder/share/recorder/hook/pythonpath.dsv'
[3.010s] INFO:colcon.colcon_core.shell:Creating environment hook '/home/eirik/ROS_car_project/install/recorder/share/recorder/hook/pythonpath.sh'
[3.011s] Level 1:colcon.colcon_core.environment:checking '/home/eirik/ROS_car_project/install/recorder/bin'
[3.011s] Level 1:colcon.colcon_core.environment:create_environment_scripts_only(recorder)
[3.013s] INFO:colcon.colcon_core.shell:Creating package script '/home/eirik/ROS_car_project/install/recorder/share/recorder/package.ps1'
[3.013s] INFO:colcon.colcon_core.shell:Creating package descriptor '/home/eirik/ROS_car_project/install/recorder/share/recorder/package.dsv'
[3.014s] INFO:colcon.colcon_core.shell:Creating package script '/home/eirik/ROS_car_project/install/recorder/share/recorder/package.sh'
[3.015s] INFO:colcon.colcon_core.shell:Creating package script '/home/eirik/ROS_car_project/install/recorder/share/recorder/package.bash'
[3.015s] INFO:colcon.colcon_core.shell:Creating package script '/home/eirik/ROS_car_project/install/recorder/share/recorder/package.zsh'
[3.016s] Level 1:colcon.colcon_core.environment:create_file_with_runtime_dependencies(/home/eirik/ROS_car_project/install/recorder/share/colcon-core/packages/recorder)
[3.020s] Level 1:colcon.colcon_core.environment:checking '/home/eirik/ROS_car_project/install/turtlebot3_antmobile' for CMake module files
[3.021s] Level 1:colcon.colcon_core.environment:checking '/home/eirik/ROS_car_project/install/turtlebot3_antmobile' for CMake config files
[3.021s] DEBUG:colcon.colcon_core.event_handler.log_command:Invoked command in '/home/eirik/ROS_car_project/src/turtlebot3_antmobile' returned '0': PYTHONPATH=/home/eirik/ROS_car_project/install/turtlebot3_antmobile/lib/python3.8/site-packages:${PYTHONPATH} /usr/bin/python3 setup.py egg_info --egg-base ../../build/turtlebot3_antmobile build --build-base /home/eirik/ROS_car_project/build/turtlebot3_antmobile/build install --prefix /home/eirik/ROS_car_project/install/turtlebot3_antmobile --record /home/eirik/ROS_car_project/build/turtlebot3_antmobile/install.log --single-version-externally-managed
[3.022s] Level 1:colcon.colcon_core.environment:checking '/home/eirik/ROS_car_project/install/turtlebot3_antmobile/lib'
[3.022s] Level 1:colcon.colcon_core.environment:checking '/home/eirik/ROS_car_project/install/turtlebot3_antmobile/bin'
[3.022s] Level 1:colcon.colcon_core.environment:checking '/home/eirik/ROS_car_project/install/turtlebot3_antmobile/lib/pkgconfig/turtlebot3_antmobile.pc'
[3.022s] Level 1:colcon.colcon_core.environment:checking '/home/eirik/ROS_car_project/install/turtlebot3_antmobile/lib/python3.8/site-packages'
[3.023s] Level 1:colcon.colcon_core.shell:create_environment_hook('turtlebot3_antmobile', 'pythonpath')
[3.024s] INFO:colcon.colcon_core.shell:Creating environment hook '/home/eirik/ROS_car_project/install/turtlebot3_antmobile/share/turtlebot3_antmobile/hook/pythonpath.ps1'
[3.025s] INFO:colcon.colcon_core.shell:Creating environment descriptor '/home/eirik/ROS_car_project/install/turtlebot3_antmobile/share/turtlebot3_antmobile/hook/pythonpath.dsv'
[3.025s] INFO:colcon.colcon_core.shell:Creating environment hook '/home/eirik/ROS_car_project/install/turtlebot3_antmobile/share/turtlebot3_antmobile/hook/pythonpath.sh'
[3.026s] Level 1:colcon.colcon_core.environment:checking '/home/eirik/ROS_car_project/install/turtlebot3_antmobile/bin'
[3.026s] Level 1:colcon.colcon_core.environment:create_environment_scripts_only(turtlebot3_antmobile)
[3.028s] INFO:colcon.colcon_core.shell:Creating package script '/home/eirik/ROS_car_project/install/turtlebot3_antmobile/share/turtlebot3_antmobile/package.ps1'
[3.028s] INFO:colcon.colcon_core.shell:Creating package descriptor '/home/eirik/ROS_car_project/install/turtlebot3_antmobile/share/turtlebot3_antmobile/package.dsv'
[3.029s] INFO:colcon.colcon_core.shell:Creating package script '/home/eirik/ROS_car_project/install/turtlebot3_antmobile/share/turtlebot3_antmobile/package.sh'
[3.030s] INFO:colcon.colcon_core.shell:Creating package script '/home/eirik/ROS_car_project/install/turtlebot3_antmobile/share/turtlebot3_antmobile/package.bash'
[3.030s] INFO:colcon.colcon_core.shell:Creating package script '/home/eirik/ROS_car_project/install/turtlebot3_antmobile/share/turtlebot3_antmobile/package.zsh'
[3.031s] Level 1:colcon.colcon_core.environment:create_file_with_runtime_dependencies(/home/eirik/ROS_car_project/install/turtlebot3_antmobile/share/colcon-core/packages/turtlebot3_antmobile)
[3.034s] Level 1:colcon.colcon_core.environment:checking '/home/eirik/ROS_car_project/install/snapping_turtle' for CMake module files
[3.036s] Level 1:colcon.colcon_core.environment:checking '/home/eirik/ROS_car_project/install/snapping_turtle' for CMake config files
[3.036s] DEBUG:colcon.colcon_core.event_handler.log_command:Invoked command in '/home/eirik/ROS_car_project/src/snapping_turtle' returned '0': PYTHONPATH=/home/eirik/ROS_car_project/install/snapping_turtle/lib/python3.8/site-packages:${PYTHONPATH} /usr/bin/python3 setup.py egg_info --egg-base ../../build/snapping_turtle build --build-base /home/eirik/ROS_car_project/build/snapping_turtle/build install --prefix /home/eirik/ROS_car_project/install/snapping_turtle --record /home/eirik/ROS_car_project/build/snapping_turtle/install.log --single-version-externally-managed
[3.037s] Level 1:colcon.colcon_core.environment:checking '/home/eirik/ROS_car_project/install/snapping_turtle/lib'
[3.037s] Level 1:colcon.colcon_core.environment:checking '/home/eirik/ROS_car_project/install/snapping_turtle/bin'
[3.037s] Level 1:colcon.colcon_core.environment:checking '/home/eirik/ROS_car_project/install/snapping_turtle/lib/pkgconfig/snapping_turtle.pc'
[3.037s] Level 1:colcon.colcon_core.environment:checking '/home/eirik/ROS_car_project/install/snapping_turtle/lib/python3.8/site-packages'
[3.037s] Level 1:colcon.colcon_core.shell:create_environment_hook('snapping_turtle', 'pythonpath')
[3.040s] INFO:colcon.colcon_core.shell:Creating environment hook '/home/eirik/ROS_car_project/install/snapping_turtle/share/snapping_turtle/hook/pythonpath.ps1'
[3.041s] INFO:colcon.colcon_core.shell:Creating environment descriptor '/home/eirik/ROS_car_project/install/snapping_turtle/share/snapping_turtle/hook/pythonpath.dsv'
[3.041s] INFO:colcon.colcon_core.shell:Creating environment hook '/home/eirik/ROS_car_project/install/snapping_turtle/share/snapping_turtle/hook/pythonpath.sh'
[3.042s] Level 1:colcon.colcon_core.environment:checking '/home/eirik/ROS_car_project/install/snapping_turtle/bin'
[3.042s] Level 1:colcon.colcon_core.environment:create_environment_scripts_only(snapping_turtle)
[3.045s] INFO:colcon.colcon_core.shell:Creating package script '/home/eirik/ROS_car_project/install/snapping_turtle/share/snapping_turtle/package.ps1'
[3.046s] INFO:colcon.colcon_core.shell:Creating package descriptor '/home/eirik/ROS_car_project/install/snapping_turtle/share/snapping_turtle/package.dsv'
[3.047s] INFO:colcon.colcon_core.shell:Creating package script '/home/eirik/ROS_car_project/install/snapping_turtle/share/snapping_turtle/package.sh'
[3.047s] INFO:colcon.colcon_core.shell:Creating package script '/home/eirik/ROS_car_project/install/snapping_turtle/share/snapping_turtle/package.bash'
[3.048s] INFO:colcon.colcon_core.shell:Creating package script '/home/eirik/ROS_car_project/install/snapping_turtle/share/snapping_turtle/package.zsh'
[3.048s] Level 1:colcon.colcon_core.environment:create_file_with_runtime_dependencies(/home/eirik/ROS_car_project/install/snapping_turtle/share/colcon-core/packages/snapping_turtle)
[3.052s] Level 1:colcon.colcon_core.environment:checking '/home/eirik/ROS_car_project/install/turtlebot' for CMake module files
[3.053s] Level 1:colcon.colcon_core.environment:checking '/home/eirik/ROS_car_project/install/turtlebot' for CMake config files
[3.054s] DEBUG:colcon.colcon_core.event_handler.log_command:Invoked command in '/home/eirik/ROS_car_project/src/turtlebot' returned '0': PYTHONPATH=/home/eirik/ROS_car_project/install/turtlebot/lib/python3.8/site-packages:${PYTHONPATH} /usr/bin/python3 setup.py egg_info --egg-base ../../build/turtlebot build --build-base /home/eirik/ROS_car_project/build/turtlebot/build install --prefix /home/eirik/ROS_car_project/install/turtlebot --record /home/eirik/ROS_car_project/build/turtlebot/install.log --single-version-externally-managed
[3.055s] Level 1:colcon.colcon_core.environment:checking '/home/eirik/ROS_car_project/install/turtlebot/lib'
[3.055s] Level 1:colcon.colcon_core.environment:checking '/home/eirik/ROS_car_project/install/turtlebot/bin'
[3.055s] Level 1:colcon.colcon_core.environment:checking '/home/eirik/ROS_car_project/install/turtlebot/lib/pkgconfig/turtlebot.pc'
[3.055s] Level 1:colcon.colcon_core.environment:checking '/home/eirik/ROS_car_project/install/turtlebot/lib/python3.8/site-packages'
[3.055s] Level 1:colcon.colcon_core.shell:create_environment_hook('turtlebot', 'pythonpath')
[3.057s] INFO:colcon.colcon_core.shell:Creating environment hook '/home/eirik/ROS_car_project/install/turtlebot/share/turtlebot/hook/pythonpath.ps1'
[3.057s] INFO:colcon.colcon_core.shell:Creating environment descriptor '/home/eirik/ROS_car_project/install/turtlebot/share/turtlebot/hook/pythonpath.dsv'
[3.058s] INFO:colcon.colcon_core.shell:Creating environment hook '/home/eirik/ROS_car_project/install/turtlebot/share/turtlebot/hook/pythonpath.sh'
[3.058s] Level 1:colcon.colcon_core.environment:checking '/home/eirik/ROS_car_project/install/turtlebot/bin'
[3.058s] Level 1:colcon.colcon_core.environment:create_environment_scripts_only(turtlebot)
[3.060s] INFO:colcon.colcon_core.shell:Creating package script '/home/eirik/ROS_car_project/install/turtlebot/share/turtlebot/package.ps1'
[3.061s] INFO:colcon.colcon_core.shell:Creating package descriptor '/home/eirik/ROS_car_project/install/turtlebot/share/turtlebot/package.dsv'
[3.061s] INFO:colcon.colcon_core.shell:Creating package script '/home/eirik/ROS_car_project/install/turtlebot/share/turtlebot/package.sh'
[3.062s] INFO:colcon.colcon_core.shell:Creating package script '/home/eirik/ROS_car_project/install/turtlebot/share/turtlebot/package.bash'
[3.062s] INFO:colcon.colcon_core.shell:Creating package script '/home/eirik/ROS_car_project/install/turtlebot/share/turtlebot/package.zsh'
[3.063s] Level 1:colcon.colcon_core.environment:create_file_with_runtime_dependencies(/home/eirik/ROS_car_project/install/turtlebot/share/colcon-core/packages/turtlebot)
[3.063s] DEBUG:colcon.colcon_parallel_executor.executor.parallel:closing loop
[3.063s] DEBUG:colcon.colcon_parallel_executor.executor.parallel:loop closed
[3.063s] DEBUG:colcon.colcon_parallel_executor.executor.parallel:run_until_complete finished with '0'
[3.064s] DEBUG:colcon.colcon_core.event_reactor:joining thread
[3.077s] INFO:colcon.colcon_core.plugin_system:Skipping extension 'colcon_notification.desktop_notification.terminal_notifier': Not used on non-Darwin systems
[3.077s] INFO:colcon.colcon_core.plugin_system:Skipping extension 'colcon_notification.desktop_notification.win32': Not used on non-Windows systems
[3.077s] INFO:colcon.colcon_notification.desktop_notification:Sending desktop notification using 'notify2'
[3.105s] DEBUG:colcon.colcon_core.event_reactor:joined thread
[3.108s] INFO:colcon.colcon_core.shell:Creating prefix script '/home/eirik/ROS_car_project/install/local_setup.ps1'
[3.110s] INFO:colcon.colcon_core.shell:Creating prefix util module '/home/eirik/ROS_car_project/install/_local_setup_util_ps1.py'
[3.113s] INFO:colcon.colcon_core.shell:Creating prefix chain script '/home/eirik/ROS_car_project/install/setup.ps1'
[3.116s] INFO:colcon.colcon_core.shell:Creating prefix script '/home/eirik/ROS_car_project/install/local_setup.sh'
[3.116s] INFO:colcon.colcon_core.shell:Creating prefix util module '/home/eirik/ROS_car_project/install/_local_setup_util_sh.py'
[3.117s] INFO:colcon.colcon_core.shell:Creating prefix chain script '/home/eirik/ROS_car_project/install/setup.sh'
[3.119s] INFO:colcon.colcon_core.shell:Creating prefix script '/home/eirik/ROS_car_project/install/local_setup.bash'
[3.120s] INFO:colcon.colcon_core.shell:Creating prefix chain script '/home/eirik/ROS_car_project/install/setup.bash'
[3.122s] INFO:colcon.colcon_core.shell:Creating prefix script '/home/eirik/ROS_car_project/install/local_setup.zsh'
[3.123s] INFO:colcon.colcon_core.shell:Creating prefix chain script '/home/eirik/ROS_car_project/install/setup.zsh'
