running egg_info
creating ../../build/turtlebot3_antmobile/turtlebot3_antmobile.egg-info
writing ../../build/turtlebot3_antmobile/turtlebot3_antmobile.egg-info/PKG-INFO
writing dependency_links to ../../build/turtlebot3_antmobile/turtlebot3_antmobile.egg-info/dependency_links.txt
writing entry points to ../../build/turtlebot3_antmobile/turtlebot3_antmobile.egg-info/entry_points.txt
writing requirements to ../../build/turtlebot3_antmobile/turtlebot3_antmobile.egg-info/requires.txt
writing top-level names to ../../build/turtlebot3_antmobile/turtlebot3_antmobile.egg-info/top_level.txt
writing manifest file '../../build/turtlebot3_antmobile/turtlebot3_antmobile.egg-info/SOURCES.txt'
reading manifest file '../../build/turtlebot3_antmobile/turtlebot3_antmobile.egg-info/SOURCES.txt'
writing manifest file '../../build/turtlebot3_antmobile/turtlebot3_antmobile.egg-info/SOURCES.txt'
running build
running build_py
creating /home/patrick/ros2_ws/build/turtlebot3_antmobile/build
creating /home/patrick/ros2_ws/build/turtlebot3_antmobile/build/lib
creating /home/patrick/ros2_ws/build/turtlebot3_antmobile/build/lib/turtlebot3_antmobile
copying turtlebot3_antmobile/__init__.py -> /home/patrick/ros2_ws/build/turtlebot3_antmobile/build/lib/turtlebot3_antmobile
running install
running install_lib
creating /home/patrick/ros2_ws/install/turtlebot3_antmobile/lib/python3.8/site-packages/turtlebot3_antmobile
copying /home/patrick/ros2_ws/build/turtlebot3_antmobile/build/lib/turtlebot3_antmobile/__init__.py -> /home/patrick/ros2_ws/install/turtlebot3_antmobile/lib/python3.8/site-packages/turtlebot3_antmobile
byte-compiling /home/patrick/ros2_ws/install/turtlebot3_antmobile/lib/python3.8/site-packages/turtlebot3_antmobile/__init__.py to __init__.cpython-38.pyc
running install_data
creating /home/patrick/ros2_ws/install/turtlebot3_antmobile/share/ament_index
creating /home/patrick/ros2_ws/install/turtlebot3_antmobile/share/ament_index/resource_index
creating /home/patrick/ros2_ws/install/turtlebot3_antmobile/share/ament_index/resource_index/packages
copying resource/turtlebot3_antmobile -> /home/patrick/ros2_ws/install/turtlebot3_antmobile/share/ament_index/resource_index/packages
copying package.xml -> /home/patrick/ros2_ws/install/turtlebot3_antmobile/share/turtlebot3_antmobile
running install_egg_info
Copying ../../build/turtlebot3_antmobile/turtlebot3_antmobile.egg-info to /home/patrick/ros2_ws/install/turtlebot3_antmobile/lib/python3.8/site-packages/turtlebot3_antmobile-0.0.0-py3.8.egg-info
running install_scripts
writing list of installed files to '/home/patrick/ros2_ws/build/turtlebot3_antmobile/install.log'
