[0.696s] Invoking command in '/home/patrick/ros2_ws/src/turtlebot3_antmobile': PYTHONPATH=/home/patrick/ros2_ws/install/turtlebot3_antmobile/lib/python3.8/site-packages:${PYTHONPATH} /usr/bin/python3 setup.py egg_info --egg-base ../../build/turtlebot3_antmobile build --build-base /home/patrick/ros2_ws/build/turtlebot3_antmobile/build install --prefix /home/patrick/ros2_ws/install/turtlebot3_antmobile --record /home/patrick/ros2_ws/build/turtlebot3_antmobile/install.log --single-version-externally-managed
[0.881s] running egg_info
[0.882s] creating ../../build/turtlebot3_antmobile/turtlebot3_antmobile.egg-info
[0.882s] writing ../../build/turtlebot3_antmobile/turtlebot3_antmobile.egg-info/PKG-INFO
[0.882s] writing dependency_links to ../../build/turtlebot3_antmobile/turtlebot3_antmobile.egg-info/dependency_links.txt
[0.882s] writing entry points to ../../build/turtlebot3_antmobile/turtlebot3_antmobile.egg-info/entry_points.txt
[0.882s] writing requirements to ../../build/turtlebot3_antmobile/turtlebot3_antmobile.egg-info/requires.txt
[0.882s] writing top-level names to ../../build/turtlebot3_antmobile/turtlebot3_antmobile.egg-info/top_level.txt
[0.883s] writing manifest file '../../build/turtlebot3_antmobile/turtlebot3_antmobile.egg-info/SOURCES.txt'
[0.909s] reading manifest file '../../build/turtlebot3_antmobile/turtlebot3_antmobile.egg-info/SOURCES.txt'
[0.909s] writing manifest file '../../build/turtlebot3_antmobile/turtlebot3_antmobile.egg-info/SOURCES.txt'
[0.910s] running build
[0.910s] running build_py
[0.910s] creating /home/patrick/ros2_ws/build/turtlebot3_antmobile/build
[0.910s] creating /home/patrick/ros2_ws/build/turtlebot3_antmobile/build/lib
[0.910s] creating /home/patrick/ros2_ws/build/turtlebot3_antmobile/build/lib/turtlebot3_antmobile
[0.910s] copying turtlebot3_antmobile/__init__.py -> /home/patrick/ros2_ws/build/turtlebot3_antmobile/build/lib/turtlebot3_antmobile
[0.910s] running install
[0.911s] running install_lib
[0.911s] creating /home/patrick/ros2_ws/install/turtlebot3_antmobile/lib/python3.8/site-packages/turtlebot3_antmobile
[0.911s] copying /home/patrick/ros2_ws/build/turtlebot3_antmobile/build/lib/turtlebot3_antmobile/__init__.py -> /home/patrick/ros2_ws/install/turtlebot3_antmobile/lib/python3.8/site-packages/turtlebot3_antmobile
[0.912s] byte-compiling /home/patrick/ros2_ws/install/turtlebot3_antmobile/lib/python3.8/site-packages/turtlebot3_antmobile/__init__.py to __init__.cpython-38.pyc
[0.913s] running install_data
[0.913s] creating /home/patrick/ros2_ws/install/turtlebot3_antmobile/share/ament_index
[0.913s] creating /home/patrick/ros2_ws/install/turtlebot3_antmobile/share/ament_index/resource_index
[0.913s] creating /home/patrick/ros2_ws/install/turtlebot3_antmobile/share/ament_index/resource_index/packages
[0.914s] copying resource/turtlebot3_antmobile -> /home/patrick/ros2_ws/install/turtlebot3_antmobile/share/ament_index/resource_index/packages
[0.914s] copying package.xml -> /home/patrick/ros2_ws/install/turtlebot3_antmobile/share/turtlebot3_antmobile
[0.914s] running install_egg_info
[0.915s] Copying ../../build/turtlebot3_antmobile/turtlebot3_antmobile.egg-info to /home/patrick/ros2_ws/install/turtlebot3_antmobile/lib/python3.8/site-packages/turtlebot3_antmobile-0.0.0-py3.8.egg-info
[0.916s] running install_scripts
[0.929s] writing list of installed files to '/home/patrick/ros2_ws/build/turtlebot3_antmobile/install.log'
[0.951s] Invoked command in '/home/patrick/ros2_ws/src/turtlebot3_antmobile' returned '0': PYTHONPATH=/home/patrick/ros2_ws/install/turtlebot3_antmobile/lib/python3.8/site-packages:${PYTHONPATH} /usr/bin/python3 setup.py egg_info --egg-base ../../build/turtlebot3_antmobile build --build-base /home/patrick/ros2_ws/build/turtlebot3_antmobile/build install --prefix /home/patrick/ros2_ws/install/turtlebot3_antmobile --record /home/patrick/ros2_ws/build/turtlebot3_antmobile/install.log --single-version-externally-managed
