running egg_info
writing ../../build/turtlebot/turtlebot.egg-info/PKG-INFO
writing dependency_links to ../../build/turtlebot/turtlebot.egg-info/dependency_links.txt
writing entry points to ../../build/turtlebot/turtlebot.egg-info/entry_points.txt
writing requirements to ../../build/turtlebot/turtlebot.egg-info/requires.txt
writing top-level names to ../../build/turtlebot/turtlebot.egg-info/top_level.txt
reading manifest file '../../build/turtlebot/turtlebot.egg-info/SOURCES.txt'
writing manifest file '../../build/turtlebot/turtlebot.egg-info/SOURCES.txt'
running build
running build_py
copying turtlebot/controller_publisher_utils.py -> /home/eirik/ROS_car_project/build/turtlebot/build/lib/turtlebot
copying turtlebot/controller_with_MV.py -> /home/eirik/ROS_car_project/build/turtlebot/build/lib/turtlebot
running install
running install_lib
copying /home/eirik/ROS_car_project/build/turtlebot/build/lib/turtlebot/controller_publisher_utils.py -> /home/eirik/ROS_car_project/install/turtlebot/lib/python3.8/site-packages/turtlebot
copying /home/eirik/ROS_car_project/build/turtlebot/build/lib/turtlebot/controller_with_MV.py -> /home/eirik/ROS_car_project/install/turtlebot/lib/python3.8/site-packages/turtlebot
byte-compiling /home/eirik/ROS_car_project/install/turtlebot/lib/python3.8/site-packages/turtlebot/controller_publisher_utils.py to controller_publisher_utils.cpython-38.pyc
byte-compiling /home/eirik/ROS_car_project/install/turtlebot/lib/python3.8/site-packages/turtlebot/controller_with_MV.py to controller_with_MV.cpython-38.pyc
running install_data
running install_egg_info
removing '/home/eirik/ROS_car_project/install/turtlebot/lib/python3.8/site-packages/turtlebot-0.0.0-py3.8.egg-info' (and everything under it)
Copying ../../build/turtlebot/turtlebot.egg-info to /home/eirik/ROS_car_project/install/turtlebot/lib/python3.8/site-packages/turtlebot-0.0.0-py3.8.egg-info
running install_scripts
Installing turtlebot_controller_publisher script to /home/eirik/ROS_car_project/install/turtlebot/lib/turtlebot
writing list of installed files to '/home/eirik/ROS_car_project/build/turtlebot/install.log'
