[2.050s] Invoking command in '/home/eirik/ROS_car_project/src/turtlebot': PYTHONPATH=/home/eirik/ROS_car_project/install/turtlebot/lib/python3.8/site-packages:${PYTHONPATH} /usr/bin/python3 setup.py egg_info --egg-base ../../build/turtlebot build --build-base /home/eirik/ROS_car_project/build/turtlebot/build install --prefix /home/eirik/ROS_car_project/install/turtlebot --record /home/eirik/ROS_car_project/build/turtlebot/install.log --single-version-externally-managed
[2.307s] running egg_info
[2.308s] writing ../../build/turtlebot/turtlebot.egg-info/PKG-INFO
[2.308s] writing dependency_links to ../../build/turtlebot/turtlebot.egg-info/dependency_links.txt
[2.308s] writing entry points to ../../build/turtlebot/turtlebot.egg-info/entry_points.txt
[2.308s] writing requirements to ../../build/turtlebot/turtlebot.egg-info/requires.txt
[2.309s] writing top-level names to ../../build/turtlebot/turtlebot.egg-info/top_level.txt
[2.353s] reading manifest file '../../build/turtlebot/turtlebot.egg-info/SOURCES.txt'
[2.354s] writing manifest file '../../build/turtlebot/turtlebot.egg-info/SOURCES.txt'
[2.354s] running build
[2.355s] running build_py
[2.355s] copying turtlebot/controller_publisher_utils.py -> /home/eirik/ROS_car_project/build/turtlebot/build/lib/turtlebot
[2.355s] copying turtlebot/controller_with_MV.py -> /home/eirik/ROS_car_project/build/turtlebot/build/lib/turtlebot
[2.355s] running install
[2.356s] running install_lib
[2.358s] copying /home/eirik/ROS_car_project/build/turtlebot/build/lib/turtlebot/controller_publisher_utils.py -> /home/eirik/ROS_car_project/install/turtlebot/lib/python3.8/site-packages/turtlebot
[2.359s] copying /home/eirik/ROS_car_project/build/turtlebot/build/lib/turtlebot/controller_with_MV.py -> /home/eirik/ROS_car_project/install/turtlebot/lib/python3.8/site-packages/turtlebot
[2.359s] byte-compiling /home/eirik/ROS_car_project/install/turtlebot/lib/python3.8/site-packages/turtlebot/controller_publisher_utils.py to controller_publisher_utils.cpython-38.pyc
[2.361s] byte-compiling /home/eirik/ROS_car_project/install/turtlebot/lib/python3.8/site-packages/turtlebot/controller_with_MV.py to controller_with_MV.cpython-38.pyc
[2.362s] running install_data
[2.363s] running install_egg_info
[2.365s] removing '/home/eirik/ROS_car_project/install/turtlebot/lib/python3.8/site-packages/turtlebot-0.0.0-py3.8.egg-info' (and everything under it)
[2.365s] Copying ../../build/turtlebot/turtlebot.egg-info to /home/eirik/ROS_car_project/install/turtlebot/lib/python3.8/site-packages/turtlebot-0.0.0-py3.8.egg-info
[2.367s] running install_scripts
[2.390s] Installing turtlebot_controller_publisher script to /home/eirik/ROS_car_project/install/turtlebot/lib/turtlebot
[2.390s] writing list of installed files to '/home/eirik/ROS_car_project/build/turtlebot/install.log'
[2.458s] Invoked command in '/home/eirik/ROS_car_project/src/turtlebot' returned '0': PYTHONPATH=/home/eirik/ROS_car_project/install/turtlebot/lib/python3.8/site-packages:${PYTHONPATH} /usr/bin/python3 setup.py egg_info --egg-base ../../build/turtlebot build --build-base /home/eirik/ROS_car_project/build/turtlebot/build install --prefix /home/eirik/ROS_car_project/install/turtlebot --record /home/eirik/ROS_car_project/build/turtlebot/install.log --single-version-externally-managed
