[2.086s] Invoking command in '/home/eirik/ROS_car_project/src/recorder': PYTHONPATH=/home/eirik/ROS_car_project/install/recorder/lib/python3.8/site-packages:${PYTHONPATH} /usr/bin/python3 setup.py egg_info --egg-base ../../build/recorder build --build-base /home/eirik/ROS_car_project/build/recorder/build install --prefix /home/eirik/ROS_car_project/install/recorder --record /home/eirik/ROS_car_project/build/recorder/install.log --single-version-externally-managed
[2.354s] running egg_info
[2.354s] creating ../../build/recorder/recorder.egg-info
[2.355s] writing ../../build/recorder/recorder.egg-info/PKG-INFO
[2.355s] writing dependency_links to ../../build/recorder/recorder.egg-info/dependency_links.txt
[2.355s] writing entry points to ../../build/recorder/recorder.egg-info/entry_points.txt
[2.355s] writing requirements to ../../build/recorder/recorder.egg-info/requires.txt
[2.356s] writing top-level names to ../../build/recorder/recorder.egg-info/top_level.txt
[2.357s] writing manifest file '../../build/recorder/recorder.egg-info/SOURCES.txt'
[2.402s] reading manifest file '../../build/recorder/recorder.egg-info/SOURCES.txt'
[2.402s] writing manifest file '../../build/recorder/recorder.egg-info/SOURCES.txt'
[2.402s] running build
[2.403s] running build_py
[2.403s] creating /home/eirik/ROS_car_project/build/recorder/build
[2.403s] creating /home/eirik/ROS_car_project/build/recorder/build/lib
[2.403s] creating /home/eirik/ROS_car_project/build/recorder/build/lib/recorder
[2.404s] copying recorder/record.py -> /home/eirik/ROS_car_project/build/recorder/build/lib/recorder
[2.404s] copying recorder/__init__.py -> /home/eirik/ROS_car_project/build/recorder/build/lib/recorder
[2.404s] running install
[2.404s] running install_lib
[2.405s] creating /home/eirik/ROS_car_project/install/recorder/lib/python3.8/site-packages/recorder
[2.405s] copying /home/eirik/ROS_car_project/build/recorder/build/lib/recorder/record.py -> /home/eirik/ROS_car_project/install/recorder/lib/python3.8/site-packages/recorder
[2.406s] copying /home/eirik/ROS_car_project/build/recorder/build/lib/recorder/__init__.py -> /home/eirik/ROS_car_project/install/recorder/lib/python3.8/site-packages/recorder
[2.406s] byte-compiling /home/eirik/ROS_car_project/install/recorder/lib/python3.8/site-packages/recorder/record.py to record.cpython-38.pyc
[2.408s] byte-compiling /home/eirik/ROS_car_project/install/recorder/lib/python3.8/site-packages/recorder/__init__.py to __init__.cpython-38.pyc
[2.408s] running install_data
[2.409s] creating /home/eirik/ROS_car_project/install/recorder/share/ament_index
[2.409s] creating /home/eirik/ROS_car_project/install/recorder/share/ament_index/resource_index
[2.409s] creating /home/eirik/ROS_car_project/install/recorder/share/ament_index/resource_index/packages
[2.409s] copying resource/recorder -> /home/eirik/ROS_car_project/install/recorder/share/ament_index/resource_index/packages
[2.410s] copying package.xml -> /home/eirik/ROS_car_project/install/recorder/share/recorder
[2.410s] running install_egg_info
[2.411s] Copying ../../build/recorder/recorder.egg-info to /home/eirik/ROS_car_project/install/recorder/lib/python3.8/site-packages/recorder-0.0.0-py3.8.egg-info
[2.412s] running install_scripts
[2.433s] Installing recorder script to /home/eirik/ROS_car_project/install/recorder/lib/recorder
[2.433s] writing list of installed files to '/home/eirik/ROS_car_project/build/recorder/install.log'
[2.489s] Invoked command in '/home/eirik/ROS_car_project/src/recorder' returned '0': PYTHONPATH=/home/eirik/ROS_car_project/install/recorder/lib/python3.8/site-packages:${PYTHONPATH} /usr/bin/python3 setup.py egg_info --egg-base ../../build/recorder build --build-base /home/eirik/ROS_car_project/build/recorder/build install --prefix /home/eirik/ROS_car_project/install/recorder --record /home/eirik/ROS_car_project/build/recorder/install.log --single-version-externally-managed
