[2.046s] Invoking command in '/home/eirik/ROS_car_project/src/turtlebot': PYTHONPATH=/home/eirik/ROS_car_project/install/turtlebot/lib/python3.8/site-packages:${PYTHONPATH} /usr/bin/python3 setup.py egg_info --egg-base ../../build/turtlebot build --build-base /home/eirik/ROS_car_project/build/turtlebot/build install --prefix /home/eirik/ROS_car_project/install/turtlebot --record /home/eirik/ROS_car_project/build/turtlebot/install.log --single-version-externally-managed
[2.315s] running egg_info
[2.316s] writing ../../build/turtlebot/turtlebot.egg-info/PKG-INFO
[2.316s] writing dependency_links to ../../build/turtlebot/turtlebot.egg-info/dependency_links.txt
[2.316s] writing entry points to ../../build/turtlebot/turtlebot.egg-info/entry_points.txt
[2.316s] writing requirements to ../../build/turtlebot/turtlebot.egg-info/requires.txt
[2.316s] writing top-level names to ../../build/turtlebot/turtlebot.egg-info/top_level.txt
[2.362s] reading manifest file '../../build/turtlebot/turtlebot.egg-info/SOURCES.txt'
[2.363s] writing manifest file '../../build/turtlebot/turtlebot.egg-info/SOURCES.txt'
[2.363s] running build
[2.364s] running build_py
[2.364s] running install
[2.365s] running install_lib
[2.367s] running install_data
[2.368s] running install_egg_info
[2.370s] removing '/home/eirik/ROS_car_project/install/turtlebot/lib/python3.8/site-packages/turtlebot-0.0.0-py3.8.egg-info' (and everything under it)
[2.371s] Copying ../../build/turtlebot/turtlebot.egg-info to /home/eirik/ROS_car_project/install/turtlebot/lib/python3.8/site-packages/turtlebot-0.0.0-py3.8.egg-info
[2.371s] running install_scripts
[2.401s] Installing turtlebot_controller_publisher script to /home/eirik/ROS_car_project/install/turtlebot/lib/turtlebot
[2.401s] writing list of installed files to '/home/eirik/ROS_car_project/build/turtlebot/install.log'
[2.470s] Invoked command in '/home/eirik/ROS_car_project/src/turtlebot' returned '0': PYTHONPATH=/home/eirik/ROS_car_project/install/turtlebot/lib/python3.8/site-packages:${PYTHONPATH} /usr/bin/python3 setup.py egg_info --egg-base ../../build/turtlebot build --build-base /home/eirik/ROS_car_project/build/turtlebot/build install --prefix /home/eirik/ROS_car_project/install/turtlebot --record /home/eirik/ROS_car_project/build/turtlebot/install.log --single-version-externally-managed
