[0.192s] DEBUG:colcon:Command line arguments: ['/usr/bin/colcon', 'build']
[0.193s] DEBUG:colcon:Parsed command line arguments: Namespace(allow_overriding=[], ament_cmake_args=None, base_paths=['.'], build_base='build', catkin_cmake_args=None, catkin_skip_building_tests=False, cmake_args=None, cmake_clean_cache=False, cmake_clean_first=False, cmake_force_configure=False, cmake_target=None, cmake_target_skip_unavailable=False, continue_on_error=False, event_handlers=None, executor='parallel', ignore_user_meta=False, install_base='install', log_base=None, log_level=None, main=<bound method BuildVerb.main of <colcon_core.verb.build.BuildVerb object at 0x7f1788e79e50>>, merge_install=False, metas=['./colcon.meta'], packages_above=None, packages_above_and_dependencies=None, packages_above_depth=None, packages_end=None, packages_ignore=None, packages_ignore_regex=None, packages_select=None, packages_select_build_failed=False, packages_select_by_dep=None, packages_select_regex=None, packages_select_test_failures=False, packages_skip=None, packages_skip_build_finished=False, packages_skip_by_dep=None, packages_skip_regex=None, packages_skip_test_passed=False, packages_skip_up_to=None, packages_start=None, packages_up_to=None, packages_up_to_regex=None, parallel_workers=16, paths=None, symlink_install=False, test_result_base=None, verb_extension=<colcon_core.verb.build.BuildVerb object at 0x7f1788e79e50>, verb_name='build', verb_parser=<colcon_defaults.argument_parser.defaults.DefaultArgumentsDecorator object at 0x7f1788e83400>)
[0.222s] Level 1:colcon.colcon_core.package_discovery:discover_packages(colcon_meta) check parameters
[0.222s] Level 1:colcon.colcon_core.package_discovery:discover_packages(recursive) check parameters
[0.222s] Level 1:colcon.colcon_core.package_discovery:discover_packages(ignore) check parameters
[0.222s] Level 1:colcon.colcon_core.package_discovery:discover_packages(path) check parameters
[0.222s] Level 1:colcon.colcon_core.package_discovery:discover_packages(colcon_meta) discover
[0.222s] Level 1:colcon.colcon_core.package_discovery:discover_packages(recursive) discover
[0.222s] INFO:colcon.colcon_core.package_discovery:Crawling recursively for packages in '/home/eirik/ROS_car_project'
[0.222s] Level 1:colcon.colcon_core.package_identification:_identify(.) by extensions ['ignore', 'ignore_ament_install']
[0.222s] Level 1:colcon.colcon_core.package_identification:_identify(.) by extension 'ignore'
[0.222s] Level 1:colcon.colcon_core.package_identification:_identify(.) by extension 'ignore_ament_install'
[0.222s] Level 1:colcon.colcon_core.package_identification:_identify(.) by extensions ['colcon_pkg']
[0.222s] Level 1:colcon.colcon_core.package_identification:_identify(.) by extension 'colcon_pkg'
[0.222s] Level 1:colcon.colcon_core.package_identification:_identify(.) by extensions ['colcon_meta']
[0.222s] Level 1:colcon.colcon_core.package_identification:_identify(.) by extension 'colcon_meta'
[0.222s] Level 1:colcon.colcon_core.package_identification:_identify(.) by extensions ['ros']
[0.223s] Level 1:colcon.colcon_core.package_identification:_identify(.) by extension 'ros'
[0.247s] Level 1:colcon.colcon_core.package_identification:_identify(.) by extensions ['cmake', 'python']
[0.247s] Level 1:colcon.colcon_core.package_identification:_identify(.) by extension 'cmake'
[0.247s] Level 1:colcon.colcon_core.package_identification:_identify(.) by extension 'python'
[0.247s] Level 1:colcon.colcon_core.package_identification:_identify(.) by extensions ['python_setup_py']
[0.247s] Level 1:colcon.colcon_core.package_identification:_identify(.) by extension 'python_setup_py'
[0.247s] Level 1:colcon.colcon_core.package_identification:_identify(build) by extensions ['ignore', 'ignore_ament_install']
[0.247s] Level 1:colcon.colcon_core.package_identification:_identify(build) by extension 'ignore'
[0.247s] Level 1:colcon.colcon_core.package_identification:_identify(build) ignored
[0.247s] Level 1:colcon.colcon_core.package_identification:_identify(install) by extensions ['ignore', 'ignore_ament_install']
[0.247s] Level 1:colcon.colcon_core.package_identification:_identify(install) by extension 'ignore'
[0.247s] Level 1:colcon.colcon_core.package_identification:_identify(install) ignored
[0.248s] Level 1:colcon.colcon_core.package_identification:_identify(lane_detection) by extensions ['ignore', 'ignore_ament_install']
[0.248s] Level 1:colcon.colcon_core.package_identification:_identify(lane_detection) by extension 'ignore'
[0.248s] Level 1:colcon.colcon_core.package_identification:_identify(lane_detection) by extension 'ignore_ament_install'
[0.248s] Level 1:colcon.colcon_core.package_identification:_identify(lane_detection) by extensions ['colcon_pkg']
[0.248s] Level 1:colcon.colcon_core.package_identification:_identify(lane_detection) by extension 'colcon_pkg'
[0.248s] Level 1:colcon.colcon_core.package_identification:_identify(lane_detection) by extensions ['colcon_meta']
[0.248s] Level 1:colcon.colcon_core.package_identification:_identify(lane_detection) by extension 'colcon_meta'
[0.248s] Level 1:colcon.colcon_core.package_identification:_identify(lane_detection) by extensions ['ros']
[0.248s] Level 1:colcon.colcon_core.package_identification:_identify(lane_detection) by extension 'ros'
[0.248s] Level 1:colcon.colcon_core.package_identification:_identify(lane_detection) by extensions ['cmake', 'python']
[0.248s] Level 1:colcon.colcon_core.package_identification:_identify(lane_detection) by extension 'cmake'
[0.248s] Level 1:colcon.colcon_core.package_identification:_identify(lane_detection) by extension 'python'
[0.248s] Level 1:colcon.colcon_core.package_identification:_identify(lane_detection) by extensions ['python_setup_py']
[0.248s] Level 1:colcon.colcon_core.package_identification:_identify(lane_detection) by extension 'python_setup_py'
[0.248s] Level 1:colcon.colcon_core.package_identification:_identify(lane_detection/__pycache__) by extensions ['ignore', 'ignore_ament_install']
[0.248s] Level 1:colcon.colcon_core.package_identification:_identify(lane_detection/__pycache__) by extension 'ignore'
[0.249s] Level 1:colcon.colcon_core.package_identification:_identify(lane_detection/__pycache__) by extension 'ignore_ament_install'
[0.249s] Level 1:colcon.colcon_core.package_identification:_identify(lane_detection/__pycache__) by extensions ['colcon_pkg']
[0.249s] Level 1:colcon.colcon_core.package_identification:_identify(lane_detection/__pycache__) by extension 'colcon_pkg'
[0.249s] Level 1:colcon.colcon_core.package_identification:_identify(lane_detection/__pycache__) by extensions ['colcon_meta']
[0.249s] Level 1:colcon.colcon_core.package_identification:_identify(lane_detection/__pycache__) by extension 'colcon_meta'
[0.249s] Level 1:colcon.colcon_core.package_identification:_identify(lane_detection/__pycache__) by extensions ['ros']
[0.249s] Level 1:colcon.colcon_core.package_identification:_identify(lane_detection/__pycache__) by extension 'ros'
[0.249s] Level 1:colcon.colcon_core.package_identification:_identify(lane_detection/__pycache__) by extensions ['cmake', 'python']
[0.249s] Level 1:colcon.colcon_core.package_identification:_identify(lane_detection/__pycache__) by extension 'cmake'
[0.249s] Level 1:colcon.colcon_core.package_identification:_identify(lane_detection/__pycache__) by extension 'python'
[0.249s] Level 1:colcon.colcon_core.package_identification:_identify(lane_detection/__pycache__) by extensions ['python_setup_py']
[0.249s] Level 1:colcon.colcon_core.package_identification:_identify(lane_detection/__pycache__) by extension 'python_setup_py'
[0.249s] Level 1:colcon.colcon_core.package_identification:_identify(lane_detection/devel) by extensions ['ignore', 'ignore_ament_install']
[0.249s] Level 1:colcon.colcon_core.package_identification:_identify(lane_detection/devel) by extension 'ignore'
[0.249s] Level 1:colcon.colcon_core.package_identification:_identify(lane_detection/devel) by extension 'ignore_ament_install'
[0.249s] Level 1:colcon.colcon_core.package_identification:_identify(lane_detection/devel) by extensions ['colcon_pkg']
[0.249s] Level 1:colcon.colcon_core.package_identification:_identify(lane_detection/devel) by extension 'colcon_pkg'
[0.250s] Level 1:colcon.colcon_core.package_identification:_identify(lane_detection/devel) by extensions ['colcon_meta']
[0.250s] Level 1:colcon.colcon_core.package_identification:_identify(lane_detection/devel) by extension 'colcon_meta'
[0.250s] Level 1:colcon.colcon_core.package_identification:_identify(lane_detection/devel) by extensions ['ros']
[0.250s] Level 1:colcon.colcon_core.package_identification:_identify(lane_detection/devel) by extension 'ros'
[0.250s] Level 1:colcon.colcon_core.package_identification:_identify(lane_detection/devel) by extensions ['cmake', 'python']
[0.250s] Level 1:colcon.colcon_core.package_identification:_identify(lane_detection/devel) by extension 'cmake'
[0.250s] Level 1:colcon.colcon_core.package_identification:_identify(lane_detection/devel) by extension 'python'
[0.250s] Level 1:colcon.colcon_core.package_identification:_identify(lane_detection/devel) by extensions ['python_setup_py']
[0.250s] Level 1:colcon.colcon_core.package_identification:_identify(lane_detection/devel) by extension 'python_setup_py'
[0.250s] Level 1:colcon.colcon_core.package_identification:_identify(log) by extensions ['ignore', 'ignore_ament_install']
[0.250s] Level 1:colcon.colcon_core.package_identification:_identify(log) by extension 'ignore'
[0.250s] Level 1:colcon.colcon_core.package_identification:_identify(log) ignored
[0.250s] Level 1:colcon.colcon_core.package_identification:_identify(src) by extensions ['ignore', 'ignore_ament_install']
[0.250s] Level 1:colcon.colcon_core.package_identification:_identify(src) by extension 'ignore'
[0.250s] Level 1:colcon.colcon_core.package_identification:_identify(src) by extension 'ignore_ament_install'
[0.251s] Level 1:colcon.colcon_core.package_identification:_identify(src) by extensions ['colcon_pkg']
[0.251s] Level 1:colcon.colcon_core.package_identification:_identify(src) by extension 'colcon_pkg'
[0.251s] Level 1:colcon.colcon_core.package_identification:_identify(src) by extensions ['colcon_meta']
[0.251s] Level 1:colcon.colcon_core.package_identification:_identify(src) by extension 'colcon_meta'
[0.251s] Level 1:colcon.colcon_core.package_identification:_identify(src) by extensions ['ros']
[0.251s] Level 1:colcon.colcon_core.package_identification:_identify(src) by extension 'ros'
[0.251s] Level 1:colcon.colcon_core.package_identification:_identify(src) by extensions ['cmake', 'python']
[0.251s] Level 1:colcon.colcon_core.package_identification:_identify(src) by extension 'cmake'
[0.251s] Level 1:colcon.colcon_core.package_identification:_identify(src) by extension 'python'
[0.251s] Level 1:colcon.colcon_core.package_identification:_identify(src) by extensions ['python_setup_py']
[0.251s] Level 1:colcon.colcon_core.package_identification:_identify(src) by extension 'python_setup_py'
[0.251s] Level 1:colcon.colcon_core.package_identification:_identify(src/recorder) by extensions ['ignore', 'ignore_ament_install']
[0.251s] Level 1:colcon.colcon_core.package_identification:_identify(src/recorder) by extension 'ignore'
[0.251s] Level 1:colcon.colcon_core.package_identification:_identify(src/recorder) by extension 'ignore_ament_install'
[0.251s] Level 1:colcon.colcon_core.package_identification:_identify(src/recorder) by extensions ['colcon_pkg']
[0.251s] Level 1:colcon.colcon_core.package_identification:_identify(src/recorder) by extension 'colcon_pkg'
[0.251s] Level 1:colcon.colcon_core.package_identification:_identify(src/recorder) by extensions ['colcon_meta']
[0.251s] Level 1:colcon.colcon_core.package_identification:_identify(src/recorder) by extension 'colcon_meta'
[0.252s] Level 1:colcon.colcon_core.package_identification:_identify(src/recorder) by extensions ['ros']
[0.252s] Level 1:colcon.colcon_core.package_identification:_identify(src/recorder) by extension 'ros'
[0.254s] DEBUG:colcon.colcon_core.package_identification:Package 'src/recorder' with type 'ros.ament_python' and name 'recorder'
[0.254s] Level 1:colcon.colcon_core.package_identification:_identify(src/snapping_turtle) by extensions ['ignore', 'ignore_ament_install']
[0.255s] Level 1:colcon.colcon_core.package_identification:_identify(src/snapping_turtle) by extension 'ignore'
[0.255s] Level 1:colcon.colcon_core.package_identification:_identify(src/snapping_turtle) by extension 'ignore_ament_install'
[0.255s] Level 1:colcon.colcon_core.package_identification:_identify(src/snapping_turtle) by extensions ['colcon_pkg']
[0.255s] Level 1:colcon.colcon_core.package_identification:_identify(src/snapping_turtle) by extension 'colcon_pkg'
[0.255s] Level 1:colcon.colcon_core.package_identification:_identify(src/snapping_turtle) by extensions ['colcon_meta']
[0.255s] Level 1:colcon.colcon_core.package_identification:_identify(src/snapping_turtle) by extension 'colcon_meta'
[0.255s] Level 1:colcon.colcon_core.package_identification:_identify(src/snapping_turtle) by extensions ['ros']
[0.255s] Level 1:colcon.colcon_core.package_identification:_identify(src/snapping_turtle) by extension 'ros'
[0.256s] DEBUG:colcon.colcon_core.package_identification:Package 'src/snapping_turtle' with type 'ros.ament_python' and name 'snapping_turtle'
[0.256s] Level 1:colcon.colcon_core.package_identification:_identify(src/snapping_turtle_2) by extensions ['ignore', 'ignore_ament_install']
[0.256s] Level 1:colcon.colcon_core.package_identification:_identify(src/snapping_turtle_2) by extension 'ignore'
[0.256s] Level 1:colcon.colcon_core.package_identification:_identify(src/snapping_turtle_2) by extension 'ignore_ament_install'
[0.256s] Level 1:colcon.colcon_core.package_identification:_identify(src/snapping_turtle_2) by extensions ['colcon_pkg']
[0.256s] Level 1:colcon.colcon_core.package_identification:_identify(src/snapping_turtle_2) by extension 'colcon_pkg'
[0.256s] Level 1:colcon.colcon_core.package_identification:_identify(src/snapping_turtle_2) by extensions ['colcon_meta']
[0.256s] Level 1:colcon.colcon_core.package_identification:_identify(src/snapping_turtle_2) by extension 'colcon_meta'
[0.256s] Level 1:colcon.colcon_core.package_identification:_identify(src/snapping_turtle_2) by extensions ['ros']
[0.256s] Level 1:colcon.colcon_core.package_identification:_identify(src/snapping_turtle_2) by extension 'ros'
[0.257s] DEBUG:colcon.colcon_core.package_identification:Package 'src/snapping_turtle_2' with type 'ros.ament_python' and name 'snapping_turtle_2'
[0.257s] Level 1:colcon.colcon_core.package_identification:_identify(src/turtlebot) by extensions ['ignore', 'ignore_ament_install']
[0.257s] Level 1:colcon.colcon_core.package_identification:_identify(src/turtlebot) by extension 'ignore'
[0.257s] Level 1:colcon.colcon_core.package_identification:_identify(src/turtlebot) by extension 'ignore_ament_install'
[0.257s] Level 1:colcon.colcon_core.package_identification:_identify(src/turtlebot) by extensions ['colcon_pkg']
[0.257s] Level 1:colcon.colcon_core.package_identification:_identify(src/turtlebot) by extension 'colcon_pkg'
[0.257s] Level 1:colcon.colcon_core.package_identification:_identify(src/turtlebot) by extensions ['colcon_meta']
[0.257s] Level 1:colcon.colcon_core.package_identification:_identify(src/turtlebot) by extension 'colcon_meta'
[0.257s] Level 1:colcon.colcon_core.package_identification:_identify(src/turtlebot) by extensions ['ros']
[0.257s] Level 1:colcon.colcon_core.package_identification:_identify(src/turtlebot) by extension 'ros'
[0.258s] DEBUG:colcon.colcon_core.package_identification:Package 'src/turtlebot' with type 'ros.ament_python' and name 'turtlebot'
[0.258s] Level 1:colcon.colcon_core.package_identification:_identify(src/turtlebot3_antmobile) by extensions ['ignore', 'ignore_ament_install']
[0.258s] Level 1:colcon.colcon_core.package_identification:_identify(src/turtlebot3_antmobile) by extension 'ignore'
[0.258s] Level 1:colcon.colcon_core.package_identification:_identify(src/turtlebot3_antmobile) by extension 'ignore_ament_install'
[0.258s] Level 1:colcon.colcon_core.package_identification:_identify(src/turtlebot3_antmobile) by extensions ['colcon_pkg']
[0.258s] Level 1:colcon.colcon_core.package_identification:_identify(src/turtlebot3_antmobile) by extension 'colcon_pkg'
[0.258s] Level 1:colcon.colcon_core.package_identification:_identify(src/turtlebot3_antmobile) by extensions ['colcon_meta']
[0.258s] Level 1:colcon.colcon_core.package_identification:_identify(src/turtlebot3_antmobile) by extension 'colcon_meta'
[0.258s] Level 1:colcon.colcon_core.package_identification:_identify(src/turtlebot3_antmobile) by extensions ['ros']
[0.258s] Level 1:colcon.colcon_core.package_identification:_identify(src/turtlebot3_antmobile) by extension 'ros'
[0.259s] DEBUG:colcon.colcon_core.package_identification:Package 'src/turtlebot3_antmobile' with type 'ros.ament_python' and name 'turtlebot3_antmobile'
[0.259s] Level 1:colcon.colcon_core.package_discovery:discover_packages(recursive) using defaults
[0.259s] Level 1:colcon.colcon_core.package_discovery:discover_packages(ignore) discover
[0.259s] Level 1:colcon.colcon_core.package_discovery:discover_packages(ignore) using defaults
[0.259s] Level 1:colcon.colcon_core.package_discovery:discover_packages(path) discover
[0.259s] Level 1:colcon.colcon_core.package_discovery:discover_packages(path) using defaults
[0.289s] Level 1:colcon.colcon_core.package_discovery:discover_packages(prefix_path) check parameters
[0.289s] Level 1:colcon.colcon_core.package_discovery:discover_packages(prefix_path) discover
[0.290s] WARNING:colcon.colcon_ros.prefix_path.ament:The path '/home/eirik/ROS_car_project/install/recorder' in the environment variable AMENT_PREFIX_PATH doesn't exist
[0.292s] DEBUG:colcon.colcon_installed_package_information.package_discovery:Found 4 installed packages in /home/eirik/ROS_car_project/install
[0.294s] DEBUG:colcon.colcon_installed_package_information.package_discovery:Found 335 installed packages in /opt/ros/foxy
[0.297s] Level 1:colcon.colcon_core.package_discovery:discover_packages(prefix_path) using defaults
[0.387s] Level 5:colcon.colcon_core.verb:set package 'recorder' build argument 'cmake_args' from command line to 'None'
[0.387s] Level 5:colcon.colcon_core.verb:set package 'recorder' build argument 'cmake_target' from command line to 'None'
[0.387s] Level 5:colcon.colcon_core.verb:set package 'recorder' build argument 'cmake_target_skip_unavailable' from command line to 'False'
[0.387s] Level 5:colcon.colcon_core.verb:set package 'recorder' build argument 'cmake_clean_cache' from command line to 'False'
[0.387s] Level 5:colcon.colcon_core.verb:set package 'recorder' build argument 'cmake_clean_first' from command line to 'False'
[0.387s] Level 5:colcon.colcon_core.verb:set package 'recorder' build argument 'cmake_force_configure' from command line to 'False'
[0.387s] Level 5:colcon.colcon_core.verb:set package 'recorder' build argument 'ament_cmake_args' from command line to 'None'
[0.387s] Level 5:colcon.colcon_core.verb:set package 'recorder' build argument 'catkin_cmake_args' from command line to 'None'
[0.387s] Level 5:colcon.colcon_core.verb:set package 'recorder' build argument 'catkin_skip_building_tests' from command line to 'False'
[0.387s] DEBUG:colcon.colcon_core.verb:Building package 'recorder' with the following arguments: {'ament_cmake_args': None, 'build_base': '/home/eirik/ROS_car_project/build/recorder', 'catkin_cmake_args': None, 'catkin_skip_building_tests': False, 'cmake_args': None, 'cmake_clean_cache': False, 'cmake_clean_first': False, 'cmake_force_configure': False, 'cmake_target': None, 'cmake_target_skip_unavailable': False, 'install_base': '/home/eirik/ROS_car_project/install/recorder', 'merge_install': False, 'path': '/home/eirik/ROS_car_project/src/recorder', 'symlink_install': False, 'test_result_base': None}
[0.389s] Level 5:colcon.colcon_core.verb:set package 'snapping_turtle' build argument 'cmake_args' from command line to 'None'
[0.389s] Level 5:colcon.colcon_core.verb:set package 'snapping_turtle' build argument 'cmake_target' from command line to 'None'
[0.389s] Level 5:colcon.colcon_core.verb:set package 'snapping_turtle' build argument 'cmake_target_skip_unavailable' from command line to 'False'
[0.389s] Level 5:colcon.colcon_core.verb:set package 'snapping_turtle' build argument 'cmake_clean_cache' from command line to 'False'
[0.389s] Level 5:colcon.colcon_core.verb:set package 'snapping_turtle' build argument 'cmake_clean_first' from command line to 'False'
[0.389s] Level 5:colcon.colcon_core.verb:set package 'snapping_turtle' build argument 'cmake_force_configure' from command line to 'False'
[0.389s] Level 5:colcon.colcon_core.verb:set package 'snapping_turtle' build argument 'ament_cmake_args' from command line to 'None'
[0.389s] Level 5:colcon.colcon_core.verb:set package 'snapping_turtle' build argument 'catkin_cmake_args' from command line to 'None'
[0.389s] Level 5:colcon.colcon_core.verb:set package 'snapping_turtle' build argument 'catkin_skip_building_tests' from command line to 'False'
[0.389s] DEBUG:colcon.colcon_core.verb:Building package 'snapping_turtle' with the following arguments: {'ament_cmake_args': None, 'build_base': '/home/eirik/ROS_car_project/build/snapping_turtle', 'catkin_cmake_args': None, 'catkin_skip_building_tests': False, 'cmake_args': None, 'cmake_clean_cache': False, 'cmake_clean_first': False, 'cmake_force_configure': False, 'cmake_target': None, 'cmake_target_skip_unavailable': False, 'install_base': '/home/eirik/ROS_car_project/install/snapping_turtle', 'merge_install': False, 'path': '/home/eirik/ROS_car_project/src/snapping_turtle', 'symlink_install': False, 'test_result_base': None}
[0.390s] Level 5:colcon.colcon_core.verb:set package 'snapping_turtle_2' build argument 'cmake_args' from command line to 'None'
[0.390s] Level 5:colcon.colcon_core.verb:set package 'snapping_turtle_2' build argument 'cmake_target' from command line to 'None'
[0.390s] Level 5:colcon.colcon_core.verb:set package 'snapping_turtle_2' build argument 'cmake_target_skip_unavailable' from command line to 'False'
[0.390s] Level 5:colcon.colcon_core.verb:set package 'snapping_turtle_2' build argument 'cmake_clean_cache' from command line to 'False'
[0.390s] Level 5:colcon.colcon_core.verb:set package 'snapping_turtle_2' build argument 'cmake_clean_first' from command line to 'False'
[0.390s] Level 5:colcon.colcon_core.verb:set package 'snapping_turtle_2' build argument 'cmake_force_configure' from command line to 'False'
[0.390s] Level 5:colcon.colcon_core.verb:set package 'snapping_turtle_2' build argument 'ament_cmake_args' from command line to 'None'
[0.390s] Level 5:colcon.colcon_core.verb:set package 'snapping_turtle_2' build argument 'catkin_cmake_args' from command line to 'None'
[0.390s] Level 5:colcon.colcon_core.verb:set package 'snapping_turtle_2' build argument 'catkin_skip_building_tests' from command line to 'False'
[0.390s] DEBUG:colcon.colcon_core.verb:Building package 'snapping_turtle_2' with the following arguments: {'ament_cmake_args': None, 'build_base': '/home/eirik/ROS_car_project/build/snapping_turtle_2', 'catkin_cmake_args': None, 'catkin_skip_building_tests': False, 'cmake_args': None, 'cmake_clean_cache': False, 'cmake_clean_first': False, 'cmake_force_configure': False, 'cmake_target': None, 'cmake_target_skip_unavailable': False, 'install_base': '/home/eirik/ROS_car_project/install/snapping_turtle_2', 'merge_install': False, 'path': '/home/eirik/ROS_car_project/src/snapping_turtle_2', 'symlink_install': False, 'test_result_base': None}
[0.392s] Level 5:colcon.colcon_core.verb:set package 'turtlebot' build argument 'cmake_args' from command line to 'None'
[0.392s] Level 5:colcon.colcon_core.verb:set package 'turtlebot' build argument 'cmake_target' from command line to 'None'
[0.392s] Level 5:colcon.colcon_core.verb:set package 'turtlebot' build argument 'cmake_target_skip_unavailable' from command line to 'False'
[0.392s] Level 5:colcon.colcon_core.verb:set package 'turtlebot' build argument 'cmake_clean_cache' from command line to 'False'
[0.392s] Level 5:colcon.colcon_core.verb:set package 'turtlebot' build argument 'cmake_clean_first' from command line to 'False'
[0.392s] Level 5:colcon.colcon_core.verb:set package 'turtlebot' build argument 'cmake_force_configure' from command line to 'False'
[0.392s] Level 5:colcon.colcon_core.verb:set package 'turtlebot' build argument 'ament_cmake_args' from command line to 'None'
[0.392s] Level 5:colcon.colcon_core.verb:set package 'turtlebot' build argument 'catkin_cmake_args' from command line to 'None'
[0.392s] Level 5:colcon.colcon_core.verb:set package 'turtlebot' build argument 'catkin_skip_building_tests' from command line to 'False'
[0.392s] DEBUG:colcon.colcon_core.verb:Building package 'turtlebot' with the following arguments: {'ament_cmake_args': None, 'build_base': '/home/eirik/ROS_car_project/build/turtlebot', 'catkin_cmake_args': None, 'catkin_skip_building_tests': False, 'cmake_args': None, 'cmake_clean_cache': False, 'cmake_clean_first': False, 'cmake_force_configure': False, 'cmake_target': None, 'cmake_target_skip_unavailable': False, 'install_base': '/home/eirik/ROS_car_project/install/turtlebot', 'merge_install': False, 'path': '/home/eirik/ROS_car_project/src/turtlebot', 'symlink_install': False, 'test_result_base': None}
[0.393s] Level 5:colcon.colcon_core.verb:set package 'turtlebot3_antmobile' build argument 'cmake_args' from command line to 'None'
[0.393s] Level 5:colcon.colcon_core.verb:set package 'turtlebot3_antmobile' build argument 'cmake_target' from command line to 'None'
[0.393s] Level 5:colcon.colcon_core.verb:set package 'turtlebot3_antmobile' build argument 'cmake_target_skip_unavailable' from command line to 'False'
[0.393s] Level 5:colcon.colcon_core.verb:set package 'turtlebot3_antmobile' build argument 'cmake_clean_cache' from command line to 'False'
[0.393s] Level 5:colcon.colcon_core.verb:set package 'turtlebot3_antmobile' build argument 'cmake_clean_first' from command line to 'False'
[0.393s] Level 5:colcon.colcon_core.verb:set package 'turtlebot3_antmobile' build argument 'cmake_force_configure' from command line to 'False'
[0.393s] Level 5:colcon.colcon_core.verb:set package 'turtlebot3_antmobile' build argument 'ament_cmake_args' from command line to 'None'
[0.393s] Level 5:colcon.colcon_core.verb:set package 'turtlebot3_antmobile' build argument 'catkin_cmake_args' from command line to 'None'
[0.393s] Level 5:colcon.colcon_core.verb:set package 'turtlebot3_antmobile' build argument 'catkin_skip_building_tests' from command line to 'False'
[0.393s] DEBUG:colcon.colcon_core.verb:Building package 'turtlebot3_antmobile' with the following arguments: {'ament_cmake_args': None, 'build_base': '/home/eirik/ROS_car_project/build/turtlebot3_antmobile', 'catkin_cmake_args': None, 'catkin_skip_building_tests': False, 'cmake_args': None, 'cmake_clean_cache': False, 'cmake_clean_first': False, 'cmake_force_configure': False, 'cmake_target': None, 'cmake_target_skip_unavailable': False, 'install_base': '/home/eirik/ROS_car_project/install/turtlebot3_antmobile', 'merge_install': False, 'path': '/home/eirik/ROS_car_project/src/turtlebot3_antmobile', 'symlink_install': False, 'test_result_base': None}
[0.394s] INFO:colcon.colcon_core.executor:Executing jobs using 'parallel' executor
[0.399s] DEBUG:colcon.colcon_parallel_executor.executor.parallel:run_until_complete
[0.400s] INFO:colcon.colcon_ros.task.ament_python.build:Building ROS package in '/home/eirik/ROS_car_project/src/recorder' with build type 'ament_python'
[0.400s] Level 1:colcon.colcon_core.shell:create_environment_hook('recorder', 'ament_prefix_path')
[0.406s] INFO:colcon.colcon_core.plugin_system:Skipping extension 'colcon_core.shell.bat': Not used on non-Windows systems
[0.406s] INFO:colcon.colcon_core.shell:Creating environment hook '/home/eirik/ROS_car_project/install/recorder/share/recorder/hook/ament_prefix_path.ps1'
[0.407s] INFO:colcon.colcon_core.shell:Creating environment descriptor '/home/eirik/ROS_car_project/install/recorder/share/recorder/hook/ament_prefix_path.dsv'
[0.407s] INFO:colcon.colcon_core.shell:Creating environment hook '/home/eirik/ROS_car_project/install/recorder/share/recorder/hook/ament_prefix_path.sh'
[0.409s] INFO:colcon.colcon_core.shell:Skip shell extension 'powershell' for command environment: Not usable outside of PowerShell
[0.409s] DEBUG:colcon.colcon_core.shell:Skip shell extension 'dsv' for command environment
[0.417s] INFO:colcon.colcon_ros.task.ament_python.build:Building ROS package in '/home/eirik/ROS_car_project/src/snapping_turtle' with build type 'ament_python'
[0.417s] Level 1:colcon.colcon_core.shell:create_environment_hook('snapping_turtle', 'ament_prefix_path')
[0.419s] INFO:colcon.colcon_core.shell:Creating environment hook '/home/eirik/ROS_car_project/install/snapping_turtle/share/snapping_turtle/hook/ament_prefix_path.ps1'
[0.420s] INFO:colcon.colcon_core.shell:Creating environment descriptor '/home/eirik/ROS_car_project/install/snapping_turtle/share/snapping_turtle/hook/ament_prefix_path.dsv'
[0.421s] INFO:colcon.colcon_core.shell:Creating environment hook '/home/eirik/ROS_car_project/install/snapping_turtle/share/snapping_turtle/hook/ament_prefix_path.sh'
[0.423s] INFO:colcon.colcon_core.shell:Skip shell extension 'powershell' for command environment: Not usable outside of PowerShell
[0.423s] DEBUG:colcon.colcon_core.shell:Skip shell extension 'dsv' for command environment
[0.431s] INFO:colcon.colcon_ros.task.ament_python.build:Building ROS package in '/home/eirik/ROS_car_project/src/snapping_turtle_2' with build type 'ament_python'
[0.431s] Level 1:colcon.colcon_core.shell:create_environment_hook('snapping_turtle_2', 'ament_prefix_path')
[0.434s] INFO:colcon.colcon_core.shell:Creating environment hook '/home/eirik/ROS_car_project/install/snapping_turtle_2/share/snapping_turtle_2/hook/ament_prefix_path.ps1'
[0.435s] INFO:colcon.colcon_core.shell:Creating environment descriptor '/home/eirik/ROS_car_project/install/snapping_turtle_2/share/snapping_turtle_2/hook/ament_prefix_path.dsv'
[0.435s] INFO:colcon.colcon_core.shell:Creating environment hook '/home/eirik/ROS_car_project/install/snapping_turtle_2/share/snapping_turtle_2/hook/ament_prefix_path.sh'
[0.437s] INFO:colcon.colcon_core.shell:Skip shell extension 'powershell' for command environment: Not usable outside of PowerShell
[0.437s] DEBUG:colcon.colcon_core.shell:Skip shell extension 'dsv' for command environment
[0.445s] INFO:colcon.colcon_ros.task.ament_python.build:Building ROS package in '/home/eirik/ROS_car_project/src/turtlebot' with build type 'ament_python'
[0.445s] Level 1:colcon.colcon_core.shell:create_environment_hook('turtlebot', 'ament_prefix_path')
[0.447s] INFO:colcon.colcon_core.shell:Creating environment hook '/home/eirik/ROS_car_project/install/turtlebot/share/turtlebot/hook/ament_prefix_path.ps1'
[0.448s] INFO:colcon.colcon_core.shell:Creating environment descriptor '/home/eirik/ROS_car_project/install/turtlebot/share/turtlebot/hook/ament_prefix_path.dsv'
[0.449s] INFO:colcon.colcon_core.shell:Creating environment hook '/home/eirik/ROS_car_project/install/turtlebot/share/turtlebot/hook/ament_prefix_path.sh'
[0.451s] INFO:colcon.colcon_core.shell:Skip shell extension 'powershell' for command environment: Not usable outside of PowerShell
[0.451s] DEBUG:colcon.colcon_core.shell:Skip shell extension 'dsv' for command environment
[0.458s] INFO:colcon.colcon_ros.task.ament_python.build:Building ROS package in '/home/eirik/ROS_car_project/src/turtlebot3_antmobile' with build type 'ament_python'
[0.459s] Level 1:colcon.colcon_core.shell:create_environment_hook('turtlebot3_antmobile', 'ament_prefix_path')
[0.461s] INFO:colcon.colcon_core.shell:Creating environment hook '/home/eirik/ROS_car_project/install/turtlebot3_antmobile/share/turtlebot3_antmobile/hook/ament_prefix_path.ps1'
[0.462s] INFO:colcon.colcon_core.shell:Creating environment descriptor '/home/eirik/ROS_car_project/install/turtlebot3_antmobile/share/turtlebot3_antmobile/hook/ament_prefix_path.dsv'
[0.462s] INFO:colcon.colcon_core.shell:Creating environment hook '/home/eirik/ROS_car_project/install/turtlebot3_antmobile/share/turtlebot3_antmobile/hook/ament_prefix_path.sh'
[0.464s] INFO:colcon.colcon_core.shell:Skip shell extension 'powershell' for command environment: Not usable outside of PowerShell
[0.464s] DEBUG:colcon.colcon_core.shell:Skip shell extension 'dsv' for command environment
[0.766s] INFO:colcon.colcon_core.task.python.build:Building Python package in '/home/eirik/ROS_car_project/src/recorder'
[0.770s] INFO:colcon.colcon_core.shell:Skip shell extension 'powershell' for command environment: Not usable outside of PowerShell
[0.770s] DEBUG:colcon.colcon_core.shell:Skip shell extension 'dsv' for command environment
[1.056s] INFO:colcon.colcon_core.task.python.build:Building Python package in '/home/eirik/ROS_car_project/src/snapping_turtle'
[1.060s] INFO:colcon.colcon_core.shell:Skip shell extension 'powershell' for command environment: Not usable outside of PowerShell
[1.060s] DEBUG:colcon.colcon_core.shell:Skip shell extension 'dsv' for command environment
[1.350s] INFO:colcon.colcon_core.task.python.build:Building Python package in '/home/eirik/ROS_car_project/src/snapping_turtle_2'
[1.353s] INFO:colcon.colcon_core.shell:Skip shell extension 'powershell' for command environment: Not usable outside of PowerShell
[1.353s] DEBUG:colcon.colcon_core.shell:Skip shell extension 'dsv' for command environment
[1.655s] INFO:colcon.colcon_core.task.python.build:Building Python package in '/home/eirik/ROS_car_project/src/turtlebot'
[1.659s] INFO:colcon.colcon_core.shell:Skip shell extension 'powershell' for command environment: Not usable outside of PowerShell
[1.659s] DEBUG:colcon.colcon_core.shell:Skip shell extension 'dsv' for command environment
[1.952s] INFO:colcon.colcon_core.task.python.build:Building Python package in '/home/eirik/ROS_car_project/src/turtlebot3_antmobile'
[1.956s] INFO:colcon.colcon_core.shell:Skip shell extension 'powershell' for command environment: Not usable outside of PowerShell
[1.956s] DEBUG:colcon.colcon_core.shell:Skip shell extension 'dsv' for command environment
[2.472s] DEBUG:colcon.colcon_core.event_handler.log_command:Invoking command in '/home/eirik/ROS_car_project/src/snapping_turtle_2': PYTHONPATH=/home/eirik/ROS_car_project/install/snapping_turtle_2/lib/python3.8/site-packages:${PYTHONPATH} /usr/bin/python3 setup.py egg_info --egg-base ../../build/snapping_turtle_2 build --build-base /home/eirik/ROS_car_project/build/snapping_turtle_2/build install --prefix /home/eirik/ROS_car_project/install/snapping_turtle_2 --record /home/eirik/ROS_car_project/build/snapping_turtle_2/install.log --single-version-externally-managed
[2.481s] DEBUG:colcon.colcon_core.event_handler.log_command:Invoking command in '/home/eirik/ROS_car_project/src/snapping_turtle': PYTHONPATH=/home/eirik/ROS_car_project/install/snapping_turtle/lib/python3.8/site-packages:${PYTHONPATH} /usr/bin/python3 setup.py egg_info --egg-base ../../build/snapping_turtle build --build-base /home/eirik/ROS_car_project/build/snapping_turtle/build install --prefix /home/eirik/ROS_car_project/install/snapping_turtle --record /home/eirik/ROS_car_project/build/snapping_turtle/install.log --single-version-externally-managed
[2.489s] DEBUG:colcon.colcon_core.event_handler.log_command:Invoking command in '/home/eirik/ROS_car_project/src/recorder': PYTHONPATH=/home/eirik/ROS_car_project/install/recorder/lib/python3.8/site-packages:${PYTHONPATH} /usr/bin/python3 setup.py egg_info --egg-base ../../build/recorder build --build-base /home/eirik/ROS_car_project/build/recorder/build install --prefix /home/eirik/ROS_car_project/install/recorder --record /home/eirik/ROS_car_project/build/recorder/install.log --single-version-externally-managed
[2.499s] DEBUG:colcon.colcon_core.event_handler.log_command:Invoking command in '/home/eirik/ROS_car_project/src/turtlebot': PYTHONPATH=/home/eirik/ROS_car_project/install/turtlebot/lib/python3.8/site-packages:${PYTHONPATH} /usr/bin/python3 setup.py egg_info --egg-base ../../build/turtlebot build --build-base /home/eirik/ROS_car_project/build/turtlebot/build install --prefix /home/eirik/ROS_car_project/install/turtlebot --record /home/eirik/ROS_car_project/build/turtlebot/install.log --single-version-externally-managed
[2.502s] DEBUG:colcon.colcon_core.event_handler.log_command:Invoking command in '/home/eirik/ROS_car_project/src/turtlebot3_antmobile': PYTHONPATH=/home/eirik/ROS_car_project/install/turtlebot3_antmobile/lib/python3.8/site-packages:${PYTHONPATH} /usr/bin/python3 setup.py egg_info --egg-base ../../build/turtlebot3_antmobile build --build-base /home/eirik/ROS_car_project/build/turtlebot3_antmobile/build install --prefix /home/eirik/ROS_car_project/install/turtlebot3_antmobile --record /home/eirik/ROS_car_project/build/turtlebot3_antmobile/install.log --single-version-externally-managed
[2.866s] DEBUG:colcon.colcon_core.event_handler.log_command:Invoked command in '/home/eirik/ROS_car_project/src/snapping_turtle' returned '0': PYTHONPATH=/home/eirik/ROS_car_project/install/snapping_turtle/lib/python3.8/site-packages:${PYTHONPATH} /usr/bin/python3 setup.py egg_info --egg-base ../../build/snapping_turtle build --build-base /home/eirik/ROS_car_project/build/snapping_turtle/build install --prefix /home/eirik/ROS_car_project/install/snapping_turtle --record /home/eirik/ROS_car_project/build/snapping_turtle/install.log --single-version-externally-managed
[2.874s] Level 1:colcon.colcon_core.environment:checking '/home/eirik/ROS_car_project/install/snapping_turtle' for CMake module files
[2.875s] Level 1:colcon.colcon_core.environment:checking '/home/eirik/ROS_car_project/install/snapping_turtle' for CMake config files
[2.875s] Level 1:colcon.colcon_core.environment:checking '/home/eirik/ROS_car_project/install/snapping_turtle/lib'
[2.876s] Level 1:colcon.colcon_core.environment:checking '/home/eirik/ROS_car_project/install/snapping_turtle/bin'
[2.876s] Level 1:colcon.colcon_core.environment:checking '/home/eirik/ROS_car_project/install/snapping_turtle/lib/pkgconfig/snapping_turtle.pc'
[2.876s] Level 1:colcon.colcon_core.environment:checking '/home/eirik/ROS_car_project/install/snapping_turtle/lib/python3.8/site-packages'
[2.876s] Level 1:colcon.colcon_core.shell:create_environment_hook('snapping_turtle', 'pythonpath')
[2.878s] INFO:colcon.colcon_core.shell:Creating environment hook '/home/eirik/ROS_car_project/install/snapping_turtle/share/snapping_turtle/hook/pythonpath.ps1'
[2.879s] INFO:colcon.colcon_core.shell:Creating environment descriptor '/home/eirik/ROS_car_project/install/snapping_turtle/share/snapping_turtle/hook/pythonpath.dsv'
[2.879s] INFO:colcon.colcon_core.shell:Creating environment hook '/home/eirik/ROS_car_project/install/snapping_turtle/share/snapping_turtle/hook/pythonpath.sh'
[2.880s] Level 1:colcon.colcon_core.environment:checking '/home/eirik/ROS_car_project/install/snapping_turtle/bin'
[2.880s] Level 1:colcon.colcon_core.environment:create_environment_scripts_only(snapping_turtle)
[2.882s] INFO:colcon.colcon_core.shell:Creating package script '/home/eirik/ROS_car_project/install/snapping_turtle/share/snapping_turtle/package.ps1'
[2.883s] INFO:colcon.colcon_core.shell:Creating package descriptor '/home/eirik/ROS_car_project/install/snapping_turtle/share/snapping_turtle/package.dsv'
[2.883s] INFO:colcon.colcon_core.shell:Creating package script '/home/eirik/ROS_car_project/install/snapping_turtle/share/snapping_turtle/package.sh'
[2.884s] INFO:colcon.colcon_core.shell:Creating package script '/home/eirik/ROS_car_project/install/snapping_turtle/share/snapping_turtle/package.bash'
[2.885s] INFO:colcon.colcon_core.shell:Creating package script '/home/eirik/ROS_car_project/install/snapping_turtle/share/snapping_turtle/package.zsh'
[2.886s] Level 1:colcon.colcon_core.environment:create_file_with_runtime_dependencies(/home/eirik/ROS_car_project/install/snapping_turtle/share/colcon-core/packages/snapping_turtle)
[2.890s] Level 1:colcon.colcon_core.environment:checking '/home/eirik/ROS_car_project/install/recorder' for CMake module files
[2.892s] DEBUG:colcon.colcon_core.event_handler.log_command:Invoked command in '/home/eirik/ROS_car_project/src/recorder' returned '0': PYTHONPATH=/home/eirik/ROS_car_project/install/recorder/lib/python3.8/site-packages:${PYTHONPATH} /usr/bin/python3 setup.py egg_info --egg-base ../../build/recorder build --build-base /home/eirik/ROS_car_project/build/recorder/build install --prefix /home/eirik/ROS_car_project/install/recorder --record /home/eirik/ROS_car_project/build/recorder/install.log --single-version-externally-managed
[2.892s] Level 1:colcon.colcon_core.environment:checking '/home/eirik/ROS_car_project/install/recorder' for CMake config files
[2.892s] Level 1:colcon.colcon_core.environment:checking '/home/eirik/ROS_car_project/install/recorder/lib'
[2.892s] Level 1:colcon.colcon_core.environment:checking '/home/eirik/ROS_car_project/install/recorder/bin'
[2.893s] Level 1:colcon.colcon_core.environment:checking '/home/eirik/ROS_car_project/install/recorder/lib/pkgconfig/recorder.pc'
[2.893s] Level 1:colcon.colcon_core.environment:checking '/home/eirik/ROS_car_project/install/recorder/lib/python3.8/site-packages'
[2.893s] Level 1:colcon.colcon_core.shell:create_environment_hook('recorder', 'pythonpath')
[2.895s] INFO:colcon.colcon_core.shell:Creating environment hook '/home/eirik/ROS_car_project/install/recorder/share/recorder/hook/pythonpath.ps1'
[2.895s] INFO:colcon.colcon_core.shell:Creating environment descriptor '/home/eirik/ROS_car_project/install/recorder/share/recorder/hook/pythonpath.dsv'
[2.895s] INFO:colcon.colcon_core.shell:Creating environment hook '/home/eirik/ROS_car_project/install/recorder/share/recorder/hook/pythonpath.sh'
[2.896s] Level 1:colcon.colcon_core.environment:checking '/home/eirik/ROS_car_project/install/recorder/bin'
[2.896s] Level 1:colcon.colcon_core.environment:create_environment_scripts_only(recorder)
[2.898s] INFO:colcon.colcon_core.shell:Creating package script '/home/eirik/ROS_car_project/install/recorder/share/recorder/package.ps1'
[2.898s] INFO:colcon.colcon_core.shell:Creating package descriptor '/home/eirik/ROS_car_project/install/recorder/share/recorder/package.dsv'
[2.899s] INFO:colcon.colcon_core.shell:Creating package script '/home/eirik/ROS_car_project/install/recorder/share/recorder/package.sh'
[2.899s] INFO:colcon.colcon_core.shell:Creating package script '/home/eirik/ROS_car_project/install/recorder/share/recorder/package.bash'
[2.900s] INFO:colcon.colcon_core.shell:Creating package script '/home/eirik/ROS_car_project/install/recorder/share/recorder/package.zsh'
[2.900s] Level 1:colcon.colcon_core.environment:create_file_with_runtime_dependencies(/home/eirik/ROS_car_project/install/recorder/share/colcon-core/packages/recorder)
[2.904s] Level 1:colcon.colcon_core.environment:checking '/home/eirik/ROS_car_project/install/turtlebot' for CMake module files
[2.906s] DEBUG:colcon.colcon_core.event_handler.log_command:Invoked command in '/home/eirik/ROS_car_project/src/turtlebot' returned '0': PYTHONPATH=/home/eirik/ROS_car_project/install/turtlebot/lib/python3.8/site-packages:${PYTHONPATH} /usr/bin/python3 setup.py egg_info --egg-base ../../build/turtlebot build --build-base /home/eirik/ROS_car_project/build/turtlebot/build install --prefix /home/eirik/ROS_car_project/install/turtlebot --record /home/eirik/ROS_car_project/build/turtlebot/install.log --single-version-externally-managed
[2.906s] Level 1:colcon.colcon_core.environment:checking '/home/eirik/ROS_car_project/install/turtlebot' for CMake config files
[2.907s] Level 1:colcon.colcon_core.environment:checking '/home/eirik/ROS_car_project/install/turtlebot/lib'
[2.907s] Level 1:colcon.colcon_core.environment:checking '/home/eirik/ROS_car_project/install/turtlebot/bin'
[2.907s] Level 1:colcon.colcon_core.environment:checking '/home/eirik/ROS_car_project/install/turtlebot/lib/pkgconfig/turtlebot.pc'
[2.908s] Level 1:colcon.colcon_core.environment:checking '/home/eirik/ROS_car_project/install/turtlebot/lib/python3.8/site-packages'
[2.908s] Level 1:colcon.colcon_core.shell:create_environment_hook('turtlebot', 'pythonpath')
[2.911s] INFO:colcon.colcon_core.shell:Creating environment hook '/home/eirik/ROS_car_project/install/turtlebot/share/turtlebot/hook/pythonpath.ps1'
[2.912s] INFO:colcon.colcon_core.shell:Creating environment descriptor '/home/eirik/ROS_car_project/install/turtlebot/share/turtlebot/hook/pythonpath.dsv'
[2.913s] INFO:colcon.colcon_core.shell:Creating environment hook '/home/eirik/ROS_car_project/install/turtlebot/share/turtlebot/hook/pythonpath.sh'
[2.914s] Level 1:colcon.colcon_core.environment:checking '/home/eirik/ROS_car_project/install/turtlebot/bin'
[2.914s] Level 1:colcon.colcon_core.environment:create_environment_scripts_only(turtlebot)
[2.917s] INFO:colcon.colcon_core.shell:Creating package script '/home/eirik/ROS_car_project/install/turtlebot/share/turtlebot/package.ps1'
[2.918s] INFO:colcon.colcon_core.shell:Creating package descriptor '/home/eirik/ROS_car_project/install/turtlebot/share/turtlebot/package.dsv'
[2.919s] INFO:colcon.colcon_core.shell:Creating package script '/home/eirik/ROS_car_project/install/turtlebot/share/turtlebot/package.sh'
[2.919s] INFO:colcon.colcon_core.shell:Creating package script '/home/eirik/ROS_car_project/install/turtlebot/share/turtlebot/package.bash'
[2.920s] INFO:colcon.colcon_core.shell:Creating package script '/home/eirik/ROS_car_project/install/turtlebot/share/turtlebot/package.zsh'
[2.920s] Level 1:colcon.colcon_core.environment:create_file_with_runtime_dependencies(/home/eirik/ROS_car_project/install/turtlebot/share/colcon-core/packages/turtlebot)
[2.923s] Level 1:colcon.colcon_core.environment:checking '/home/eirik/ROS_car_project/install/snapping_turtle_2' for CMake module files
[2.924s] Level 1:colcon.colcon_core.environment:checking '/home/eirik/ROS_car_project/install/snapping_turtle_2' for CMake config files
[2.925s] DEBUG:colcon.colcon_core.event_handler.log_command:Invoked command in '/home/eirik/ROS_car_project/src/snapping_turtle_2' returned '0': PYTHONPATH=/home/eirik/ROS_car_project/install/snapping_turtle_2/lib/python3.8/site-packages:${PYTHONPATH} /usr/bin/python3 setup.py egg_info --egg-base ../../build/snapping_turtle_2 build --build-base /home/eirik/ROS_car_project/build/snapping_turtle_2/build install --prefix /home/eirik/ROS_car_project/install/snapping_turtle_2 --record /home/eirik/ROS_car_project/build/snapping_turtle_2/install.log --single-version-externally-managed
[2.925s] Level 1:colcon.colcon_core.environment:checking '/home/eirik/ROS_car_project/install/snapping_turtle_2/lib'
[2.926s] Level 1:colcon.colcon_core.environment:checking '/home/eirik/ROS_car_project/install/snapping_turtle_2/bin'
[2.926s] Level 1:colcon.colcon_core.environment:checking '/home/eirik/ROS_car_project/install/snapping_turtle_2/lib/pkgconfig/snapping_turtle_2.pc'
[2.926s] Level 1:colcon.colcon_core.environment:checking '/home/eirik/ROS_car_project/install/snapping_turtle_2/lib/python3.8/site-packages'
[2.926s] Level 1:colcon.colcon_core.shell:create_environment_hook('snapping_turtle_2', 'pythonpath')
[2.928s] INFO:colcon.colcon_core.shell:Creating environment hook '/home/eirik/ROS_car_project/install/snapping_turtle_2/share/snapping_turtle_2/hook/pythonpath.ps1'
[2.928s] INFO:colcon.colcon_core.shell:Creating environment descriptor '/home/eirik/ROS_car_project/install/snapping_turtle_2/share/snapping_turtle_2/hook/pythonpath.dsv'
[2.928s] INFO:colcon.colcon_core.shell:Creating environment hook '/home/eirik/ROS_car_project/install/snapping_turtle_2/share/snapping_turtle_2/hook/pythonpath.sh'
[2.929s] Level 1:colcon.colcon_core.environment:checking '/home/eirik/ROS_car_project/install/snapping_turtle_2/bin'
[2.929s] Level 1:colcon.colcon_core.environment:create_environment_scripts_only(snapping_turtle_2)
[2.931s] INFO:colcon.colcon_core.shell:Creating package script '/home/eirik/ROS_car_project/install/snapping_turtle_2/share/snapping_turtle_2/package.ps1'
[2.932s] INFO:colcon.colcon_core.shell:Creating package descriptor '/home/eirik/ROS_car_project/install/snapping_turtle_2/share/snapping_turtle_2/package.dsv'
[2.932s] INFO:colcon.colcon_core.shell:Creating package script '/home/eirik/ROS_car_project/install/snapping_turtle_2/share/snapping_turtle_2/package.sh'
[2.933s] INFO:colcon.colcon_core.shell:Creating package script '/home/eirik/ROS_car_project/install/snapping_turtle_2/share/snapping_turtle_2/package.bash'
[2.933s] INFO:colcon.colcon_core.shell:Creating package script '/home/eirik/ROS_car_project/install/snapping_turtle_2/share/snapping_turtle_2/package.zsh'
[2.933s] Level 1:colcon.colcon_core.environment:create_file_with_runtime_dependencies(/home/eirik/ROS_car_project/install/snapping_turtle_2/share/colcon-core/packages/snapping_turtle_2)
[2.936s] Level 1:colcon.colcon_core.environment:checking '/home/eirik/ROS_car_project/install/turtlebot3_antmobile' for CMake module files
[2.937s] Level 1:colcon.colcon_core.environment:checking '/home/eirik/ROS_car_project/install/turtlebot3_antmobile' for CMake config files
[2.938s] DEBUG:colcon.colcon_core.event_handler.log_command:Invoked command in '/home/eirik/ROS_car_project/src/turtlebot3_antmobile' returned '0': PYTHONPATH=/home/eirik/ROS_car_project/install/turtlebot3_antmobile/lib/python3.8/site-packages:${PYTHONPATH} /usr/bin/python3 setup.py egg_info --egg-base ../../build/turtlebot3_antmobile build --build-base /home/eirik/ROS_car_project/build/turtlebot3_antmobile/build install --prefix /home/eirik/ROS_car_project/install/turtlebot3_antmobile --record /home/eirik/ROS_car_project/build/turtlebot3_antmobile/install.log --single-version-externally-managed
[2.939s] Level 1:colcon.colcon_core.environment:checking '/home/eirik/ROS_car_project/install/turtlebot3_antmobile/lib'
[2.939s] Level 1:colcon.colcon_core.environment:checking '/home/eirik/ROS_car_project/install/turtlebot3_antmobile/bin'
[2.939s] Level 1:colcon.colcon_core.environment:checking '/home/eirik/ROS_car_project/install/turtlebot3_antmobile/lib/pkgconfig/turtlebot3_antmobile.pc'
[2.939s] Level 1:colcon.colcon_core.environment:checking '/home/eirik/ROS_car_project/install/turtlebot3_antmobile/lib/python3.8/site-packages'
[2.939s] Level 1:colcon.colcon_core.shell:create_environment_hook('turtlebot3_antmobile', 'pythonpath')
[2.941s] INFO:colcon.colcon_core.shell:Creating environment hook '/home/eirik/ROS_car_project/install/turtlebot3_antmobile/share/turtlebot3_antmobile/hook/pythonpath.ps1'
[2.941s] INFO:colcon.colcon_core.shell:Creating environment descriptor '/home/eirik/ROS_car_project/install/turtlebot3_antmobile/share/turtlebot3_antmobile/hook/pythonpath.dsv'
[2.942s] INFO:colcon.colcon_core.shell:Creating environment hook '/home/eirik/ROS_car_project/install/turtlebot3_antmobile/share/turtlebot3_antmobile/hook/pythonpath.sh'
[2.942s] Level 1:colcon.colcon_core.environment:checking '/home/eirik/ROS_car_project/install/turtlebot3_antmobile/bin'
[2.942s] Level 1:colcon.colcon_core.environment:create_environment_scripts_only(turtlebot3_antmobile)
[2.945s] INFO:colcon.colcon_core.shell:Creating package script '/home/eirik/ROS_car_project/install/turtlebot3_antmobile/share/turtlebot3_antmobile/package.ps1'
[2.946s] INFO:colcon.colcon_core.shell:Creating package descriptor '/home/eirik/ROS_car_project/install/turtlebot3_antmobile/share/turtlebot3_antmobile/package.dsv'
[2.947s] INFO:colcon.colcon_core.shell:Creating package script '/home/eirik/ROS_car_project/install/turtlebot3_antmobile/share/turtlebot3_antmobile/package.sh'
[2.948s] INFO:colcon.colcon_core.shell:Creating package script '/home/eirik/ROS_car_project/install/turtlebot3_antmobile/share/turtlebot3_antmobile/package.bash'
[2.949s] INFO:colcon.colcon_core.shell:Creating package script '/home/eirik/ROS_car_project/install/turtlebot3_antmobile/share/turtlebot3_antmobile/package.zsh'
[2.950s] Level 1:colcon.colcon_core.environment:create_file_with_runtime_dependencies(/home/eirik/ROS_car_project/install/turtlebot3_antmobile/share/colcon-core/packages/turtlebot3_antmobile)
[2.951s] DEBUG:colcon.colcon_parallel_executor.executor.parallel:closing loop
[2.951s] DEBUG:colcon.colcon_parallel_executor.executor.parallel:loop closed
[2.952s] DEBUG:colcon.colcon_parallel_executor.executor.parallel:run_until_complete finished with '0'
[2.952s] DEBUG:colcon.colcon_core.event_reactor:joining thread
[2.962s] INFO:colcon.colcon_core.plugin_system:Skipping extension 'colcon_notification.desktop_notification.terminal_notifier': Not used on non-Darwin systems
[2.963s] INFO:colcon.colcon_core.plugin_system:Skipping extension 'colcon_notification.desktop_notification.win32': Not used on non-Windows systems
[2.963s] INFO:colcon.colcon_notification.desktop_notification:Sending desktop notification using 'notify2'
[2.989s] DEBUG:colcon.colcon_core.event_reactor:joined thread
[2.992s] INFO:colcon.colcon_core.shell:Creating prefix script '/home/eirik/ROS_car_project/install/local_setup.ps1'
[2.994s] INFO:colcon.colcon_core.shell:Creating prefix util module '/home/eirik/ROS_car_project/install/_local_setup_util_ps1.py'
[2.996s] INFO:colcon.colcon_core.shell:Creating prefix chain script '/home/eirik/ROS_car_project/install/setup.ps1'
[2.997s] INFO:colcon.colcon_core.shell:Creating prefix script '/home/eirik/ROS_car_project/install/local_setup.sh'
[2.998s] INFO:colcon.colcon_core.shell:Creating prefix util module '/home/eirik/ROS_car_project/install/_local_setup_util_sh.py'
[2.999s] INFO:colcon.colcon_core.shell:Creating prefix chain script '/home/eirik/ROS_car_project/install/setup.sh'
[3.000s] INFO:colcon.colcon_core.shell:Creating prefix script '/home/eirik/ROS_car_project/install/local_setup.bash'
[3.001s] INFO:colcon.colcon_core.shell:Creating prefix chain script '/home/eirik/ROS_car_project/install/setup.bash'
[3.002s] INFO:colcon.colcon_core.shell:Creating prefix script '/home/eirik/ROS_car_project/install/local_setup.zsh'
[3.003s] INFO:colcon.colcon_core.shell:Creating prefix chain script '/home/eirik/ROS_car_project/install/setup.zsh'
