[0.115s] DEBUG:colcon:Command line arguments: ['/usr/bin/colcon', 'build']
[0.115s] DEBUG:colcon:Parsed command line arguments: Namespace(allow_overriding=[], ament_cmake_args=None, base_paths=['.'], build_base='build', catkin_cmake_args=None, catkin_skip_building_tests=False, cmake_args=None, cmake_clean_cache=False, cmake_clean_first=False, cmake_force_configure=False, cmake_target=None, cmake_target_skip_unavailable=False, continue_on_error=False, event_handlers=None, executor='parallel', ignore_user_meta=False, install_base='install', log_base=None, log_level=None, main=<bound method BuildVerb.main of <colcon_core.verb.build.BuildVerb object at 0x7f0d545f78b0>>, merge_install=False, metas=['./colcon.meta'], packages_above=None, packages_above_and_dependencies=None, packages_above_depth=None, packages_end=None, packages_ignore=None, packages_ignore_regex=None, packages_select=None, packages_select_build_failed=False, packages_select_by_dep=None, packages_select_regex=None, packages_select_test_failures=False, packages_skip=None, packages_skip_build_finished=False, packages_skip_by_dep=None, packages_skip_regex=None, packages_skip_test_passed=False, packages_skip_up_to=None, packages_start=None, packages_up_to=None, packages_up_to_regex=None, parallel_workers=8, paths=None, symlink_install=False, test_result_base=None, verb_extension=<colcon_core.verb.build.BuildVerb object at 0x7f0d545f78b0>, verb_name='build', verb_parser=<colcon_defaults.argument_parser.defaults.DefaultArgumentsDecorator object at 0x7f0d545f7e20>)
[0.134s] Level 1:colcon.colcon_core.package_discovery:discover_packages(colcon_meta) check parameters
[0.135s] Level 1:colcon.colcon_core.package_discovery:discover_packages(recursive) check parameters
[0.135s] Level 1:colcon.colcon_core.package_discovery:discover_packages(ignore) check parameters
[0.135s] Level 1:colcon.colcon_core.package_discovery:discover_packages(path) check parameters
[0.135s] Level 1:colcon.colcon_core.package_discovery:discover_packages(colcon_meta) discover
[0.135s] Level 1:colcon.colcon_core.package_discovery:discover_packages(recursive) discover
[0.135s] INFO:colcon.colcon_core.package_discovery:Crawling recursively for packages in '/home/patrick/ros2_ws'
[0.135s] Level 1:colcon.colcon_core.package_identification:_identify(.) by extensions ['ignore', 'ignore_ament_install']
[0.135s] Level 1:colcon.colcon_core.package_identification:_identify(.) by extension 'ignore'
[0.135s] Level 1:colcon.colcon_core.package_identification:_identify(.) by extension 'ignore_ament_install'
[0.135s] Level 1:colcon.colcon_core.package_identification:_identify(.) by extensions ['colcon_pkg']
[0.135s] Level 1:colcon.colcon_core.package_identification:_identify(.) by extension 'colcon_pkg'
[0.135s] Level 1:colcon.colcon_core.package_identification:_identify(.) by extensions ['colcon_meta']
[0.135s] Level 1:colcon.colcon_core.package_identification:_identify(.) by extension 'colcon_meta'
[0.135s] Level 1:colcon.colcon_core.package_identification:_identify(.) by extensions ['ros']
[0.135s] Level 1:colcon.colcon_core.package_identification:_identify(.) by extension 'ros'
[0.143s] Level 1:colcon.colcon_core.package_identification:_identify(.) by extensions ['cmake', 'python']
[0.143s] Level 1:colcon.colcon_core.package_identification:_identify(.) by extension 'cmake'
[0.143s] Level 1:colcon.colcon_core.package_identification:_identify(.) by extension 'python'
[0.143s] Level 1:colcon.colcon_core.package_identification:_identify(.) by extensions ['python_setup_py']
[0.143s] Level 1:colcon.colcon_core.package_identification:_identify(.) by extension 'python_setup_py'
[0.143s] Level 1:colcon.colcon_core.package_identification:_identify(build) by extensions ['ignore', 'ignore_ament_install']
[0.144s] Level 1:colcon.colcon_core.package_identification:_identify(build) by extension 'ignore'
[0.144s] Level 1:colcon.colcon_core.package_identification:_identify(build) ignored
[0.144s] Level 1:colcon.colcon_core.package_identification:_identify(install) by extensions ['ignore', 'ignore_ament_install']
[0.144s] Level 1:colcon.colcon_core.package_identification:_identify(install) by extension 'ignore'
[0.144s] Level 1:colcon.colcon_core.package_identification:_identify(install) ignored
[0.144s] Level 1:colcon.colcon_core.package_identification:_identify(log) by extensions ['ignore', 'ignore_ament_install']
[0.144s] Level 1:colcon.colcon_core.package_identification:_identify(log) by extension 'ignore'
[0.144s] Level 1:colcon.colcon_core.package_identification:_identify(log) ignored
[0.144s] Level 1:colcon.colcon_core.package_identification:_identify(src) by extensions ['ignore', 'ignore_ament_install']
[0.144s] Level 1:colcon.colcon_core.package_identification:_identify(src) by extension 'ignore'
[0.144s] Level 1:colcon.colcon_core.package_identification:_identify(src) by extension 'ignore_ament_install'
[0.144s] Level 1:colcon.colcon_core.package_identification:_identify(src) by extensions ['colcon_pkg']
[0.144s] Level 1:colcon.colcon_core.package_identification:_identify(src) by extension 'colcon_pkg'
[0.144s] Level 1:colcon.colcon_core.package_identification:_identify(src) by extensions ['colcon_meta']
[0.144s] Level 1:colcon.colcon_core.package_identification:_identify(src) by extension 'colcon_meta'
[0.144s] Level 1:colcon.colcon_core.package_identification:_identify(src) by extensions ['ros']
[0.144s] Level 1:colcon.colcon_core.package_identification:_identify(src) by extension 'ros'
[0.144s] Level 1:colcon.colcon_core.package_identification:_identify(src) by extensions ['cmake', 'python']
[0.144s] Level 1:colcon.colcon_core.package_identification:_identify(src) by extension 'cmake'
[0.144s] Level 1:colcon.colcon_core.package_identification:_identify(src) by extension 'python'
[0.144s] Level 1:colcon.colcon_core.package_identification:_identify(src) by extensions ['python_setup_py']
[0.145s] Level 1:colcon.colcon_core.package_identification:_identify(src) by extension 'python_setup_py'
[0.145s] Level 1:colcon.colcon_core.package_identification:_identify(src/snapping_turtle) by extensions ['ignore', 'ignore_ament_install']
[0.145s] Level 1:colcon.colcon_core.package_identification:_identify(src/snapping_turtle) by extension 'ignore'
[0.145s] Level 1:colcon.colcon_core.package_identification:_identify(src/snapping_turtle) by extension 'ignore_ament_install'
[0.145s] Level 1:colcon.colcon_core.package_identification:_identify(src/snapping_turtle) by extensions ['colcon_pkg']
[0.145s] Level 1:colcon.colcon_core.package_identification:_identify(src/snapping_turtle) by extension 'colcon_pkg'
[0.145s] Level 1:colcon.colcon_core.package_identification:_identify(src/snapping_turtle) by extensions ['colcon_meta']
[0.145s] Level 1:colcon.colcon_core.package_identification:_identify(src/snapping_turtle) by extension 'colcon_meta'
[0.145s] Level 1:colcon.colcon_core.package_identification:_identify(src/snapping_turtle) by extensions ['ros']
[0.145s] Level 1:colcon.colcon_core.package_identification:_identify(src/snapping_turtle) by extension 'ros'
[0.147s] DEBUG:colcon.colcon_core.package_identification:Package 'src/snapping_turtle' with type 'ros.ament_python' and name 'snapping_turtle'
[0.147s] Level 1:colcon.colcon_core.package_identification:_identify(src/snapping_turtle_2) by extensions ['ignore', 'ignore_ament_install']
[0.147s] Level 1:colcon.colcon_core.package_identification:_identify(src/snapping_turtle_2) by extension 'ignore'
[0.147s] Level 1:colcon.colcon_core.package_identification:_identify(src/snapping_turtle_2) by extension 'ignore_ament_install'
[0.147s] Level 1:colcon.colcon_core.package_identification:_identify(src/snapping_turtle_2) by extensions ['colcon_pkg']
[0.147s] Level 1:colcon.colcon_core.package_identification:_identify(src/snapping_turtle_2) by extension 'colcon_pkg'
[0.147s] Level 1:colcon.colcon_core.package_identification:_identify(src/snapping_turtle_2) by extensions ['colcon_meta']
[0.147s] Level 1:colcon.colcon_core.package_identification:_identify(src/snapping_turtle_2) by extension 'colcon_meta'
[0.147s] Level 1:colcon.colcon_core.package_identification:_identify(src/snapping_turtle_2) by extensions ['ros']
[0.147s] Level 1:colcon.colcon_core.package_identification:_identify(src/snapping_turtle_2) by extension 'ros'
[0.147s] DEBUG:colcon.colcon_core.package_identification:Package 'src/snapping_turtle_2' with type 'ros.ament_python' and name 'snapping_turtle_2'
[0.147s] Level 1:colcon.colcon_core.package_identification:_identify(src/turtlebot3_antmobile) by extensions ['ignore', 'ignore_ament_install']
[0.148s] Level 1:colcon.colcon_core.package_identification:_identify(src/turtlebot3_antmobile) by extension 'ignore'
[0.148s] Level 1:colcon.colcon_core.package_identification:_identify(src/turtlebot3_antmobile) by extension 'ignore_ament_install'
[0.148s] Level 1:colcon.colcon_core.package_identification:_identify(src/turtlebot3_antmobile) by extensions ['colcon_pkg']
[0.148s] Level 1:colcon.colcon_core.package_identification:_identify(src/turtlebot3_antmobile) by extension 'colcon_pkg'
[0.148s] Level 1:colcon.colcon_core.package_identification:_identify(src/turtlebot3_antmobile) by extensions ['colcon_meta']
[0.148s] Level 1:colcon.colcon_core.package_identification:_identify(src/turtlebot3_antmobile) by extension 'colcon_meta'
[0.148s] Level 1:colcon.colcon_core.package_identification:_identify(src/turtlebot3_antmobile) by extensions ['ros']
[0.148s] Level 1:colcon.colcon_core.package_identification:_identify(src/turtlebot3_antmobile) by extension 'ros'
[0.148s] DEBUG:colcon.colcon_core.package_identification:Package 'src/turtlebot3_antmobile' with type 'ros.ament_python' and name 'turtlebot3_antmobile'
[0.148s] Level 1:colcon.colcon_core.package_discovery:discover_packages(recursive) using defaults
[0.148s] Level 1:colcon.colcon_core.package_discovery:discover_packages(ignore) discover
[0.148s] Level 1:colcon.colcon_core.package_discovery:discover_packages(ignore) using defaults
[0.148s] Level 1:colcon.colcon_core.package_discovery:discover_packages(path) discover
[0.148s] Level 1:colcon.colcon_core.package_discovery:discover_packages(path) using defaults
[0.174s] Level 1:colcon.colcon_core.package_discovery:discover_packages(prefix_path) check parameters
[0.174s] Level 1:colcon.colcon_core.package_discovery:discover_packages(prefix_path) discover
[0.177s] DEBUG:colcon.colcon_installed_package_information.package_discovery:Found 3 installed packages in /home/patrick/ros2_ws/install
[0.178s] DEBUG:colcon.colcon_installed_package_information.package_discovery:Found 3 installed packages in /home/patrick/turtlebot3_ws/install
[0.179s] DEBUG:colcon.colcon_installed_package_information.package_discovery:Found 0 installed packages in /home/patrick/colcon_ws/install
[0.180s] DEBUG:colcon.colcon_installed_package_information.package_discovery:Found 332 installed packages in /opt/ros/foxy
[0.182s] Level 1:colcon.colcon_core.package_discovery:discover_packages(prefix_path) using defaults
[0.250s] Level 5:colcon.colcon_core.verb:set package 'snapping_turtle' build argument 'cmake_args' from command line to 'None'
[0.250s] Level 5:colcon.colcon_core.verb:set package 'snapping_turtle' build argument 'cmake_target' from command line to 'None'
[0.250s] Level 5:colcon.colcon_core.verb:set package 'snapping_turtle' build argument 'cmake_target_skip_unavailable' from command line to 'False'
[0.250s] Level 5:colcon.colcon_core.verb:set package 'snapping_turtle' build argument 'cmake_clean_cache' from command line to 'False'
[0.250s] Level 5:colcon.colcon_core.verb:set package 'snapping_turtle' build argument 'cmake_clean_first' from command line to 'False'
[0.250s] Level 5:colcon.colcon_core.verb:set package 'snapping_turtle' build argument 'cmake_force_configure' from command line to 'False'
[0.250s] Level 5:colcon.colcon_core.verb:set package 'snapping_turtle' build argument 'ament_cmake_args' from command line to 'None'
[0.250s] Level 5:colcon.colcon_core.verb:set package 'snapping_turtle' build argument 'catkin_cmake_args' from command line to 'None'
[0.250s] Level 5:colcon.colcon_core.verb:set package 'snapping_turtle' build argument 'catkin_skip_building_tests' from command line to 'False'
[0.250s] DEBUG:colcon.colcon_core.verb:Building package 'snapping_turtle' with the following arguments: {'ament_cmake_args': None, 'build_base': '/home/patrick/ros2_ws/build/snapping_turtle', 'catkin_cmake_args': None, 'catkin_skip_building_tests': False, 'cmake_args': None, 'cmake_clean_cache': False, 'cmake_clean_first': False, 'cmake_force_configure': False, 'cmake_target': None, 'cmake_target_skip_unavailable': False, 'install_base': '/home/patrick/ros2_ws/install/snapping_turtle', 'merge_install': False, 'path': '/home/patrick/ros2_ws/src/snapping_turtle', 'symlink_install': False, 'test_result_base': None}
[0.251s] Level 5:colcon.colcon_core.verb:set package 'snapping_turtle_2' build argument 'cmake_args' from command line to 'None'
[0.251s] Level 5:colcon.colcon_core.verb:set package 'snapping_turtle_2' build argument 'cmake_target' from command line to 'None'
[0.251s] Level 5:colcon.colcon_core.verb:set package 'snapping_turtle_2' build argument 'cmake_target_skip_unavailable' from command line to 'False'
[0.251s] Level 5:colcon.colcon_core.verb:set package 'snapping_turtle_2' build argument 'cmake_clean_cache' from command line to 'False'
[0.251s] Level 5:colcon.colcon_core.verb:set package 'snapping_turtle_2' build argument 'cmake_clean_first' from command line to 'False'
[0.251s] Level 5:colcon.colcon_core.verb:set package 'snapping_turtle_2' build argument 'cmake_force_configure' from command line to 'False'
[0.251s] Level 5:colcon.colcon_core.verb:set package 'snapping_turtle_2' build argument 'ament_cmake_args' from command line to 'None'
[0.251s] Level 5:colcon.colcon_core.verb:set package 'snapping_turtle_2' build argument 'catkin_cmake_args' from command line to 'None'
[0.251s] Level 5:colcon.colcon_core.verb:set package 'snapping_turtle_2' build argument 'catkin_skip_building_tests' from command line to 'False'
[0.251s] DEBUG:colcon.colcon_core.verb:Building package 'snapping_turtle_2' with the following arguments: {'ament_cmake_args': None, 'build_base': '/home/patrick/ros2_ws/build/snapping_turtle_2', 'catkin_cmake_args': None, 'catkin_skip_building_tests': False, 'cmake_args': None, 'cmake_clean_cache': False, 'cmake_clean_first': False, 'cmake_force_configure': False, 'cmake_target': None, 'cmake_target_skip_unavailable': False, 'install_base': '/home/patrick/ros2_ws/install/snapping_turtle_2', 'merge_install': False, 'path': '/home/patrick/ros2_ws/src/snapping_turtle_2', 'symlink_install': False, 'test_result_base': None}
[0.252s] Level 5:colcon.colcon_core.verb:set package 'turtlebot3_antmobile' build argument 'cmake_args' from command line to 'None'
[0.252s] Level 5:colcon.colcon_core.verb:set package 'turtlebot3_antmobile' build argument 'cmake_target' from command line to 'None'
[0.252s] Level 5:colcon.colcon_core.verb:set package 'turtlebot3_antmobile' build argument 'cmake_target_skip_unavailable' from command line to 'False'
[0.252s] Level 5:colcon.colcon_core.verb:set package 'turtlebot3_antmobile' build argument 'cmake_clean_cache' from command line to 'False'
[0.252s] Level 5:colcon.colcon_core.verb:set package 'turtlebot3_antmobile' build argument 'cmake_clean_first' from command line to 'False'
[0.252s] Level 5:colcon.colcon_core.verb:set package 'turtlebot3_antmobile' build argument 'cmake_force_configure' from command line to 'False'
[0.252s] Level 5:colcon.colcon_core.verb:set package 'turtlebot3_antmobile' build argument 'ament_cmake_args' from command line to 'None'
[0.252s] Level 5:colcon.colcon_core.verb:set package 'turtlebot3_antmobile' build argument 'catkin_cmake_args' from command line to 'None'
[0.252s] Level 5:colcon.colcon_core.verb:set package 'turtlebot3_antmobile' build argument 'catkin_skip_building_tests' from command line to 'False'
[0.252s] DEBUG:colcon.colcon_core.verb:Building package 'turtlebot3_antmobile' with the following arguments: {'ament_cmake_args': None, 'build_base': '/home/patrick/ros2_ws/build/turtlebot3_antmobile', 'catkin_cmake_args': None, 'catkin_skip_building_tests': False, 'cmake_args': None, 'cmake_clean_cache': False, 'cmake_clean_first': False, 'cmake_force_configure': False, 'cmake_target': None, 'cmake_target_skip_unavailable': False, 'install_base': '/home/patrick/ros2_ws/install/turtlebot3_antmobile', 'merge_install': False, 'path': '/home/patrick/ros2_ws/src/turtlebot3_antmobile', 'symlink_install': False, 'test_result_base': None}
[0.252s] INFO:colcon.colcon_core.executor:Executing jobs using 'parallel' executor
[0.256s] DEBUG:colcon.colcon_parallel_executor.executor.parallel:run_until_complete
[0.256s] INFO:colcon.colcon_ros.task.ament_python.build:Building ROS package in '/home/patrick/ros2_ws/src/snapping_turtle' with build type 'ament_python'
[0.256s] Level 1:colcon.colcon_core.shell:create_environment_hook('snapping_turtle', 'ament_prefix_path')
[0.259s] INFO:colcon.colcon_core.plugin_system:Skipping extension 'colcon_core.shell.bat': Not used on non-Windows systems
[0.259s] INFO:colcon.colcon_core.shell:Creating environment hook '/home/patrick/ros2_ws/install/snapping_turtle/share/snapping_turtle/hook/ament_prefix_path.ps1'
[0.260s] INFO:colcon.colcon_core.shell:Creating environment descriptor '/home/patrick/ros2_ws/install/snapping_turtle/share/snapping_turtle/hook/ament_prefix_path.dsv'
[0.260s] INFO:colcon.colcon_core.shell:Creating environment hook '/home/patrick/ros2_ws/install/snapping_turtle/share/snapping_turtle/hook/ament_prefix_path.sh'
[0.262s] INFO:colcon.colcon_core.shell:Skip shell extension 'powershell' for command environment: Not usable outside of PowerShell
[0.262s] DEBUG:colcon.colcon_core.shell:Skip shell extension 'dsv' for command environment
[0.268s] INFO:colcon.colcon_ros.task.ament_python.build:Building ROS package in '/home/patrick/ros2_ws/src/snapping_turtle_2' with build type 'ament_python'
[0.268s] Level 1:colcon.colcon_core.shell:create_environment_hook('snapping_turtle_2', 'ament_prefix_path')
[0.269s] INFO:colcon.colcon_core.shell:Creating environment hook '/home/patrick/ros2_ws/install/snapping_turtle_2/share/snapping_turtle_2/hook/ament_prefix_path.ps1'
[0.270s] INFO:colcon.colcon_core.shell:Creating environment descriptor '/home/patrick/ros2_ws/install/snapping_turtle_2/share/snapping_turtle_2/hook/ament_prefix_path.dsv'
[0.270s] INFO:colcon.colcon_core.shell:Creating environment hook '/home/patrick/ros2_ws/install/snapping_turtle_2/share/snapping_turtle_2/hook/ament_prefix_path.sh'
[0.271s] INFO:colcon.colcon_core.shell:Skip shell extension 'powershell' for command environment: Not usable outside of PowerShell
[0.272s] DEBUG:colcon.colcon_core.shell:Skip shell extension 'dsv' for command environment
[0.277s] INFO:colcon.colcon_ros.task.ament_python.build:Building ROS package in '/home/patrick/ros2_ws/src/turtlebot3_antmobile' with build type 'ament_python'
[0.278s] Level 1:colcon.colcon_core.shell:create_environment_hook('turtlebot3_antmobile', 'ament_prefix_path')
[0.279s] INFO:colcon.colcon_core.shell:Creating environment hook '/home/patrick/ros2_ws/install/turtlebot3_antmobile/share/turtlebot3_antmobile/hook/ament_prefix_path.ps1'
[0.294s] INFO:colcon.colcon_core.shell:Creating environment descriptor '/home/patrick/ros2_ws/install/turtlebot3_antmobile/share/turtlebot3_antmobile/hook/ament_prefix_path.dsv'
[0.294s] INFO:colcon.colcon_core.shell:Creating environment hook '/home/patrick/ros2_ws/install/turtlebot3_antmobile/share/turtlebot3_antmobile/hook/ament_prefix_path.sh'
[0.297s] INFO:colcon.colcon_core.shell:Skip shell extension 'powershell' for command environment: Not usable outside of PowerShell
[0.297s] DEBUG:colcon.colcon_core.shell:Skip shell extension 'dsv' for command environment
[0.480s] INFO:colcon.colcon_core.task.python.build:Building Python package in '/home/patrick/ros2_ws/src/snapping_turtle'
[0.482s] INFO:colcon.colcon_core.shell:Skip shell extension 'powershell' for command environment: Not usable outside of PowerShell
[0.482s] DEBUG:colcon.colcon_core.shell:Skip shell extension 'dsv' for command environment
[0.648s] INFO:colcon.colcon_core.task.python.build:Building Python package in '/home/patrick/ros2_ws/src/snapping_turtle_2'
[0.650s] INFO:colcon.colcon_core.shell:Skip shell extension 'powershell' for command environment: Not usable outside of PowerShell
[0.650s] DEBUG:colcon.colcon_core.shell:Skip shell extension 'dsv' for command environment
[0.824s] INFO:colcon.colcon_core.task.python.build:Building Python package in '/home/patrick/ros2_ws/src/turtlebot3_antmobile'
[0.826s] INFO:colcon.colcon_core.shell:Skip shell extension 'powershell' for command environment: Not usable outside of PowerShell
[0.826s] DEBUG:colcon.colcon_core.shell:Skip shell extension 'dsv' for command environment
[1.187s] DEBUG:colcon.colcon_core.event_handler.log_command:Invoking command in '/home/patrick/ros2_ws/src/snapping_turtle': PYTHONPATH=/home/patrick/ros2_ws/install/snapping_turtle/lib/python3.8/site-packages:${PYTHONPATH} /usr/bin/python3 setup.py egg_info --egg-base ../../build/snapping_turtle build --build-base /home/patrick/ros2_ws/build/snapping_turtle/build install --prefix /home/patrick/ros2_ws/install/snapping_turtle --record /home/patrick/ros2_ws/build/snapping_turtle/install.log --single-version-externally-managed
[1.199s] DEBUG:colcon.colcon_core.event_handler.log_command:Invoking command in '/home/patrick/ros2_ws/src/snapping_turtle_2': PYTHONPATH=/home/patrick/ros2_ws/install/snapping_turtle_2/lib/python3.8/site-packages:${PYTHONPATH} /usr/bin/python3 setup.py egg_info --egg-base ../../build/snapping_turtle_2 build --build-base /home/patrick/ros2_ws/build/snapping_turtle_2/build install --prefix /home/patrick/ros2_ws/install/snapping_turtle_2 --record /home/patrick/ros2_ws/build/snapping_turtle_2/install.log --single-version-externally-managed
[1.206s] DEBUG:colcon.colcon_core.event_handler.log_command:Invoking command in '/home/patrick/ros2_ws/src/turtlebot3_antmobile': PYTHONPATH=/home/patrick/ros2_ws/install/turtlebot3_antmobile/lib/python3.8/site-packages:${PYTHONPATH} /usr/bin/python3 setup.py egg_info --egg-base ../../build/turtlebot3_antmobile build --build-base /home/patrick/ros2_ws/build/turtlebot3_antmobile/build install --prefix /home/patrick/ros2_ws/install/turtlebot3_antmobile --record /home/patrick/ros2_ws/build/turtlebot3_antmobile/install.log --single-version-externally-managed
[1.463s] DEBUG:colcon.colcon_core.event_handler.log_command:Invoked command in '/home/patrick/ros2_ws/src/snapping_turtle' returned '0': PYTHONPATH=/home/patrick/ros2_ws/install/snapping_turtle/lib/python3.8/site-packages:${PYTHONPATH} /usr/bin/python3 setup.py egg_info --egg-base ../../build/snapping_turtle build --build-base /home/patrick/ros2_ws/build/snapping_turtle/build install --prefix /home/patrick/ros2_ws/install/snapping_turtle --record /home/patrick/ros2_ws/build/snapping_turtle/install.log --single-version-externally-managed
[1.469s] Level 1:colcon.colcon_core.environment:checking '/home/patrick/ros2_ws/install/snapping_turtle' for CMake module files
[1.469s] Level 1:colcon.colcon_core.environment:checking '/home/patrick/ros2_ws/install/snapping_turtle' for CMake config files
[1.470s] Level 1:colcon.colcon_core.environment:checking '/home/patrick/ros2_ws/install/snapping_turtle/lib'
[1.470s] Level 1:colcon.colcon_core.environment:checking '/home/patrick/ros2_ws/install/snapping_turtle/bin'
[1.470s] Level 1:colcon.colcon_core.environment:checking '/home/patrick/ros2_ws/install/snapping_turtle/lib/pkgconfig/snapping_turtle.pc'
[1.471s] Level 1:colcon.colcon_core.environment:checking '/home/patrick/ros2_ws/install/snapping_turtle/lib/python3.8/site-packages'
[1.471s] Level 1:colcon.colcon_core.shell:create_environment_hook('snapping_turtle', 'pythonpath')
[1.472s] INFO:colcon.colcon_core.shell:Creating environment hook '/home/patrick/ros2_ws/install/snapping_turtle/share/snapping_turtle/hook/pythonpath.ps1'
[1.473s] INFO:colcon.colcon_core.shell:Creating environment descriptor '/home/patrick/ros2_ws/install/snapping_turtle/share/snapping_turtle/hook/pythonpath.dsv'
[1.473s] INFO:colcon.colcon_core.shell:Creating environment hook '/home/patrick/ros2_ws/install/snapping_turtle/share/snapping_turtle/hook/pythonpath.sh'
[1.474s] Level 1:colcon.colcon_core.environment:checking '/home/patrick/ros2_ws/install/snapping_turtle/bin'
[1.474s] Level 1:colcon.colcon_core.environment:create_environment_scripts_only(snapping_turtle)
[1.476s] INFO:colcon.colcon_core.shell:Creating package script '/home/patrick/ros2_ws/install/snapping_turtle/share/snapping_turtle/package.ps1'
[1.477s] INFO:colcon.colcon_core.shell:Creating package descriptor '/home/patrick/ros2_ws/install/snapping_turtle/share/snapping_turtle/package.dsv'
[1.477s] INFO:colcon.colcon_core.shell:Creating package script '/home/patrick/ros2_ws/install/snapping_turtle/share/snapping_turtle/package.sh'
[1.478s] INFO:colcon.colcon_core.shell:Creating package script '/home/patrick/ros2_ws/install/snapping_turtle/share/snapping_turtle/package.bash'
[1.479s] INFO:colcon.colcon_core.shell:Creating package script '/home/patrick/ros2_ws/install/snapping_turtle/share/snapping_turtle/package.zsh'
[1.479s] Level 1:colcon.colcon_core.environment:create_file_with_runtime_dependencies(/home/patrick/ros2_ws/install/snapping_turtle/share/colcon-core/packages/snapping_turtle)
[1.483s] Level 1:colcon.colcon_core.environment:checking '/home/patrick/ros2_ws/install/turtlebot3_antmobile' for CMake module files
[1.483s] DEBUG:colcon.colcon_core.event_handler.log_command:Invoked command in '/home/patrick/ros2_ws/src/turtlebot3_antmobile' returned '0': PYTHONPATH=/home/patrick/ros2_ws/install/turtlebot3_antmobile/lib/python3.8/site-packages:${PYTHONPATH} /usr/bin/python3 setup.py egg_info --egg-base ../../build/turtlebot3_antmobile build --build-base /home/patrick/ros2_ws/build/turtlebot3_antmobile/build install --prefix /home/patrick/ros2_ws/install/turtlebot3_antmobile --record /home/patrick/ros2_ws/build/turtlebot3_antmobile/install.log --single-version-externally-managed
[1.483s] Level 1:colcon.colcon_core.environment:checking '/home/patrick/ros2_ws/install/turtlebot3_antmobile' for CMake config files
[1.484s] Level 1:colcon.colcon_core.environment:checking '/home/patrick/ros2_ws/install/turtlebot3_antmobile/lib'
[1.484s] Level 1:colcon.colcon_core.environment:checking '/home/patrick/ros2_ws/install/turtlebot3_antmobile/bin'
[1.484s] Level 1:colcon.colcon_core.environment:checking '/home/patrick/ros2_ws/install/turtlebot3_antmobile/lib/pkgconfig/turtlebot3_antmobile.pc'
[1.484s] Level 1:colcon.colcon_core.environment:checking '/home/patrick/ros2_ws/install/turtlebot3_antmobile/lib/python3.8/site-packages'
[1.484s] Level 1:colcon.colcon_core.shell:create_environment_hook('turtlebot3_antmobile', 'pythonpath')
[1.485s] INFO:colcon.colcon_core.shell:Creating environment hook '/home/patrick/ros2_ws/install/turtlebot3_antmobile/share/turtlebot3_antmobile/hook/pythonpath.ps1'
[1.486s] INFO:colcon.colcon_core.shell:Creating environment descriptor '/home/patrick/ros2_ws/install/turtlebot3_antmobile/share/turtlebot3_antmobile/hook/pythonpath.dsv'
[1.486s] INFO:colcon.colcon_core.shell:Creating environment hook '/home/patrick/ros2_ws/install/turtlebot3_antmobile/share/turtlebot3_antmobile/hook/pythonpath.sh'
[1.487s] Level 1:colcon.colcon_core.environment:checking '/home/patrick/ros2_ws/install/turtlebot3_antmobile/bin'
[1.487s] Level 1:colcon.colcon_core.environment:create_environment_scripts_only(turtlebot3_antmobile)
[1.488s] INFO:colcon.colcon_core.shell:Creating package script '/home/patrick/ros2_ws/install/turtlebot3_antmobile/share/turtlebot3_antmobile/package.ps1'
[1.489s] INFO:colcon.colcon_core.shell:Creating package descriptor '/home/patrick/ros2_ws/install/turtlebot3_antmobile/share/turtlebot3_antmobile/package.dsv'
[1.489s] INFO:colcon.colcon_core.shell:Creating package script '/home/patrick/ros2_ws/install/turtlebot3_antmobile/share/turtlebot3_antmobile/package.sh'
[1.489s] INFO:colcon.colcon_core.shell:Creating package script '/home/patrick/ros2_ws/install/turtlebot3_antmobile/share/turtlebot3_antmobile/package.bash'
[1.490s] INFO:colcon.colcon_core.shell:Creating package script '/home/patrick/ros2_ws/install/turtlebot3_antmobile/share/turtlebot3_antmobile/package.zsh'
[1.490s] Level 1:colcon.colcon_core.environment:create_file_with_runtime_dependencies(/home/patrick/ros2_ws/install/turtlebot3_antmobile/share/colcon-core/packages/turtlebot3_antmobile)
[1.492s] Level 1:colcon.colcon_core.environment:checking '/home/patrick/ros2_ws/install/snapping_turtle_2' for CMake module files
[1.493s] DEBUG:colcon.colcon_core.event_handler.log_command:Invoked command in '/home/patrick/ros2_ws/src/snapping_turtle_2' returned '0': PYTHONPATH=/home/patrick/ros2_ws/install/snapping_turtle_2/lib/python3.8/site-packages:${PYTHONPATH} /usr/bin/python3 setup.py egg_info --egg-base ../../build/snapping_turtle_2 build --build-base /home/patrick/ros2_ws/build/snapping_turtle_2/build install --prefix /home/patrick/ros2_ws/install/snapping_turtle_2 --record /home/patrick/ros2_ws/build/snapping_turtle_2/install.log --single-version-externally-managed
[1.493s] Level 1:colcon.colcon_core.environment:checking '/home/patrick/ros2_ws/install/snapping_turtle_2' for CMake config files
[1.494s] Level 1:colcon.colcon_core.environment:checking '/home/patrick/ros2_ws/install/snapping_turtle_2/lib'
[1.494s] Level 1:colcon.colcon_core.environment:checking '/home/patrick/ros2_ws/install/snapping_turtle_2/bin'
[1.494s] Level 1:colcon.colcon_core.environment:checking '/home/patrick/ros2_ws/install/snapping_turtle_2/lib/pkgconfig/snapping_turtle_2.pc'
[1.494s] Level 1:colcon.colcon_core.environment:checking '/home/patrick/ros2_ws/install/snapping_turtle_2/lib/python3.8/site-packages'
[1.494s] Level 1:colcon.colcon_core.shell:create_environment_hook('snapping_turtle_2', 'pythonpath')
[1.495s] INFO:colcon.colcon_core.shell:Creating environment hook '/home/patrick/ros2_ws/install/snapping_turtle_2/share/snapping_turtle_2/hook/pythonpath.ps1'
[1.496s] INFO:colcon.colcon_core.shell:Creating environment descriptor '/home/patrick/ros2_ws/install/snapping_turtle_2/share/snapping_turtle_2/hook/pythonpath.dsv'
[1.496s] INFO:colcon.colcon_core.shell:Creating environment hook '/home/patrick/ros2_ws/install/snapping_turtle_2/share/snapping_turtle_2/hook/pythonpath.sh'
[1.496s] Level 1:colcon.colcon_core.environment:checking '/home/patrick/ros2_ws/install/snapping_turtle_2/bin'
[1.496s] Level 1:colcon.colcon_core.environment:create_environment_scripts_only(snapping_turtle_2)
[1.498s] INFO:colcon.colcon_core.shell:Creating package script '/home/patrick/ros2_ws/install/snapping_turtle_2/share/snapping_turtle_2/package.ps1'
[1.498s] INFO:colcon.colcon_core.shell:Creating package descriptor '/home/patrick/ros2_ws/install/snapping_turtle_2/share/snapping_turtle_2/package.dsv'
[1.499s] INFO:colcon.colcon_core.shell:Creating package script '/home/patrick/ros2_ws/install/snapping_turtle_2/share/snapping_turtle_2/package.sh'
[1.499s] INFO:colcon.colcon_core.shell:Creating package script '/home/patrick/ros2_ws/install/snapping_turtle_2/share/snapping_turtle_2/package.bash'
[1.499s] INFO:colcon.colcon_core.shell:Creating package script '/home/patrick/ros2_ws/install/snapping_turtle_2/share/snapping_turtle_2/package.zsh'
[1.500s] Level 1:colcon.colcon_core.environment:create_file_with_runtime_dependencies(/home/patrick/ros2_ws/install/snapping_turtle_2/share/colcon-core/packages/snapping_turtle_2)
[1.500s] DEBUG:colcon.colcon_parallel_executor.executor.parallel:closing loop
[1.500s] DEBUG:colcon.colcon_parallel_executor.executor.parallel:loop closed
[1.500s] DEBUG:colcon.colcon_parallel_executor.executor.parallel:run_until_complete finished with '0'
[1.500s] DEBUG:colcon.colcon_core.event_reactor:joining thread
[1.506s] INFO:colcon.colcon_core.plugin_system:Skipping extension 'colcon_notification.desktop_notification.terminal_notifier': Not used on non-Darwin systems
[1.506s] INFO:colcon.colcon_core.plugin_system:Skipping extension 'colcon_notification.desktop_notification.win32': Not used on non-Windows systems
[1.506s] INFO:colcon.colcon_notification.desktop_notification:Sending desktop notification using 'notify2'
[1.519s] DEBUG:colcon.colcon_core.event_reactor:joined thread
[1.521s] INFO:colcon.colcon_core.shell:Creating prefix script '/home/patrick/ros2_ws/install/local_setup.ps1'
[1.522s] INFO:colcon.colcon_core.shell:Creating prefix util module '/home/patrick/ros2_ws/install/_local_setup_util_ps1.py'
[1.523s] INFO:colcon.colcon_core.shell:Creating prefix chain script '/home/patrick/ros2_ws/install/setup.ps1'
[1.525s] INFO:colcon.colcon_core.shell:Creating prefix script '/home/patrick/ros2_ws/install/local_setup.sh'
[1.525s] INFO:colcon.colcon_core.shell:Creating prefix util module '/home/patrick/ros2_ws/install/_local_setup_util_sh.py'
[1.526s] INFO:colcon.colcon_core.shell:Creating prefix chain script '/home/patrick/ros2_ws/install/setup.sh'
[1.527s] INFO:colcon.colcon_core.shell:Creating prefix script '/home/patrick/ros2_ws/install/local_setup.bash'
[1.528s] INFO:colcon.colcon_core.shell:Creating prefix chain script '/home/patrick/ros2_ws/install/setup.bash'
[1.529s] INFO:colcon.colcon_core.shell:Creating prefix script '/home/patrick/ros2_ws/install/local_setup.zsh'
[1.530s] INFO:colcon.colcon_core.shell:Creating prefix chain script '/home/patrick/ros2_ws/install/setup.zsh'
