running egg_info
writing ../../build/turtlebot3_antmobile/turtlebot3_antmobile.egg-info/PKG-INFO
writing dependency_links to ../../build/turtlebot3_antmobile/turtlebot3_antmobile.egg-info/dependency_links.txt
writing entry points to ../../build/turtlebot3_antmobile/turtlebot3_antmobile.egg-info/entry_points.txt
writing requirements to ../../build/turtlebot3_antmobile/turtlebot3_antmobile.egg-info/requires.txt
writing top-level names to ../../build/turtlebot3_antmobile/turtlebot3_antmobile.egg-info/top_level.txt
reading manifest file '../../build/turtlebot3_antmobile/turtlebot3_antmobile.egg-info/SOURCES.txt'
writing manifest file '../../build/turtlebot3_antmobile/turtlebot3_antmobile.egg-info/SOURCES.txt'
running build
running build_py
copying turtlebot3_antmobile/stackimages.py -> /home/eirik/ROS_car_project/build/turtlebot3_antmobile/build/lib/turtlebot3_antmobile
copying turtlebot3_antmobile/drive.py -> /home/eirik/ROS_car_project/build/turtlebot3_antmobile/build/lib/turtlebot3_antmobile
copying turtlebot3_antmobile/utils.py -> /home/eirik/ROS_car_project/build/turtlebot3_antmobile/build/lib/turtlebot3_antmobile
running install
running install_lib
copying /home/eirik/ROS_car_project/build/turtlebot3_antmobile/build/lib/turtlebot3_antmobile/stackimages.py -> /home/eirik/ROS_car_project/install/turtlebot3_antmobile/lib/python3.8/site-packages/turtlebot3_antmobile
copying /home/eirik/ROS_car_project/build/turtlebot3_antmobile/build/lib/turtlebot3_antmobile/drive.py -> /home/eirik/ROS_car_project/install/turtlebot3_antmobile/lib/python3.8/site-packages/turtlebot3_antmobile
copying /home/eirik/ROS_car_project/build/turtlebot3_antmobile/build/lib/turtlebot3_antmobile/utils.py -> /home/eirik/ROS_car_project/install/turtlebot3_antmobile/lib/python3.8/site-packages/turtlebot3_antmobile
byte-compiling /home/eirik/ROS_car_project/install/turtlebot3_antmobile/lib/python3.8/site-packages/turtlebot3_antmobile/stackimages.py to stackimages.cpython-38.pyc
byte-compiling /home/eirik/ROS_car_project/install/turtlebot3_antmobile/lib/python3.8/site-packages/turtlebot3_antmobile/drive.py to drive.cpython-38.pyc
byte-compiling /home/eirik/ROS_car_project/install/turtlebot3_antmobile/lib/python3.8/site-packages/turtlebot3_antmobile/utils.py to utils.cpython-38.pyc
running install_data
running install_egg_info
removing '/home/eirik/ROS_car_project/install/turtlebot3_antmobile/lib/python3.8/site-packages/turtlebot3_antmobile-0.0.0-py3.8.egg-info' (and everything under it)
Copying ../../build/turtlebot3_antmobile/turtlebot3_antmobile.egg-info to /home/eirik/ROS_car_project/install/turtlebot3_antmobile/lib/python3.8/site-packages/turtlebot3_antmobile-0.0.0-py3.8.egg-info
running install_scripts
writing list of installed files to '/home/eirik/ROS_car_project/build/turtlebot3_antmobile/install.log'
