[2.041s] Invoking command in '/home/eirik/ROS_car_project/src/turtlebot3_antmobile': PYTHONPATH=/home/eirik/ROS_car_project/install/turtlebot3_antmobile/lib/python3.8/site-packages:${PYTHONPATH} /usr/bin/python3 setup.py egg_info --egg-base ../../build/turtlebot3_antmobile build --build-base /home/eirik/ROS_car_project/build/turtlebot3_antmobile/build install --prefix /home/eirik/ROS_car_project/install/turtlebot3_antmobile --record /home/eirik/ROS_car_project/build/turtlebot3_antmobile/install.log --single-version-externally-managed
[2.320s] running egg_info
[2.321s] writing ../../build/turtlebot3_antmobile/turtlebot3_antmobile.egg-info/PKG-INFO
[2.321s] writing dependency_links to ../../build/turtlebot3_antmobile/turtlebot3_antmobile.egg-info/dependency_links.txt
[2.321s] writing entry points to ../../build/turtlebot3_antmobile/turtlebot3_antmobile.egg-info/entry_points.txt
[2.321s] writing requirements to ../../build/turtlebot3_antmobile/turtlebot3_antmobile.egg-info/requires.txt
[2.321s] writing top-level names to ../../build/turtlebot3_antmobile/turtlebot3_antmobile.egg-info/top_level.txt
[2.366s] reading manifest file '../../build/turtlebot3_antmobile/turtlebot3_antmobile.egg-info/SOURCES.txt'
[2.367s] writing manifest file '../../build/turtlebot3_antmobile/turtlebot3_antmobile.egg-info/SOURCES.txt'
[2.367s] running build
[2.368s] running build_py
[2.368s] copying turtlebot3_antmobile/stackimages.py -> /home/eirik/ROS_car_project/build/turtlebot3_antmobile/build/lib/turtlebot3_antmobile
[2.368s] copying turtlebot3_antmobile/drive.py -> /home/eirik/ROS_car_project/build/turtlebot3_antmobile/build/lib/turtlebot3_antmobile
[2.368s] copying turtlebot3_antmobile/utils.py -> /home/eirik/ROS_car_project/build/turtlebot3_antmobile/build/lib/turtlebot3_antmobile
[2.368s] running install
[2.369s] running install_lib
[2.370s] copying /home/eirik/ROS_car_project/build/turtlebot3_antmobile/build/lib/turtlebot3_antmobile/stackimages.py -> /home/eirik/ROS_car_project/install/turtlebot3_antmobile/lib/python3.8/site-packages/turtlebot3_antmobile
[2.371s] copying /home/eirik/ROS_car_project/build/turtlebot3_antmobile/build/lib/turtlebot3_antmobile/drive.py -> /home/eirik/ROS_car_project/install/turtlebot3_antmobile/lib/python3.8/site-packages/turtlebot3_antmobile
[2.371s] copying /home/eirik/ROS_car_project/build/turtlebot3_antmobile/build/lib/turtlebot3_antmobile/utils.py -> /home/eirik/ROS_car_project/install/turtlebot3_antmobile/lib/python3.8/site-packages/turtlebot3_antmobile
[2.371s] byte-compiling /home/eirik/ROS_car_project/install/turtlebot3_antmobile/lib/python3.8/site-packages/turtlebot3_antmobile/stackimages.py to stackimages.cpython-38.pyc
[2.373s] byte-compiling /home/eirik/ROS_car_project/install/turtlebot3_antmobile/lib/python3.8/site-packages/turtlebot3_antmobile/drive.py to drive.cpython-38.pyc
[2.374s] byte-compiling /home/eirik/ROS_car_project/install/turtlebot3_antmobile/lib/python3.8/site-packages/turtlebot3_antmobile/utils.py to utils.cpython-38.pyc
[2.375s] running install_data
[2.376s] running install_egg_info
[2.378s] removing '/home/eirik/ROS_car_project/install/turtlebot3_antmobile/lib/python3.8/site-packages/turtlebot3_antmobile-0.0.0-py3.8.egg-info' (and everything under it)
[2.379s] Copying ../../build/turtlebot3_antmobile/turtlebot3_antmobile.egg-info to /home/eirik/ROS_car_project/install/turtlebot3_antmobile/lib/python3.8/site-packages/turtlebot3_antmobile-0.0.0-py3.8.egg-info
[2.380s] running install_scripts
[2.410s] writing list of installed files to '/home/eirik/ROS_car_project/build/turtlebot3_antmobile/install.log'
[2.477s] Invoked command in '/home/eirik/ROS_car_project/src/turtlebot3_antmobile' returned '0': PYTHONPATH=/home/eirik/ROS_car_project/install/turtlebot3_antmobile/lib/python3.8/site-packages:${PYTHONPATH} /usr/bin/python3 setup.py egg_info --egg-base ../../build/turtlebot3_antmobile build --build-base /home/eirik/ROS_car_project/build/turtlebot3_antmobile/build install --prefix /home/eirik/ROS_car_project/install/turtlebot3_antmobile --record /home/eirik/ROS_car_project/build/turtlebot3_antmobile/install.log --single-version-externally-managed
