[2.037s] Invoking command in '/home/eirik/ROS_car_project/src/snapping_turtle_2': PYTHONPATH=/home/eirik/ROS_car_project/install/snapping_turtle_2/lib/python3.8/site-packages:${PYTHONPATH} /usr/bin/python3 setup.py egg_info --egg-base ../../build/snapping_turtle_2 build --build-base /home/eirik/ROS_car_project/build/snapping_turtle_2/build install --prefix /home/eirik/ROS_car_project/install/snapping_turtle_2 --record /home/eirik/ROS_car_project/build/snapping_turtle_2/install.log --single-version-externally-managed
[2.331s] running egg_info
[2.332s] writing ../../build/snapping_turtle_2/snapping_turtle_2.egg-info/PKG-INFO
[2.333s] writing dependency_links to ../../build/snapping_turtle_2/snapping_turtle_2.egg-info/dependency_links.txt
[2.333s] writing entry points to ../../build/snapping_turtle_2/snapping_turtle_2.egg-info/entry_points.txt
[2.333s] writing requirements to ../../build/snapping_turtle_2/snapping_turtle_2.egg-info/requires.txt
[2.334s] writing top-level names to ../../build/snapping_turtle_2/snapping_turtle_2.egg-info/top_level.txt
[2.381s] reading manifest file '../../build/snapping_turtle_2/snapping_turtle_2.egg-info/SOURCES.txt'
[2.383s] writing manifest file '../../build/snapping_turtle_2/snapping_turtle_2.egg-info/SOURCES.txt'
[2.383s] running build
[2.383s] running build_py
[2.383s] running install
[2.384s] running install_lib
[2.386s] running install_data
[2.387s] running install_egg_info
[2.389s] removing '/home/eirik/ROS_car_project/install/snapping_turtle_2/lib/python3.8/site-packages/snapping_turtle_2-0.0.0-py3.8.egg-info' (and everything under it)
[2.389s] Copying ../../build/snapping_turtle_2/snapping_turtle_2.egg-info to /home/eirik/ROS_car_project/install/snapping_turtle_2/lib/python3.8/site-packages/snapping_turtle_2-0.0.0-py3.8.egg-info
[2.390s] running install_scripts
[2.413s] Installing chomp_chomp script to /home/eirik/ROS_car_project/install/snapping_turtle_2/lib/snapping_turtle_2
[2.413s] Installing snap_snap script to /home/eirik/ROS_car_project/install/snapping_turtle_2/lib/snapping_turtle_2
[2.413s] writing list of installed files to '/home/eirik/ROS_car_project/build/snapping_turtle_2/install.log'
[2.490s] Invoked command in '/home/eirik/ROS_car_project/src/snapping_turtle_2' returned '0': PYTHONPATH=/home/eirik/ROS_car_project/install/snapping_turtle_2/lib/python3.8/site-packages:${PYTHONPATH} /usr/bin/python3 setup.py egg_info --egg-base ../../build/snapping_turtle_2 build --build-base /home/eirik/ROS_car_project/build/snapping_turtle_2/build install --prefix /home/eirik/ROS_car_project/install/snapping_turtle_2 --record /home/eirik/ROS_car_project/build/snapping_turtle_2/install.log --single-version-externally-managed
