[0.156s] DEBUG:colcon:Command line arguments: ['/usr/bin/colcon', 'build']
[0.156s] DEBUG:colcon:Parsed command line arguments: Namespace(allow_overriding=[], ament_cmake_args=None, base_paths=['.'], build_base='build', catkin_cmake_args=None, catkin_skip_building_tests=False, cmake_args=None, cmake_clean_cache=False, cmake_clean_first=False, cmake_force_configure=False, cmake_target=None, cmake_target_skip_unavailable=False, continue_on_error=False, event_handlers=None, executor='parallel', ignore_user_meta=False, install_base='install', log_base=None, log_level=None, main=<bound method BuildVerb.main of <colcon_core.verb.build.BuildVerb object at 0x7fd3e51a57f0>>, merge_install=False, metas=['./colcon.meta'], packages_above=None, packages_above_and_dependencies=None, packages_above_depth=None, packages_end=None, packages_ignore=None, packages_ignore_regex=None, packages_select=None, packages_select_build_failed=False, packages_select_by_dep=None, packages_select_regex=None, packages_select_test_failures=False, packages_skip=None, packages_skip_build_finished=False, packages_skip_by_dep=None, packages_skip_regex=None, packages_skip_test_passed=False, packages_skip_up_to=None, packages_start=None, packages_up_to=None, packages_up_to_regex=None, parallel_workers=8, paths=None, symlink_install=False, test_result_base=None, verb_extension=<colcon_core.verb.build.BuildVerb object at 0x7fd3e51a57f0>, verb_name='build', verb_parser=<colcon_defaults.argument_parser.defaults.DefaultArgumentsDecorator object at 0x7fd3e51a5d60>)
[0.181s] Level 1:colcon.colcon_core.package_discovery:discover_packages(colcon_meta) check parameters
[0.181s] Level 1:colcon.colcon_core.package_discovery:discover_packages(recursive) check parameters
[0.181s] Level 1:colcon.colcon_core.package_discovery:discover_packages(ignore) check parameters
[0.182s] Level 1:colcon.colcon_core.package_discovery:discover_packages(path) check parameters
[0.182s] Level 1:colcon.colcon_core.package_discovery:discover_packages(colcon_meta) discover
[0.182s] Level 1:colcon.colcon_core.package_discovery:discover_packages(recursive) discover
[0.182s] INFO:colcon.colcon_core.package_discovery:Crawling recursively for packages in '/home/patrick/ros2_ws'
[0.182s] Level 1:colcon.colcon_core.package_identification:_identify(.) by extensions ['ignore', 'ignore_ament_install']
[0.182s] Level 1:colcon.colcon_core.package_identification:_identify(.) by extension 'ignore'
[0.182s] Level 1:colcon.colcon_core.package_identification:_identify(.) by extension 'ignore_ament_install'
[0.182s] Level 1:colcon.colcon_core.package_identification:_identify(.) by extensions ['colcon_pkg']
[0.182s] Level 1:colcon.colcon_core.package_identification:_identify(.) by extension 'colcon_pkg'
[0.182s] Level 1:colcon.colcon_core.package_identification:_identify(.) by extensions ['colcon_meta']
[0.182s] Level 1:colcon.colcon_core.package_identification:_identify(.) by extension 'colcon_meta'
[0.182s] Level 1:colcon.colcon_core.package_identification:_identify(.) by extensions ['ros']
[0.182s] Level 1:colcon.colcon_core.package_identification:_identify(.) by extension 'ros'
[0.193s] Level 1:colcon.colcon_core.package_identification:_identify(.) by extensions ['cmake', 'python']
[0.193s] Level 1:colcon.colcon_core.package_identification:_identify(.) by extension 'cmake'
[0.193s] Level 1:colcon.colcon_core.package_identification:_identify(.) by extension 'python'
[0.193s] Level 1:colcon.colcon_core.package_identification:_identify(.) by extensions ['python_setup_py']
[0.193s] Level 1:colcon.colcon_core.package_identification:_identify(.) by extension 'python_setup_py'
[0.194s] Level 1:colcon.colcon_core.package_identification:_identify(build) by extensions ['ignore', 'ignore_ament_install']
[0.194s] Level 1:colcon.colcon_core.package_identification:_identify(build) by extension 'ignore'
[0.194s] Level 1:colcon.colcon_core.package_identification:_identify(build) ignored
[0.194s] Level 1:colcon.colcon_core.package_identification:_identify(install) by extensions ['ignore', 'ignore_ament_install']
[0.194s] Level 1:colcon.colcon_core.package_identification:_identify(install) by extension 'ignore'
[0.194s] Level 1:colcon.colcon_core.package_identification:_identify(install) ignored
[0.194s] Level 1:colcon.colcon_core.package_identification:_identify(log) by extensions ['ignore', 'ignore_ament_install']
[0.194s] Level 1:colcon.colcon_core.package_identification:_identify(log) by extension 'ignore'
[0.194s] Level 1:colcon.colcon_core.package_identification:_identify(log) ignored
[0.194s] Level 1:colcon.colcon_core.package_identification:_identify(src) by extensions ['ignore', 'ignore_ament_install']
[0.194s] Level 1:colcon.colcon_core.package_identification:_identify(src) by extension 'ignore'
[0.194s] Level 1:colcon.colcon_core.package_identification:_identify(src) by extension 'ignore_ament_install'
[0.195s] Level 1:colcon.colcon_core.package_identification:_identify(src) by extensions ['colcon_pkg']
[0.195s] Level 1:colcon.colcon_core.package_identification:_identify(src) by extension 'colcon_pkg'
[0.195s] Level 1:colcon.colcon_core.package_identification:_identify(src) by extensions ['colcon_meta']
[0.195s] Level 1:colcon.colcon_core.package_identification:_identify(src) by extension 'colcon_meta'
[0.195s] Level 1:colcon.colcon_core.package_identification:_identify(src) by extensions ['ros']
[0.195s] Level 1:colcon.colcon_core.package_identification:_identify(src) by extension 'ros'
[0.195s] Level 1:colcon.colcon_core.package_identification:_identify(src) by extensions ['cmake', 'python']
[0.195s] Level 1:colcon.colcon_core.package_identification:_identify(src) by extension 'cmake'
[0.195s] Level 1:colcon.colcon_core.package_identification:_identify(src) by extension 'python'
[0.195s] Level 1:colcon.colcon_core.package_identification:_identify(src) by extensions ['python_setup_py']
[0.195s] Level 1:colcon.colcon_core.package_identification:_identify(src) by extension 'python_setup_py'
[0.195s] Level 1:colcon.colcon_core.package_identification:_identify(src/snapping_turtle) by extensions ['ignore', 'ignore_ament_install']
[0.195s] Level 1:colcon.colcon_core.package_identification:_identify(src/snapping_turtle) by extension 'ignore'
[0.195s] Level 1:colcon.colcon_core.package_identification:_identify(src/snapping_turtle) by extension 'ignore_ament_install'
[0.195s] Level 1:colcon.colcon_core.package_identification:_identify(src/snapping_turtle) by extensions ['colcon_pkg']
[0.195s] Level 1:colcon.colcon_core.package_identification:_identify(src/snapping_turtle) by extension 'colcon_pkg'
[0.195s] Level 1:colcon.colcon_core.package_identification:_identify(src/snapping_turtle) by extensions ['colcon_meta']
[0.195s] Level 1:colcon.colcon_core.package_identification:_identify(src/snapping_turtle) by extension 'colcon_meta'
[0.195s] Level 1:colcon.colcon_core.package_identification:_identify(src/snapping_turtle) by extensions ['ros']
[0.195s] Level 1:colcon.colcon_core.package_identification:_identify(src/snapping_turtle) by extension 'ros'
[0.198s] DEBUG:colcon.colcon_core.package_identification:Package 'src/snapping_turtle' with type 'ros.ament_python' and name 'snapping_turtle'
[0.198s] Level 1:colcon.colcon_core.package_identification:_identify(src/snapping_turtle_2) by extensions ['ignore', 'ignore_ament_install']
[0.198s] Level 1:colcon.colcon_core.package_identification:_identify(src/snapping_turtle_2) by extension 'ignore'
[0.198s] Level 1:colcon.colcon_core.package_identification:_identify(src/snapping_turtle_2) by extension 'ignore_ament_install'
[0.198s] Level 1:colcon.colcon_core.package_identification:_identify(src/snapping_turtle_2) by extensions ['colcon_pkg']
[0.198s] Level 1:colcon.colcon_core.package_identification:_identify(src/snapping_turtle_2) by extension 'colcon_pkg'
[0.198s] Level 1:colcon.colcon_core.package_identification:_identify(src/snapping_turtle_2) by extensions ['colcon_meta']
[0.198s] Level 1:colcon.colcon_core.package_identification:_identify(src/snapping_turtle_2) by extension 'colcon_meta'
[0.198s] Level 1:colcon.colcon_core.package_identification:_identify(src/snapping_turtle_2) by extensions ['ros']
[0.198s] Level 1:colcon.colcon_core.package_identification:_identify(src/snapping_turtle_2) by extension 'ros'
[0.199s] DEBUG:colcon.colcon_core.package_identification:Package 'src/snapping_turtle_2' with type 'ros.ament_python' and name 'snapping_turtle_2'
[0.199s] Level 1:colcon.colcon_core.package_identification:_identify(src/turtlebot3_antmobile) by extensions ['ignore', 'ignore_ament_install']
[0.199s] Level 1:colcon.colcon_core.package_identification:_identify(src/turtlebot3_antmobile) by extension 'ignore'
[0.199s] Level 1:colcon.colcon_core.package_identification:_identify(src/turtlebot3_antmobile) by extension 'ignore_ament_install'
[0.199s] Level 1:colcon.colcon_core.package_identification:_identify(src/turtlebot3_antmobile) by extensions ['colcon_pkg']
[0.199s] Level 1:colcon.colcon_core.package_identification:_identify(src/turtlebot3_antmobile) by extension 'colcon_pkg'
[0.199s] Level 1:colcon.colcon_core.package_identification:_identify(src/turtlebot3_antmobile) by extensions ['colcon_meta']
[0.199s] Level 1:colcon.colcon_core.package_identification:_identify(src/turtlebot3_antmobile) by extension 'colcon_meta'
[0.199s] Level 1:colcon.colcon_core.package_identification:_identify(src/turtlebot3_antmobile) by extensions ['ros']
[0.199s] Level 1:colcon.colcon_core.package_identification:_identify(src/turtlebot3_antmobile) by extension 'ros'
[0.200s] DEBUG:colcon.colcon_core.package_identification:Package 'src/turtlebot3_antmobile' with type 'ros.ament_python' and name 'turtlebot3_antmobile'
[0.200s] Level 1:colcon.colcon_core.package_discovery:discover_packages(recursive) using defaults
[0.200s] Level 1:colcon.colcon_core.package_discovery:discover_packages(ignore) discover
[0.200s] Level 1:colcon.colcon_core.package_discovery:discover_packages(ignore) using defaults
[0.200s] Level 1:colcon.colcon_core.package_discovery:discover_packages(path) discover
[0.200s] Level 1:colcon.colcon_core.package_discovery:discover_packages(path) using defaults
[0.231s] Level 1:colcon.colcon_core.package_discovery:discover_packages(prefix_path) check parameters
[0.231s] Level 1:colcon.colcon_core.package_discovery:discover_packages(prefix_path) discover
[0.234s] DEBUG:colcon.colcon_installed_package_information.package_discovery:Found 2 installed packages in /home/patrick/ros2_ws/install
[0.234s] DEBUG:colcon.colcon_installed_package_information.package_discovery:Found 3 installed packages in /home/patrick/turtlebot3_ws/install
[0.235s] DEBUG:colcon.colcon_installed_package_information.package_discovery:Found 0 installed packages in /home/patrick/colcon_ws/install
[0.238s] DEBUG:colcon.colcon_installed_package_information.package_discovery:Found 332 installed packages in /opt/ros/foxy
[0.240s] Level 1:colcon.colcon_core.package_discovery:discover_packages(prefix_path) using defaults
[0.317s] Level 5:colcon.colcon_core.verb:set package 'snapping_turtle' build argument 'cmake_args' from command line to 'None'
[0.317s] Level 5:colcon.colcon_core.verb:set package 'snapping_turtle' build argument 'cmake_target' from command line to 'None'
[0.317s] Level 5:colcon.colcon_core.verb:set package 'snapping_turtle' build argument 'cmake_target_skip_unavailable' from command line to 'False'
[0.317s] Level 5:colcon.colcon_core.verb:set package 'snapping_turtle' build argument 'cmake_clean_cache' from command line to 'False'
[0.317s] Level 5:colcon.colcon_core.verb:set package 'snapping_turtle' build argument 'cmake_clean_first' from command line to 'False'
[0.317s] Level 5:colcon.colcon_core.verb:set package 'snapping_turtle' build argument 'cmake_force_configure' from command line to 'False'
[0.317s] Level 5:colcon.colcon_core.verb:set package 'snapping_turtle' build argument 'ament_cmake_args' from command line to 'None'
[0.317s] Level 5:colcon.colcon_core.verb:set package 'snapping_turtle' build argument 'catkin_cmake_args' from command line to 'None'
[0.317s] Level 5:colcon.colcon_core.verb:set package 'snapping_turtle' build argument 'catkin_skip_building_tests' from command line to 'False'
[0.317s] DEBUG:colcon.colcon_core.verb:Building package 'snapping_turtle' with the following arguments: {'ament_cmake_args': None, 'build_base': '/home/patrick/ros2_ws/build/snapping_turtle', 'catkin_cmake_args': None, 'catkin_skip_building_tests': False, 'cmake_args': None, 'cmake_clean_cache': False, 'cmake_clean_first': False, 'cmake_force_configure': False, 'cmake_target': None, 'cmake_target_skip_unavailable': False, 'install_base': '/home/patrick/ros2_ws/install/snapping_turtle', 'merge_install': False, 'path': '/home/patrick/ros2_ws/src/snapping_turtle', 'symlink_install': False, 'test_result_base': None}
[0.318s] Level 5:colcon.colcon_core.verb:set package 'snapping_turtle_2' build argument 'cmake_args' from command line to 'None'
[0.318s] Level 5:colcon.colcon_core.verb:set package 'snapping_turtle_2' build argument 'cmake_target' from command line to 'None'
[0.318s] Level 5:colcon.colcon_core.verb:set package 'snapping_turtle_2' build argument 'cmake_target_skip_unavailable' from command line to 'False'
[0.318s] Level 5:colcon.colcon_core.verb:set package 'snapping_turtle_2' build argument 'cmake_clean_cache' from command line to 'False'
[0.318s] Level 5:colcon.colcon_core.verb:set package 'snapping_turtle_2' build argument 'cmake_clean_first' from command line to 'False'
[0.318s] Level 5:colcon.colcon_core.verb:set package 'snapping_turtle_2' build argument 'cmake_force_configure' from command line to 'False'
[0.318s] Level 5:colcon.colcon_core.verb:set package 'snapping_turtle_2' build argument 'ament_cmake_args' from command line to 'None'
[0.318s] Level 5:colcon.colcon_core.verb:set package 'snapping_turtle_2' build argument 'catkin_cmake_args' from command line to 'None'
[0.318s] Level 5:colcon.colcon_core.verb:set package 'snapping_turtle_2' build argument 'catkin_skip_building_tests' from command line to 'False'
[0.318s] DEBUG:colcon.colcon_core.verb:Building package 'snapping_turtle_2' with the following arguments: {'ament_cmake_args': None, 'build_base': '/home/patrick/ros2_ws/build/snapping_turtle_2', 'catkin_cmake_args': None, 'catkin_skip_building_tests': False, 'cmake_args': None, 'cmake_clean_cache': False, 'cmake_clean_first': False, 'cmake_force_configure': False, 'cmake_target': None, 'cmake_target_skip_unavailable': False, 'install_base': '/home/patrick/ros2_ws/install/snapping_turtle_2', 'merge_install': False, 'path': '/home/patrick/ros2_ws/src/snapping_turtle_2', 'symlink_install': False, 'test_result_base': None}
[0.320s] Level 5:colcon.colcon_core.verb:set package 'turtlebot3_antmobile' build argument 'cmake_args' from command line to 'None'
[0.320s] Level 5:colcon.colcon_core.verb:set package 'turtlebot3_antmobile' build argument 'cmake_target' from command line to 'None'
[0.320s] Level 5:colcon.colcon_core.verb:set package 'turtlebot3_antmobile' build argument 'cmake_target_skip_unavailable' from command line to 'False'
[0.320s] Level 5:colcon.colcon_core.verb:set package 'turtlebot3_antmobile' build argument 'cmake_clean_cache' from command line to 'False'
[0.320s] Level 5:colcon.colcon_core.verb:set package 'turtlebot3_antmobile' build argument 'cmake_clean_first' from command line to 'False'
[0.320s] Level 5:colcon.colcon_core.verb:set package 'turtlebot3_antmobile' build argument 'cmake_force_configure' from command line to 'False'
[0.320s] Level 5:colcon.colcon_core.verb:set package 'turtlebot3_antmobile' build argument 'ament_cmake_args' from command line to 'None'
[0.320s] Level 5:colcon.colcon_core.verb:set package 'turtlebot3_antmobile' build argument 'catkin_cmake_args' from command line to 'None'
[0.320s] Level 5:colcon.colcon_core.verb:set package 'turtlebot3_antmobile' build argument 'catkin_skip_building_tests' from command line to 'False'
[0.320s] DEBUG:colcon.colcon_core.verb:Building package 'turtlebot3_antmobile' with the following arguments: {'ament_cmake_args': None, 'build_base': '/home/patrick/ros2_ws/build/turtlebot3_antmobile', 'catkin_cmake_args': None, 'catkin_skip_building_tests': False, 'cmake_args': None, 'cmake_clean_cache': False, 'cmake_clean_first': False, 'cmake_force_configure': False, 'cmake_target': None, 'cmake_target_skip_unavailable': False, 'install_base': '/home/patrick/ros2_ws/install/turtlebot3_antmobile', 'merge_install': False, 'path': '/home/patrick/ros2_ws/src/turtlebot3_antmobile', 'symlink_install': False, 'test_result_base': None}
[0.321s] INFO:colcon.colcon_core.executor:Executing jobs using 'parallel' executor
[0.325s] DEBUG:colcon.colcon_parallel_executor.executor.parallel:run_until_complete
[0.325s] INFO:colcon.colcon_ros.task.ament_python.build:Building ROS package in '/home/patrick/ros2_ws/src/snapping_turtle' with build type 'ament_python'
[0.325s] Level 1:colcon.colcon_core.shell:create_environment_hook('snapping_turtle', 'ament_prefix_path')
[0.330s] INFO:colcon.colcon_core.plugin_system:Skipping extension 'colcon_core.shell.bat': Not used on non-Windows systems
[0.330s] INFO:colcon.colcon_core.shell:Creating environment hook '/home/patrick/ros2_ws/install/snapping_turtle/share/snapping_turtle/hook/ament_prefix_path.ps1'
[0.330s] INFO:colcon.colcon_core.shell:Creating environment descriptor '/home/patrick/ros2_ws/install/snapping_turtle/share/snapping_turtle/hook/ament_prefix_path.dsv'
[0.331s] INFO:colcon.colcon_core.shell:Creating environment hook '/home/patrick/ros2_ws/install/snapping_turtle/share/snapping_turtle/hook/ament_prefix_path.sh'
[0.332s] INFO:colcon.colcon_core.shell:Skip shell extension 'powershell' for command environment: Not usable outside of PowerShell
[0.332s] DEBUG:colcon.colcon_core.shell:Skip shell extension 'dsv' for command environment
[0.341s] INFO:colcon.colcon_ros.task.ament_python.build:Building ROS package in '/home/patrick/ros2_ws/src/snapping_turtle_2' with build type 'ament_python'
[0.341s] Level 1:colcon.colcon_core.shell:create_environment_hook('snapping_turtle_2', 'ament_prefix_path')
[0.343s] INFO:colcon.colcon_core.shell:Creating environment hook '/home/patrick/ros2_ws/install/snapping_turtle_2/share/snapping_turtle_2/hook/ament_prefix_path.ps1'
[0.344s] INFO:colcon.colcon_core.shell:Creating environment descriptor '/home/patrick/ros2_ws/install/snapping_turtle_2/share/snapping_turtle_2/hook/ament_prefix_path.dsv'
[0.344s] INFO:colcon.colcon_core.shell:Creating environment hook '/home/patrick/ros2_ws/install/snapping_turtle_2/share/snapping_turtle_2/hook/ament_prefix_path.sh'
[0.346s] INFO:colcon.colcon_core.shell:Skip shell extension 'powershell' for command environment: Not usable outside of PowerShell
[0.346s] DEBUG:colcon.colcon_core.shell:Skip shell extension 'dsv' for command environment
[0.354s] INFO:colcon.colcon_ros.task.ament_python.build:Building ROS package in '/home/patrick/ros2_ws/src/turtlebot3_antmobile' with build type 'ament_python'
[0.355s] Level 1:colcon.colcon_core.shell:create_environment_hook('turtlebot3_antmobile', 'ament_prefix_path')
[0.356s] INFO:colcon.colcon_core.shell:Creating environment hook '/home/patrick/ros2_ws/install/turtlebot3_antmobile/share/turtlebot3_antmobile/hook/ament_prefix_path.ps1'
[0.357s] INFO:colcon.colcon_core.shell:Creating environment descriptor '/home/patrick/ros2_ws/install/turtlebot3_antmobile/share/turtlebot3_antmobile/hook/ament_prefix_path.dsv'
[0.357s] INFO:colcon.colcon_core.shell:Creating environment hook '/home/patrick/ros2_ws/install/turtlebot3_antmobile/share/turtlebot3_antmobile/hook/ament_prefix_path.sh'
[0.360s] INFO:colcon.colcon_core.shell:Skip shell extension 'powershell' for command environment: Not usable outside of PowerShell
[0.360s] DEBUG:colcon.colcon_core.shell:Skip shell extension 'dsv' for command environment
[0.588s] INFO:colcon.colcon_core.task.python.build:Building Python package in '/home/patrick/ros2_ws/src/snapping_turtle'
[0.590s] INFO:colcon.colcon_core.shell:Skip shell extension 'powershell' for command environment: Not usable outside of PowerShell
[0.590s] DEBUG:colcon.colcon_core.shell:Skip shell extension 'dsv' for command environment
[0.825s] INFO:colcon.colcon_core.task.python.build:Building Python package in '/home/patrick/ros2_ws/src/snapping_turtle_2'
[0.827s] INFO:colcon.colcon_core.shell:Skip shell extension 'powershell' for command environment: Not usable outside of PowerShell
[0.827s] DEBUG:colcon.colcon_core.shell:Skip shell extension 'dsv' for command environment
[1.053s] INFO:colcon.colcon_core.task.python.build:Building Python package in '/home/patrick/ros2_ws/src/turtlebot3_antmobile'
[1.055s] INFO:colcon.colcon_core.shell:Skip shell extension 'powershell' for command environment: Not usable outside of PowerShell
[1.055s] DEBUG:colcon.colcon_core.shell:Skip shell extension 'dsv' for command environment
[1.463s] DEBUG:colcon.colcon_core.event_handler.log_command:Invoking command in '/home/patrick/ros2_ws/src/snapping_turtle': PYTHONPATH=/home/patrick/ros2_ws/install/snapping_turtle/lib/python3.8/site-packages:${PYTHONPATH} /usr/bin/python3 setup.py egg_info --egg-base ../../build/snapping_turtle build --build-base /home/patrick/ros2_ws/build/snapping_turtle/build install --prefix /home/patrick/ros2_ws/install/snapping_turtle --record /home/patrick/ros2_ws/build/snapping_turtle/install.log --single-version-externally-managed
[1.472s] DEBUG:colcon.colcon_core.event_handler.log_command:Invoking command in '/home/patrick/ros2_ws/src/snapping_turtle_2': PYTHONPATH=/home/patrick/ros2_ws/install/snapping_turtle_2/lib/python3.8/site-packages:${PYTHONPATH} /usr/bin/python3 setup.py egg_info --egg-base ../../build/snapping_turtle_2 build --build-base /home/patrick/ros2_ws/build/snapping_turtle_2/build install --prefix /home/patrick/ros2_ws/install/snapping_turtle_2 --record /home/patrick/ros2_ws/build/snapping_turtle_2/install.log --single-version-externally-managed
[1.482s] DEBUG:colcon.colcon_core.event_handler.log_command:Invoking command in '/home/patrick/ros2_ws/src/turtlebot3_antmobile': PYTHONPATH=/home/patrick/ros2_ws/install/turtlebot3_antmobile/lib/python3.8/site-packages:${PYTHONPATH} /usr/bin/python3 setup.py egg_info --egg-base ../../build/turtlebot3_antmobile build --build-base /home/patrick/ros2_ws/build/turtlebot3_antmobile/build install --prefix /home/patrick/ros2_ws/install/turtlebot3_antmobile --record /home/patrick/ros2_ws/build/turtlebot3_antmobile/install.log --single-version-externally-managed
[1.776s] DEBUG:colcon.colcon_core.event_handler.log_command:Invoked command in '/home/patrick/ros2_ws/src/turtlebot3_antmobile' returned '0': PYTHONPATH=/home/patrick/ros2_ws/install/turtlebot3_antmobile/lib/python3.8/site-packages:${PYTHONPATH} /usr/bin/python3 setup.py egg_info --egg-base ../../build/turtlebot3_antmobile build --build-base /home/patrick/ros2_ws/build/turtlebot3_antmobile/build install --prefix /home/patrick/ros2_ws/install/turtlebot3_antmobile --record /home/patrick/ros2_ws/build/turtlebot3_antmobile/install.log --single-version-externally-managed
[1.781s] Level 1:colcon.colcon_core.environment:checking '/home/patrick/ros2_ws/install/turtlebot3_antmobile' for CMake module files
[1.782s] Level 1:colcon.colcon_core.environment:checking '/home/patrick/ros2_ws/install/turtlebot3_antmobile' for CMake config files
[1.782s] Level 1:colcon.colcon_core.environment:checking '/home/patrick/ros2_ws/install/turtlebot3_antmobile/lib'
[1.783s] Level 1:colcon.colcon_core.environment:checking '/home/patrick/ros2_ws/install/turtlebot3_antmobile/bin'
[1.783s] Level 1:colcon.colcon_core.environment:checking '/home/patrick/ros2_ws/install/turtlebot3_antmobile/lib/pkgconfig/turtlebot3_antmobile.pc'
[1.783s] Level 1:colcon.colcon_core.environment:checking '/home/patrick/ros2_ws/install/turtlebot3_antmobile/lib/python3.8/site-packages'
[1.783s] Level 1:colcon.colcon_core.shell:create_environment_hook('turtlebot3_antmobile', 'pythonpath')
[1.784s] INFO:colcon.colcon_core.shell:Creating environment hook '/home/patrick/ros2_ws/install/turtlebot3_antmobile/share/turtlebot3_antmobile/hook/pythonpath.ps1'
[1.785s] INFO:colcon.colcon_core.shell:Creating environment descriptor '/home/patrick/ros2_ws/install/turtlebot3_antmobile/share/turtlebot3_antmobile/hook/pythonpath.dsv'
[1.785s] INFO:colcon.colcon_core.shell:Creating environment hook '/home/patrick/ros2_ws/install/turtlebot3_antmobile/share/turtlebot3_antmobile/hook/pythonpath.sh'
[1.786s] Level 1:colcon.colcon_core.environment:checking '/home/patrick/ros2_ws/install/turtlebot3_antmobile/bin'
[1.786s] Level 1:colcon.colcon_core.environment:create_environment_scripts_only(turtlebot3_antmobile)
[1.788s] INFO:colcon.colcon_core.shell:Creating package script '/home/patrick/ros2_ws/install/turtlebot3_antmobile/share/turtlebot3_antmobile/package.ps1'
[1.789s] INFO:colcon.colcon_core.shell:Creating package descriptor '/home/patrick/ros2_ws/install/turtlebot3_antmobile/share/turtlebot3_antmobile/package.dsv'
[1.789s] INFO:colcon.colcon_core.shell:Creating package script '/home/patrick/ros2_ws/install/turtlebot3_antmobile/share/turtlebot3_antmobile/package.sh'
[1.790s] INFO:colcon.colcon_core.shell:Creating package script '/home/patrick/ros2_ws/install/turtlebot3_antmobile/share/turtlebot3_antmobile/package.bash'
[1.791s] INFO:colcon.colcon_core.shell:Creating package script '/home/patrick/ros2_ws/install/turtlebot3_antmobile/share/turtlebot3_antmobile/package.zsh'
[1.792s] Level 1:colcon.colcon_core.environment:create_file_with_runtime_dependencies(/home/patrick/ros2_ws/install/turtlebot3_antmobile/share/colcon-core/packages/turtlebot3_antmobile)
[1.833s] Level 1:colcon.colcon_core.environment:checking '/home/patrick/ros2_ws/install/snapping_turtle_2' for CMake module files
[1.834s] DEBUG:colcon.colcon_core.event_handler.log_command:Invoked command in '/home/patrick/ros2_ws/src/snapping_turtle_2' returned '0': PYTHONPATH=/home/patrick/ros2_ws/install/snapping_turtle_2/lib/python3.8/site-packages:${PYTHONPATH} /usr/bin/python3 setup.py egg_info --egg-base ../../build/snapping_turtle_2 build --build-base /home/patrick/ros2_ws/build/snapping_turtle_2/build install --prefix /home/patrick/ros2_ws/install/snapping_turtle_2 --record /home/patrick/ros2_ws/build/snapping_turtle_2/install.log --single-version-externally-managed
[1.834s] Level 1:colcon.colcon_core.environment:checking '/home/patrick/ros2_ws/install/snapping_turtle_2' for CMake config files
[1.835s] Level 1:colcon.colcon_core.environment:checking '/home/patrick/ros2_ws/install/snapping_turtle_2/lib'
[1.835s] Level 1:colcon.colcon_core.environment:checking '/home/patrick/ros2_ws/install/snapping_turtle_2/bin'
[1.835s] Level 1:colcon.colcon_core.environment:checking '/home/patrick/ros2_ws/install/snapping_turtle_2/lib/pkgconfig/snapping_turtle_2.pc'
[1.835s] Level 1:colcon.colcon_core.environment:checking '/home/patrick/ros2_ws/install/snapping_turtle_2/lib/python3.8/site-packages'
[1.835s] Level 1:colcon.colcon_core.shell:create_environment_hook('snapping_turtle_2', 'pythonpath')
[1.838s] INFO:colcon.colcon_core.shell:Creating environment hook '/home/patrick/ros2_ws/install/snapping_turtle_2/share/snapping_turtle_2/hook/pythonpath.ps1'
[1.838s] INFO:colcon.colcon_core.shell:Creating environment descriptor '/home/patrick/ros2_ws/install/snapping_turtle_2/share/snapping_turtle_2/hook/pythonpath.dsv'
[1.839s] INFO:colcon.colcon_core.shell:Creating environment hook '/home/patrick/ros2_ws/install/snapping_turtle_2/share/snapping_turtle_2/hook/pythonpath.sh'
[1.839s] Level 1:colcon.colcon_core.environment:checking '/home/patrick/ros2_ws/install/snapping_turtle_2/bin'
[1.839s] Level 1:colcon.colcon_core.environment:create_environment_scripts_only(snapping_turtle_2)
[1.841s] INFO:colcon.colcon_core.shell:Creating package script '/home/patrick/ros2_ws/install/snapping_turtle_2/share/snapping_turtle_2/package.ps1'
[1.842s] INFO:colcon.colcon_core.shell:Creating package descriptor '/home/patrick/ros2_ws/install/snapping_turtle_2/share/snapping_turtle_2/package.dsv'
[1.842s] INFO:colcon.colcon_core.shell:Creating package script '/home/patrick/ros2_ws/install/snapping_turtle_2/share/snapping_turtle_2/package.sh'
[1.843s] INFO:colcon.colcon_core.shell:Creating package script '/home/patrick/ros2_ws/install/snapping_turtle_2/share/snapping_turtle_2/package.bash'
[1.843s] INFO:colcon.colcon_core.shell:Creating package script '/home/patrick/ros2_ws/install/snapping_turtle_2/share/snapping_turtle_2/package.zsh'
[1.843s] Level 1:colcon.colcon_core.environment:create_file_with_runtime_dependencies(/home/patrick/ros2_ws/install/snapping_turtle_2/share/colcon-core/packages/snapping_turtle_2)
[1.846s] Level 1:colcon.colcon_core.environment:checking '/home/patrick/ros2_ws/install/snapping_turtle' for CMake module files
[1.847s] Level 1:colcon.colcon_core.environment:checking '/home/patrick/ros2_ws/install/snapping_turtle' for CMake config files
[1.847s] DEBUG:colcon.colcon_core.event_handler.log_command:Invoked command in '/home/patrick/ros2_ws/src/snapping_turtle' returned '0': PYTHONPATH=/home/patrick/ros2_ws/install/snapping_turtle/lib/python3.8/site-packages:${PYTHONPATH} /usr/bin/python3 setup.py egg_info --egg-base ../../build/snapping_turtle build --build-base /home/patrick/ros2_ws/build/snapping_turtle/build install --prefix /home/patrick/ros2_ws/install/snapping_turtle --record /home/patrick/ros2_ws/build/snapping_turtle/install.log --single-version-externally-managed
[1.848s] Level 1:colcon.colcon_core.environment:checking '/home/patrick/ros2_ws/install/snapping_turtle/lib'
[1.848s] Level 1:colcon.colcon_core.environment:checking '/home/patrick/ros2_ws/install/snapping_turtle/bin'
[1.848s] Level 1:colcon.colcon_core.environment:checking '/home/patrick/ros2_ws/install/snapping_turtle/lib/pkgconfig/snapping_turtle.pc'
[1.848s] Level 1:colcon.colcon_core.environment:checking '/home/patrick/ros2_ws/install/snapping_turtle/lib/python3.8/site-packages'
[1.848s] Level 1:colcon.colcon_core.shell:create_environment_hook('snapping_turtle', 'pythonpath')
[1.850s] INFO:colcon.colcon_core.shell:Creating environment hook '/home/patrick/ros2_ws/install/snapping_turtle/share/snapping_turtle/hook/pythonpath.ps1'
[1.850s] INFO:colcon.colcon_core.shell:Creating environment descriptor '/home/patrick/ros2_ws/install/snapping_turtle/share/snapping_turtle/hook/pythonpath.dsv'
[1.851s] INFO:colcon.colcon_core.shell:Creating environment hook '/home/patrick/ros2_ws/install/snapping_turtle/share/snapping_turtle/hook/pythonpath.sh'
[1.851s] Level 1:colcon.colcon_core.environment:checking '/home/patrick/ros2_ws/install/snapping_turtle/bin'
[1.851s] Level 1:colcon.colcon_core.environment:create_environment_scripts_only(snapping_turtle)
[1.853s] INFO:colcon.colcon_core.shell:Creating package script '/home/patrick/ros2_ws/install/snapping_turtle/share/snapping_turtle/package.ps1'
[1.854s] INFO:colcon.colcon_core.shell:Creating package descriptor '/home/patrick/ros2_ws/install/snapping_turtle/share/snapping_turtle/package.dsv'
[1.854s] INFO:colcon.colcon_core.shell:Creating package script '/home/patrick/ros2_ws/install/snapping_turtle/share/snapping_turtle/package.sh'
[1.855s] INFO:colcon.colcon_core.shell:Creating package script '/home/patrick/ros2_ws/install/snapping_turtle/share/snapping_turtle/package.bash'
[1.855s] INFO:colcon.colcon_core.shell:Creating package script '/home/patrick/ros2_ws/install/snapping_turtle/share/snapping_turtle/package.zsh'
[1.855s] Level 1:colcon.colcon_core.environment:create_file_with_runtime_dependencies(/home/patrick/ros2_ws/install/snapping_turtle/share/colcon-core/packages/snapping_turtle)
[1.856s] DEBUG:colcon.colcon_parallel_executor.executor.parallel:closing loop
[1.856s] DEBUG:colcon.colcon_parallel_executor.executor.parallel:loop closed
[1.856s] DEBUG:colcon.colcon_parallel_executor.executor.parallel:run_until_complete finished with '0'
[1.856s] DEBUG:colcon.colcon_core.event_reactor:joining thread
[1.862s] INFO:colcon.colcon_core.plugin_system:Skipping extension 'colcon_notification.desktop_notification.terminal_notifier': Not used on non-Darwin systems
[1.863s] INFO:colcon.colcon_core.plugin_system:Skipping extension 'colcon_notification.desktop_notification.win32': Not used on non-Windows systems
[1.863s] INFO:colcon.colcon_notification.desktop_notification:Sending desktop notification using 'notify2'
[1.876s] DEBUG:colcon.colcon_core.event_reactor:joined thread
[1.878s] INFO:colcon.colcon_core.shell:Creating prefix script '/home/patrick/ros2_ws/install/local_setup.ps1'
[1.878s] INFO:colcon.colcon_core.shell:Creating prefix util module '/home/patrick/ros2_ws/install/_local_setup_util_ps1.py'
[1.880s] INFO:colcon.colcon_core.shell:Creating prefix chain script '/home/patrick/ros2_ws/install/setup.ps1'
[1.882s] INFO:colcon.colcon_core.shell:Creating prefix script '/home/patrick/ros2_ws/install/local_setup.sh'
[1.883s] INFO:colcon.colcon_core.shell:Creating prefix util module '/home/patrick/ros2_ws/install/_local_setup_util_sh.py'
[1.883s] INFO:colcon.colcon_core.shell:Creating prefix chain script '/home/patrick/ros2_ws/install/setup.sh'
[1.885s] INFO:colcon.colcon_core.shell:Creating prefix script '/home/patrick/ros2_ws/install/local_setup.bash'
[1.886s] INFO:colcon.colcon_core.shell:Creating prefix chain script '/home/patrick/ros2_ws/install/setup.bash'
[1.888s] INFO:colcon.colcon_core.shell:Creating prefix script '/home/patrick/ros2_ws/install/local_setup.zsh'
[1.888s] INFO:colcon.colcon_core.shell:Creating prefix chain script '/home/patrick/ros2_ws/install/setup.zsh'
