[2.059s] Invoking command in '/home/eirik/ROS_car_project/src/recorder': PYTHONPATH=/home/eirik/ROS_car_project/install/recorder/lib/python3.8/site-packages:${PYTHONPATH} /usr/bin/python3 setup.py egg_info --egg-base ../../build/recorder build --build-base /home/eirik/ROS_car_project/build/recorder/build install --prefix /home/eirik/ROS_car_project/install/recorder --record /home/eirik/ROS_car_project/build/recorder/install.log --single-version-externally-managed
[2.329s] running egg_info
[2.330s] writing ../../build/recorder/recorder.egg-info/PKG-INFO
[2.330s] writing dependency_links to ../../build/recorder/recorder.egg-info/dependency_links.txt
[2.330s] writing entry points to ../../build/recorder/recorder.egg-info/entry_points.txt
[2.331s] writing requirements to ../../build/recorder/recorder.egg-info/requires.txt
[2.331s] writing top-level names to ../../build/recorder/recorder.egg-info/top_level.txt
[2.373s] reading manifest file '../../build/recorder/recorder.egg-info/SOURCES.txt'
[2.374s] writing manifest file '../../build/recorder/recorder.egg-info/SOURCES.txt'
[2.374s] running build
[2.374s] running build_py
[2.374s] running install
[2.376s] running install_lib
[2.377s] running install_data
[2.378s] running install_egg_info
[2.380s] removing '/home/eirik/ROS_car_project/install/recorder/lib/python3.8/site-packages/recorder-0.0.0-py3.8.egg-info' (and everything under it)
[2.380s] Copying ../../build/recorder/recorder.egg-info to /home/eirik/ROS_car_project/install/recorder/lib/python3.8/site-packages/recorder-0.0.0-py3.8.egg-info
[2.381s] running install_scripts
[2.401s] Installing recorder script to /home/eirik/ROS_car_project/install/recorder/lib/recorder
[2.401s] writing list of installed files to '/home/eirik/ROS_car_project/build/recorder/install.log'
[2.437s] Invoked command in '/home/eirik/ROS_car_project/src/recorder' returned '0': PYTHONPATH=/home/eirik/ROS_car_project/install/recorder/lib/python3.8/site-packages:${PYTHONPATH} /usr/bin/python3 setup.py egg_info --egg-base ../../build/recorder build --build-base /home/eirik/ROS_car_project/build/recorder/build install --prefix /home/eirik/ROS_car_project/install/recorder --record /home/eirik/ROS_car_project/build/recorder/install.log --single-version-externally-managed
