[2.111s] Invoking command in '/home/eirik/ROS_car_project/src/turtlebot3_antmobile': PYTHONPATH=/home/eirik/ROS_car_project/install/turtlebot3_antmobile/lib/python3.8/site-packages:${PYTHONPATH} /usr/bin/python3 setup.py egg_info --egg-base ../../build/turtlebot3_antmobile build --build-base /home/eirik/ROS_car_project/build/turtlebot3_antmobile/build install --prefix /home/eirik/ROS_car_project/install/turtlebot3_antmobile --record /home/eirik/ROS_car_project/build/turtlebot3_antmobile/install.log --single-version-externally-managed
[2.385s] running egg_info
[2.385s] writing ../../build/turtlebot3_antmobile/turtlebot3_antmobile.egg-info/PKG-INFO
[2.386s] writing dependency_links to ../../build/turtlebot3_antmobile/turtlebot3_antmobile.egg-info/dependency_links.txt
[2.386s] writing entry points to ../../build/turtlebot3_antmobile/turtlebot3_antmobile.egg-info/entry_points.txt
[2.386s] writing requirements to ../../build/turtlebot3_antmobile/turtlebot3_antmobile.egg-info/requires.txt
[2.386s] writing top-level names to ../../build/turtlebot3_antmobile/turtlebot3_antmobile.egg-info/top_level.txt
[2.435s] reading manifest file '../../build/turtlebot3_antmobile/turtlebot3_antmobile.egg-info/SOURCES.txt'
[2.437s] writing manifest file '../../build/turtlebot3_antmobile/turtlebot3_antmobile.egg-info/SOURCES.txt'
[2.437s] running build
[2.437s] running build_py
[2.437s] running install
[2.438s] running install_lib
[2.440s] running install_data
[2.440s] running install_egg_info
[2.443s] removing '/home/eirik/ROS_car_project/install/turtlebot3_antmobile/lib/python3.8/site-packages/turtlebot3_antmobile-0.0.0-py3.8.egg-info' (and everything under it)
[2.444s] Copying ../../build/turtlebot3_antmobile/turtlebot3_antmobile.egg-info to /home/eirik/ROS_car_project/install/turtlebot3_antmobile/lib/python3.8/site-packages/turtlebot3_antmobile-0.0.0-py3.8.egg-info
[2.444s] running install_scripts
[2.468s] writing list of installed files to '/home/eirik/ROS_car_project/build/turtlebot3_antmobile/install.log'
[2.516s] Invoked command in '/home/eirik/ROS_car_project/src/turtlebot3_antmobile' returned '0': PYTHONPATH=/home/eirik/ROS_car_project/install/turtlebot3_antmobile/lib/python3.8/site-packages:${PYTHONPATH} /usr/bin/python3 setup.py egg_info --egg-base ../../build/turtlebot3_antmobile build --build-base /home/eirik/ROS_car_project/build/turtlebot3_antmobile/build install --prefix /home/eirik/ROS_car_project/install/turtlebot3_antmobile --record /home/eirik/ROS_car_project/build/turtlebot3_antmobile/install.log --single-version-externally-managed
