/home/eirik/ROS_car_project/install/turtlebot/lib/python3.8/site-packages/turtlebot/turtlebot_controller_publisher.py
/home/eirik/ROS_car_project/install/turtlebot/lib/python3.8/site-packages/turtlebot/file.py
/home/eirik/ROS_car_project/install/turtlebot/lib/python3.8/site-packages/turtlebot/controller_publisher_utils.py
/home/eirik/ROS_car_project/install/turtlebot/lib/python3.8/site-packages/turtlebot/controller_with_MV.py
/home/eirik/ROS_car_project/install/turtlebot/lib/python3.8/site-packages/turtlebot/__init__.py
/home/eirik/ROS_car_project/install/turtlebot/lib/python3.8/site-packages/turtlebot/__pycache__/turtlebot_controller_publisher.cpython-38.pyc
/home/eirik/ROS_car_project/install/turtlebot/lib/python3.8/site-packages/turtlebot/__pycache__/file.cpython-38.pyc
/home/eirik/ROS_car_project/install/turtlebot/lib/python3.8/site-packages/turtlebot/__pycache__/controller_publisher_utils.cpython-38.pyc
/home/eirik/ROS_car_project/install/turtlebot/lib/python3.8/site-packages/turtlebot/__pycache__/controller_with_MV.cpython-38.pyc
/home/eirik/ROS_car_project/install/turtlebot/lib/python3.8/site-packages/turtlebot/__pycache__/__init__.cpython-38.pyc
/home/eirik/ROS_car_project/install/turtlebot/share/ament_index/resource_index/packages/turtlebot
/home/eirik/ROS_car_project/install/turtlebot/share/turtlebot/package.xml
/home/eirik/ROS_car_project/install/turtlebot/lib/python3.8/site-packages/turtlebot-0.0.0-py3.8.egg-info/requires.txt
/home/eirik/ROS_car_project/install/turtlebot/lib/python3.8/site-packages/turtlebot-0.0.0-py3.8.egg-info/entry_points.txt
/home/eirik/ROS_car_project/install/turtlebot/lib/python3.8/site-packages/turtlebot-0.0.0-py3.8.egg-info/top_level.txt
/home/eirik/ROS_car_project/install/turtlebot/lib/python3.8/site-packages/turtlebot-0.0.0-py3.8.egg-info/SOURCES.txt
/home/eirik/ROS_car_project/install/turtlebot/lib/python3.8/site-packages/turtlebot-0.0.0-py3.8.egg-info/dependency_links.txt
/home/eirik/ROS_car_project/install/turtlebot/lib/python3.8/site-packages/turtlebot-0.0.0-py3.8.egg-info/zip-safe
/home/eirik/ROS_car_project/install/turtlebot/lib/python3.8/site-packages/turtlebot-0.0.0-py3.8.egg-info/PKG-INFO
/home/eirik/ROS_car_project/install/turtlebot/lib/turtlebot/turtlebot_controller_publisher
