[0.946s] Invoking command in '/home/patrick/ros2_ws/src/snapping_turtle': PYTHONPATH=/home/patrick/ros2_ws/install/snapping_turtle/lib/python3.8/site-packages:${PYTHONPATH} /usr/bin/python3 setup.py egg_info --egg-base ../../build/snapping_turtle build --build-base /home/patrick/ros2_ws/build/snapping_turtle/build install --prefix /home/patrick/ros2_ws/install/snapping_turtle --record /home/patrick/ros2_ws/build/snapping_turtle/install.log --single-version-externally-managed
[1.142s] running egg_info
[1.142s] writing ../../build/snapping_turtle/snapping_turtle.egg-info/PKG-INFO
[1.142s] writing dependency_links to ../../build/snapping_turtle/snapping_turtle.egg-info/dependency_links.txt
[1.143s] writing entry points to ../../build/snapping_turtle/snapping_turtle.egg-info/entry_points.txt
[1.143s] writing requirements to ../../build/snapping_turtle/snapping_turtle.egg-info/requires.txt
[1.143s] writing top-level names to ../../build/snapping_turtle/snapping_turtle.egg-info/top_level.txt
[1.173s] reading manifest file '../../build/snapping_turtle/snapping_turtle.egg-info/SOURCES.txt'
[1.174s] writing manifest file '../../build/snapping_turtle/snapping_turtle.egg-info/SOURCES.txt'
[1.174s] running build
[1.174s] running build_py
[1.174s] copying snapping_turtle/__init__.py -> /home/patrick/ros2_ws/build/snapping_turtle/build/lib/snapping_turtle
[1.174s] running install
[1.175s] running install_lib
[1.176s] copying /home/patrick/ros2_ws/build/snapping_turtle/build/lib/snapping_turtle/__init__.py -> /home/patrick/ros2_ws/install/snapping_turtle/lib/python3.8/site-packages/snapping_turtle
[1.176s] byte-compiling /home/patrick/ros2_ws/install/snapping_turtle/lib/python3.8/site-packages/snapping_turtle/__init__.py to __init__.cpython-38.pyc
[1.177s] running install_data
[1.177s] running install_egg_info
[1.179s] removing '/home/patrick/ros2_ws/install/snapping_turtle/lib/python3.8/site-packages/snapping_turtle-0.0.0-py3.8.egg-info' (and everything under it)
[1.179s] Copying ../../build/snapping_turtle/snapping_turtle.egg-info to /home/patrick/ros2_ws/install/snapping_turtle/lib/python3.8/site-packages/snapping_turtle-0.0.0-py3.8.egg-info
[1.181s] running install_scripts
[1.196s] writing list of installed files to '/home/patrick/ros2_ws/build/snapping_turtle/install.log'
