[1.136s] Invoking command in '/home/patrick/ros2_ws/src/snapping_turtle': PYTHONPATH=/home/patrick/ros2_ws/install/snapping_turtle/lib/python3.8/site-packages:${PYTHONPATH} /usr/bin/python3 setup.py egg_info --egg-base ../../build/snapping_turtle build --build-base /home/patrick/ros2_ws/build/snapping_turtle/build install --prefix /home/patrick/ros2_ws/install/snapping_turtle --record /home/patrick/ros2_ws/build/snapping_turtle/install.log --single-version-externally-managed
[1.350s] running egg_info
[1.350s] writing ../../build/snapping_turtle/snapping_turtle.egg-info/PKG-INFO
[1.351s] writing dependency_links to ../../build/snapping_turtle/snapping_turtle.egg-info/dependency_links.txt
[1.351s] writing entry points to ../../build/snapping_turtle/snapping_turtle.egg-info/entry_points.txt
[1.351s] writing requirements to ../../build/snapping_turtle/snapping_turtle.egg-info/requires.txt
[1.351s] writing top-level names to ../../build/snapping_turtle/snapping_turtle.egg-info/top_level.txt
[1.385s] reading manifest file '../../build/snapping_turtle/snapping_turtle.egg-info/SOURCES.txt'
[1.386s] writing manifest file '../../build/snapping_turtle/snapping_turtle.egg-info/SOURCES.txt'
[1.386s] running build
[1.386s] running build_py
[1.386s] running install
[1.387s] running install_lib
[1.388s] running install_data
[1.388s] running install_egg_info
[1.390s] removing '/home/patrick/ros2_ws/install/snapping_turtle/lib/python3.8/site-packages/snapping_turtle-0.0.0-py3.8.egg-info' (and everything under it)
[1.390s] Copying ../../build/snapping_turtle/snapping_turtle.egg-info to /home/patrick/ros2_ws/install/snapping_turtle/lib/python3.8/site-packages/snapping_turtle-0.0.0-py3.8.egg-info
[1.391s] running install_scripts
[1.409s] writing list of installed files to '/home/patrick/ros2_ws/build/snapping_turtle/install.log'
[1.436s] Invoked command in '/home/patrick/ros2_ws/src/snapping_turtle' returned '0': PYTHONPATH=/home/patrick/ros2_ws/install/snapping_turtle/lib/python3.8/site-packages:${PYTHONPATH} /usr/bin/python3 setup.py egg_info --egg-base ../../build/snapping_turtle build --build-base /home/patrick/ros2_ws/build/snapping_turtle/build install --prefix /home/patrick/ros2_ws/install/snapping_turtle --record /home/patrick/ros2_ws/build/snapping_turtle/install.log --single-version-externally-managed
