[2.136s] Invoking command in '/home/eirik/ROS_car_project/src/turtlebot': PYTHONPATH=/home/eirik/ROS_car_project/install/turtlebot/lib/python3.8/site-packages:${PYTHONPATH} /usr/bin/python3 setup.py egg_info --egg-base ../../build/turtlebot build --build-base /home/eirik/ROS_car_project/build/turtlebot/build install --prefix /home/eirik/ROS_car_project/install/turtlebot --record /home/eirik/ROS_car_project/build/turtlebot/install.log --single-version-externally-managed
[2.405s] running egg_info
[2.406s] writing ../../build/turtlebot/turtlebot.egg-info/PKG-INFO
[2.406s] writing dependency_links to ../../build/turtlebot/turtlebot.egg-info/dependency_links.txt
[2.407s] writing entry points to ../../build/turtlebot/turtlebot.egg-info/entry_points.txt
[2.407s] writing requirements to ../../build/turtlebot/turtlebot.egg-info/requires.txt
[2.407s] writing top-level names to ../../build/turtlebot/turtlebot.egg-info/top_level.txt
[2.450s] reading manifest file '../../build/turtlebot/turtlebot.egg-info/SOURCES.txt'
[2.451s] writing manifest file '../../build/turtlebot/turtlebot.egg-info/SOURCES.txt'
[2.452s] running build
[2.452s] running build_py
[2.453s] running install
[2.453s] running install_lib
[2.455s] running install_data
[2.455s] running install_egg_info
[2.458s] removing '/home/eirik/ROS_car_project/install/turtlebot/lib/python3.8/site-packages/turtlebot-0.0.0-py3.8.egg-info' (and everything under it)
[2.459s] Copying ../../build/turtlebot/turtlebot.egg-info to /home/eirik/ROS_car_project/install/turtlebot/lib/python3.8/site-packages/turtlebot-0.0.0-py3.8.egg-info
[2.460s] running install_scripts
[2.492s] Installing turtlebot_controller_publisher script to /home/eirik/ROS_car_project/install/turtlebot/lib/turtlebot
[2.493s] writing list of installed files to '/home/eirik/ROS_car_project/build/turtlebot/install.log'
[2.564s] Invoked command in '/home/eirik/ROS_car_project/src/turtlebot' returned '0': PYTHONPATH=/home/eirik/ROS_car_project/install/turtlebot/lib/python3.8/site-packages:${PYTHONPATH} /usr/bin/python3 setup.py egg_info --egg-base ../../build/turtlebot build --build-base /home/eirik/ROS_car_project/build/turtlebot/build install --prefix /home/eirik/ROS_car_project/install/turtlebot --record /home/eirik/ROS_car_project/build/turtlebot/install.log --single-version-externally-managed
