running egg_info
writing ../../build/snapping_turtle_2/snapping_turtle_2.egg-info/PKG-INFO
writing dependency_links to ../../build/snapping_turtle_2/snapping_turtle_2.egg-info/dependency_links.txt
writing entry points to ../../build/snapping_turtle_2/snapping_turtle_2.egg-info/entry_points.txt
writing requirements to ../../build/snapping_turtle_2/snapping_turtle_2.egg-info/requires.txt
writing top-level names to ../../build/snapping_turtle_2/snapping_turtle_2.egg-info/top_level.txt
reading manifest file '../../build/snapping_turtle_2/snapping_turtle_2.egg-info/SOURCES.txt'
writing manifest file '../../build/snapping_turtle_2/snapping_turtle_2.egg-info/SOURCES.txt'
running build
running build_py
copying snapping_turtle_2/snap_snap.py -> /home/patrick/ros2_ws/build/snapping_turtle_2/build/lib/snapping_turtle_2
copying snapping_turtle_2/chomp_chomp.py -> /home/patrick/ros2_ws/build/snapping_turtle_2/build/lib/snapping_turtle_2
running install
running install_lib
copying /home/patrick/ros2_ws/build/snapping_turtle_2/build/lib/snapping_turtle_2/snap_snap.py -> /home/patrick/ros2_ws/install/snapping_turtle_2/lib/python3.8/site-packages/snapping_turtle_2
copying /home/patrick/ros2_ws/build/snapping_turtle_2/build/lib/snapping_turtle_2/chomp_chomp.py -> /home/patrick/ros2_ws/install/snapping_turtle_2/lib/python3.8/site-packages/snapping_turtle_2
byte-compiling /home/patrick/ros2_ws/install/snapping_turtle_2/lib/python3.8/site-packages/snapping_turtle_2/snap_snap.py to snap_snap.cpython-38.pyc
byte-compiling /home/patrick/ros2_ws/install/snapping_turtle_2/lib/python3.8/site-packages/snapping_turtle_2/chomp_chomp.py to chomp_chomp.cpython-38.pyc
running install_data
running install_egg_info
removing '/home/patrick/ros2_ws/install/snapping_turtle_2/lib/python3.8/site-packages/snapping_turtle_2-0.0.0-py3.8.egg-info' (and everything under it)
Copying ../../build/snapping_turtle_2/snapping_turtle_2.egg-info to /home/patrick/ros2_ws/install/snapping_turtle_2/lib/python3.8/site-packages/snapping_turtle_2-0.0.0-py3.8.egg-info
running install_scripts
Installing snap_snap script to /home/patrick/ros2_ws/install/snapping_turtle_2/lib/snapping_turtle_2
writing list of installed files to '/home/patrick/ros2_ws/build/snapping_turtle_2/install.log'
